{
    "/Users/eerongrant/2.0/homepairs/homepairsUI/jest.config.js": {
        "path": "/Users/eerongrant/2.0/homepairs/homepairsUI/jest.config.js",
        "statementMap": {
            "0": {
                "start": { "line": 1, "column": 53 },
                "end": { "line": 1, "column": 72 }
            },
            "1": {
                "start": { "line": 1, "column": 73 },
                "end": { "line": 1, "column": 318 }
            },
            "2": {
                "start": { "line": 1, "column": 122 },
                "end": { "line": 1, "column": 158 }
            },
            "3": {
                "start": { "line": 1, "column": 159 },
                "end": { "line": 1, "column": 286 }
            },
            "4": {
                "start": { "line": 1, "column": 179 },
                "end": { "line": 1, "column": 286 }
            },
            "5": {
                "start": { "line": 1, "column": 220 },
                "end": { "line": 1, "column": 283 }
            },
            "6": {
                "start": { "line": 1, "column": 286 },
                "end": { "line": 1, "column": 317 }
            },
            "7": {
                "start": { "line": 1, "column": 318 },
                "end": { "line": 1, "column": 330 }
            },
            "8": {
                "start": { "line": 1, "column": 363 },
                "end": { "line": 1, "column": 867 }
            },
            "9": {
                "start": { "line": 1, "column": 376 },
                "end": { "line": 1, "column": 377 }
            },
            "10": {
                "start": { "line": 1, "column": 420 },
                "end": { "line": 1, "column": 460 }
            },
            "11": {
                "start": { "line": 1, "column": 461 },
                "end": { "line": 1, "column": 866 }
            },
            "12": {
                "start": { "line": 1, "column": 473 },
                "end": { "line": 1, "column": 605 }
            },
            "13": {
                "start": { "line": 1, "column": 527 },
                "end": { "line": 1, "column": 602 }
            },
            "14": {
                "start": { "line": 1, "column": 612 },
                "end": { "line": 1, "column": 866 }
            },
            "15": {
                "start": { "line": 1, "column": 651 },
                "end": { "line": 1, "column": 725 }
            },
            "16": {
                "start": { "line": 1, "column": 733 },
                "end": { "line": 1, "column": 865 }
            },
            "17": {
                "start": { "line": 1, "column": 781 },
                "end": { "line": 1, "column": 862 }
            },
            "18": {
                "start": { "line": 1, "column": 867 },
                "end": { "line": 1, "column": 881 }
            },
            "19": {
                "start": { "line": 4, "column": 0 },
                "end": { "line": 33, "column": 54 }
            }
        },
        "fnMap": {
            "0": {
                "name": "ownKeys",
                "decl": {
                    "start": { "line": 1, "column": 9 },
                    "end": { "line": 1, "column": 16 }
                },
                "loc": {
                    "start": { "line": 1, "column": 41 },
                    "end": { "line": 1, "column": 331 }
                },
                "line": 1
            },
            "1": {
                "name": "(anonymous_1)",
                "decl": {
                    "start": { "line": 1, "column": 204 },
                    "end": { "line": 1, "column": 205 }
                },
                "loc": {
                    "start": { "line": 1, "column": 219 },
                    "end": { "line": 1, "column": 284 }
                },
                "line": 1
            },
            "2": {
                "name": "_objectSpread",
                "decl": {
                    "start": { "line": 1, "column": 340 },
                    "end": { "line": 1, "column": 353 }
                },
                "loc": {
                    "start": { "line": 1, "column": 362 },
                    "end": { "line": 1, "column": 882 }
                },
                "line": 1
            },
            "3": {
                "name": "(anonymous_3)",
                "decl": {
                    "start": { "line": 1, "column": 511 },
                    "end": { "line": 1, "column": 512 }
                },
                "loc": {
                    "start": { "line": 1, "column": 526 },
                    "end": { "line": 1, "column": 603 }
                },
                "line": 1
            },
            "4": {
                "name": "(anonymous_4)",
                "decl": {
                    "start": { "line": 1, "column": 765 },
                    "end": { "line": 1, "column": 766 }
                },
                "loc": {
                    "start": { "line": 1, "column": 780 },
                    "end": { "line": 1, "column": 863 }
                },
                "line": 1
            }
        },
        "branchMap": {
            "0": {
                "loc": {
                    "start": { "line": 1, "column": 73 },
                    "end": { "line": 1, "column": 318 }
                },
                "type": "if",
                "locations": [
                    {
                        "start": { "line": 1, "column": 73 },
                        "end": { "line": 1, "column": 318 }
                    },
                    {
                        "start": { "line": 1, "column": 73 },
                        "end": { "line": 1, "column": 318 }
                    }
                ],
                "line": 1
            },
            "1": {
                "loc": {
                    "start": { "line": 1, "column": 159 },
                    "end": { "line": 1, "column": 286 }
                },
                "type": "if",
                "locations": [
                    {
                        "start": { "line": 1, "column": 159 },
                        "end": { "line": 1, "column": 286 }
                    },
                    {
                        "start": { "line": 1, "column": 159 },
                        "end": { "line": 1, "column": 286 }
                    }
                ],
                "line": 1
            },
            "2": {
                "loc": {
                    "start": { "line": 1, "column": 420 },
                    "end": { "line": 1, "column": 460 }
                },
                "type": "cond-expr",
                "locations": [
                    {
                        "start": { "line": 1, "column": 443 },
                        "end": { "line": 1, "column": 455 }
                    },
                    {
                        "start": { "line": 1, "column": 458 },
                        "end": { "line": 1, "column": 460 }
                    }
                ],
                "line": 1
            },
            "3": {
                "loc": {
                    "start": { "line": 1, "column": 461 },
                    "end": { "line": 1, "column": 866 }
                },
                "type": "if",
                "locations": [
                    {
                        "start": { "line": 1, "column": 461 },
                        "end": { "line": 1, "column": 866 }
                    },
                    {
                        "start": { "line": 1, "column": 461 },
                        "end": { "line": 1, "column": 866 }
                    }
                ],
                "line": 1
            },
            "4": {
                "loc": {
                    "start": { "line": 1, "column": 612 },
                    "end": { "line": 1, "column": 866 }
                },
                "type": "if",
                "locations": [
                    {
                        "start": { "line": 1, "column": 612 },
                        "end": { "line": 1, "column": 866 }
                    },
                    {
                        "start": { "line": 1, "column": 612 },
                        "end": { "line": 1, "column": 866 }
                    }
                ],
                "line": 1
            }
        },
        "s": {
            "0": 0,
            "1": 0,
            "2": 0,
            "3": 0,
            "4": 0,
            "5": 0,
            "6": 0,
            "7": 0,
            "8": 0,
            "9": 0,
            "10": 0,
            "11": 0,
            "12": 0,
            "13": 0,
            "14": 0,
            "15": 0,
            "16": 0,
            "17": 0,
            "18": 0,
            "19": 0
        },
        "f": { "0": 0, "1": 0, "2": 0, "3": 0, "4": 0 },
        "b": {
            "0": [0, 0],
            "1": [0, 0],
            "2": [0, 0],
            "3": [0, 0],
            "4": [0, 0]
        },
        "hash": "d30463fda9425ecfe076d148f7493780f4821e24"
    },
    "/Users/eerongrant/2.0/homepairs/homepairsUI/scripts/fonts.js": {
        "path": "/Users/eerongrant/2.0/homepairs/homepairsUI/scripts/fonts.js",
        "statementMap": {
            "0": {
                "start": { "line": 13, "column": 20 },
                "end": { "line": 20, "column": 1 }
            },
            "1": {
                "start": { "line": 14, "column": 14 },
                "end": { "line": 18, "column": 4 }
            },
            "2": {
                "start": { "line": 17, "column": 4 },
                "end": { "line": 17, "column": 36 }
            },
            "3": {
                "start": { "line": 19, "column": 2 },
                "end": { "line": 19, "column": 36 }
            },
            "4": {
                "start": { "line": 22, "column": 15 },
                "end": { "line": 57, "column": 1 }
            },
            "5": {
                "start": { "line": 23, "column": 25 },
                "end": { "line": 30, "column": 12 }
            },
            "6": {
                "start": { "line": 25, "column": 14 },
                "end": { "line": 25, "column": 37 }
            },
            "7": {
                "start": { "line": 26, "column": 4 },
                "end": { "line": 27, "column": 79 }
            },
            "8": {
                "start": { "line": 32, "column": 19 },
                "end": { "line": 36, "column": 16 }
            },
            "9": {
                "start": { "line": 34, "column": 14 },
                "end": { "line": 34, "column": 37 }
            },
            "10": {
                "start": { "line": 35, "column": 4 },
                "end": { "line": 35, "column": 89 }
            },
            "11": {
                "start": { "line": 38, "column": 15 },
                "end": { "line": 52, "column": 22 }
            },
            "12": {
                "start": { "line": 56, "column": 2 },
                "end": { "line": 56, "column": 67 }
            },
            "13": {
                "start": { "line": 59, "column": 18 },
                "end": { "line": 86, "column": 1 }
            },
            "14": {
                "start": { "line": 60, "column": 25 },
                "end": { "line": 65, "column": 13 }
            },
            "15": {
                "start": { "line": 62, "column": 14 },
                "end": { "line": 62, "column": 37 }
            },
            "16": {
                "start": { "line": 63, "column": 4 },
                "end": { "line": 63, "column": 89 }
            },
            "17": {
                "start": { "line": 67, "column": 19 },
                "end": { "line": 71, "column": 16 }
            },
            "18": {
                "start": { "line": 69, "column": 14 },
                "end": { "line": 69, "column": 37 }
            },
            "19": {
                "start": { "line": 70, "column": 4 },
                "end": { "line": 70, "column": 89 }
            },
            "20": {
                "start": { "line": 73, "column": 15 },
                "end": { "line": 81, "column": 22 }
            },
            "21": {
                "start": { "line": 85, "column": 2 },
                "end": { "line": 85, "column": 63 }
            },
            "22": {
                "start": { "line": 89, "column": 0 },
                "end": { "line": 89, "column": 11 }
            },
            "23": {
                "start": { "line": 90, "column": 0 },
                "end": { "line": 90, "column": 14 }
            }
        },
        "fnMap": {
            "0": {
                "name": "fontFileNames",
                "decl": {
                    "start": { "line": 13, "column": 29 },
                    "end": { "line": 13, "column": 42 }
                },
                "loc": {
                    "start": { "line": 13, "column": 45 },
                    "end": { "line": 20, "column": 1 }
                },
                "line": 13
            },
            "1": {
                "name": "(anonymous_1)",
                "decl": {
                    "start": { "line": 16, "column": 6 },
                    "end": { "line": 16, "column": 7 }
                },
                "loc": {
                    "start": { "line": 16, "column": 22 },
                    "end": { "line": 18, "column": 3 }
                },
                "line": 16
            },
            "2": {
                "name": "generate",
                "decl": {
                    "start": { "line": 22, "column": 24 },
                    "end": { "line": 22, "column": 32 }
                },
                "loc": {
                    "start": { "line": 22, "column": 35 },
                    "end": { "line": 57, "column": 1 }
                },
                "line": 22
            },
            "3": {
                "name": "(anonymous_3)",
                "decl": {
                    "start": { "line": 24, "column": 6 },
                    "end": { "line": 24, "column": 7 }
                },
                "loc": {
                    "start": { "line": 24, "column": 22 },
                    "end": { "line": 29, "column": 3 }
                },
                "line": 24
            },
            "4": {
                "name": "(anonymous_4)",
                "decl": {
                    "start": { "line": 33, "column": 6 },
                    "end": { "line": 33, "column": 7 }
                },
                "loc": {
                    "start": { "line": 33, "column": 22 },
                    "end": { "line": 36, "column": 3 }
                },
                "line": 33
            },
            "5": {
                "name": "generateWeb",
                "decl": {
                    "start": { "line": 59, "column": 27 },
                    "end": { "line": 59, "column": 38 }
                },
                "loc": {
                    "start": { "line": 59, "column": 41 },
                    "end": { "line": 86, "column": 1 }
                },
                "line": 59
            },
            "6": {
                "name": "(anonymous_6)",
                "decl": {
                    "start": { "line": 61, "column": 6 },
                    "end": { "line": 61, "column": 7 }
                },
                "loc": {
                    "start": { "line": 61, "column": 22 },
                    "end": { "line": 64, "column": 3 }
                },
                "line": 61
            },
            "7": {
                "name": "(anonymous_7)",
                "decl": {
                    "start": { "line": 68, "column": 6 },
                    "end": { "line": 68, "column": 7 }
                },
                "loc": {
                    "start": { "line": 68, "column": 22 },
                    "end": { "line": 71, "column": 3 }
                },
                "line": 68
            }
        },
        "branchMap": {},
        "s": {
            "0": 0,
            "1": 0,
            "2": 0,
            "3": 0,
            "4": 0,
            "5": 0,
            "6": 0,
            "7": 0,
            "8": 0,
            "9": 0,
            "10": 0,
            "11": 0,
            "12": 0,
            "13": 0,
            "14": 0,
            "15": 0,
            "16": 0,
            "17": 0,
            "18": 0,
            "19": 0,
            "20": 0,
            "21": 0,
            "22": 0,
            "23": 0
        },
        "f": { "0": 0, "1": 0, "2": 0, "3": 0, "4": 0, "5": 0, "6": 0, "7": 0 },
        "b": {},
        "hash": "9edcea389534703b095e097511d84769911701c1"
    },
    "/Users/eerongrant/2.0/homepairs/homepairsUI/scripts/images.js": {
        "path": "/Users/eerongrant/2.0/homepairs/homepairsUI/scripts/images.js",
        "statementMap": {
            "0": {
                "start": { "line": 3, "column": 21 },
                "end": { "line": 14, "column": 1 }
            },
            "1": {
                "start": { "line": 4, "column": 14 },
                "end": { "line": 11, "column": 4 }
            },
            "2": {
                "start": { "line": 7, "column": 4 },
                "end": { "line": 7, "column": 33 }
            },
            "3": {
                "start": { "line": 10, "column": 4 },
                "end": { "line": 10, "column": 36 }
            },
            "4": {
                "start": { "line": 13, "column": 2 },
                "end": { "line": 13, "column": 36 }
            },
            "5": {
                "start": { "line": 16, "column": 15 },
                "end": { "line": 35, "column": 1 }
            },
            "6": {
                "start": { "line": 17, "column": 19 },
                "end": { "line": 21, "column": 13 }
            },
            "7": {
                "start": { "line": 19, "column": 4 },
                "end": { "line": 19, "column": 78 }
            },
            "8": {
                "start": { "line": 23, "column": 21 },
                "end": { "line": 27, "column": 11 }
            },
            "9": {
                "start": { "line": 25, "column": 4 },
                "end": { "line": 25, "column": 25 }
            },
            "10": {
                "start": { "line": 28, "column": 15 },
                "end": { "line": 30, "column": 24 }
            },
            "11": {
                "start": { "line": 34, "column": 2 },
                "end": { "line": 34, "column": 64 }
            },
            "12": {
                "start": { "line": 37, "column": 0 },
                "end": { "line": 37, "column": 11 }
            }
        },
        "fnMap": {
            "0": {
                "name": "imageFileNames",
                "decl": {
                    "start": { "line": 3, "column": 30 },
                    "end": { "line": 3, "column": 44 }
                },
                "loc": {
                    "start": { "line": 3, "column": 47 },
                    "end": { "line": 14, "column": 1 }
                },
                "line": 3
            },
            "1": {
                "name": "(anonymous_1)",
                "decl": {
                    "start": { "line": 6, "column": 9 },
                    "end": { "line": 6, "column": 10 }
                },
                "loc": {
                    "start": { "line": 6, "column": 25 },
                    "end": { "line": 8, "column": 3 }
                },
                "line": 6
            },
            "2": {
                "name": "(anonymous_2)",
                "decl": {
                    "start": { "line": 9, "column": 6 },
                    "end": { "line": 9, "column": 7 }
                },
                "loc": {
                    "start": { "line": 9, "column": 22 },
                    "end": { "line": 11, "column": 3 }
                },
                "line": 9
            },
            "3": {
                "name": "generate",
                "decl": {
                    "start": { "line": 16, "column": 24 },
                    "end": { "line": 16, "column": 32 }
                },
                "loc": {
                    "start": { "line": 16, "column": 35 },
                    "end": { "line": 35, "column": 1 }
                },
                "line": 16
            },
            "4": {
                "name": "(anonymous_4)",
                "decl": {
                    "start": { "line": 18, "column": 6 },
                    "end": { "line": 18, "column": 7 }
                },
                "loc": {
                    "start": { "line": 18, "column": 22 },
                    "end": { "line": 20, "column": 3 }
                },
                "line": 18
            },
            "5": {
                "name": "(anonymous_5)",
                "decl": {
                    "start": { "line": 24, "column": 6 },
                    "end": { "line": 24, "column": 7 }
                },
                "loc": {
                    "start": { "line": 24, "column": 22 },
                    "end": { "line": 26, "column": 3 }
                },
                "line": 24
            }
        },
        "branchMap": {},
        "s": {
            "0": 0,
            "1": 0,
            "2": 0,
            "3": 0,
            "4": 0,
            "5": 0,
            "6": 0,
            "7": 0,
            "8": 0,
            "9": 0,
            "10": 0,
            "11": 0,
            "12": 0
        },
        "f": { "0": 0, "1": 0, "2": 0, "3": 0, "4": 0, "5": 0 },
        "b": {},
        "hash": "f615ac0e27d185afb85f4922c24099a2e7930282"
    },
    "/Users/eerongrant/2.0/homepairs/homepairsUI/tests/setup/fileMock.js": {
        "path": "/Users/eerongrant/2.0/homepairs/homepairsUI/tests/setup/fileMock.js",
        "statementMap": {
            "0": {
                "start": { "line": 1, "column": 0 },
                "end": { "line": 1, "column": 34 }
            }
        },
        "fnMap": {},
        "branchMap": {},
        "s": { "0": 0 },
        "f": {},
        "b": {},
        "hash": "f514ceee8793c5111e95e1892f71bcb6752cc7f4"
    },
    "/Users/eerongrant/2.0/homepairs/homepairsUI/tests/setup/styleMock.js": {
        "path": "/Users/eerongrant/2.0/homepairs/homepairsUI/tests/setup/styleMock.js",
        "statementMap": {
            "0": {
                "start": { "line": 1, "column": 0 },
                "end": { "line": 1, "column": 20 }
            }
        },
        "fnMap": {},
        "branchMap": {},
        "s": { "0": 0 },
        "f": {},
        "b": {},
        "hash": "458ce2e5cae9170df23af7e3922b6f71cf4f9caf"
    },
    "/Users/eerongrant/2.0/homepairs/homepairsUI/tests/setup/test-setup.js": {
        "path": "/Users/eerongrant/2.0/homepairs/homepairsUI/tests/setup/test-setup.js",
        "statementMap": {
            "0": {
                "start": { "line": 1, "column": 42 },
                "end": { "line": 1, "column": 97 }
            },
            "1": {
                "start": { "line": 1, "column": 128 },
                "end": { "line": 1, "column": 184 }
            },
            "2": {
                "start": { "line": 1, "column": 185 },
                "end": { "line": 1, "column": 247 }
            },
            "3": {
                "start": { "line": 1, "column": 247 },
                "end": { "line": 1, "column": 358 }
            },
            "4": {
                "start": { "line": 1, "column": 330 },
                "end": { "line": 1, "column": 353 }
            },
            "5": {
                "start": { "line": 1, "column": 358 },
                "end": { "line": 1, "column": 467 }
            },
            "6": {
                "start": { "line": 1, "column": 440 },
                "end": { "line": 1, "column": 462 }
            },
            "7": {
                "start": { "line": 1, "column": 467 },
                "end": { "line": 1, "column": 574 }
            },
            "8": {
                "start": { "line": 1, "column": 548 },
                "end": { "line": 1, "column": 569 }
            },
            "9": {
                "start": { "line": 1, "column": 574 },
                "end": { "line": 1, "column": 599 }
            },
            "10": {
                "start": { "line": 1, "column": 613 },
                "end": { "line": 1, "column": 655 }
            },
            "11": {
                "start": { "line": 2, "column": 26 },
                "end": { "line": 2, "column": 84 }
            },
            "12": {
                "start": { "line": 5, "column": 0 },
                "end": { "line": 5, "column": 74 }
            },
            "13": {
                "start": { "line": 7, "column": 0 },
                "end": { "line": 7, "column": 15 }
            },
            "14": {
                "start": { "line": 7, "column": 16 },
                "end": { "line": 7, "column": 43 }
            }
        },
        "fnMap": {
            "0": {
                "name": "get",
                "decl": {
                    "start": { "line": 1, "column": 323 },
                    "end": { "line": 1, "column": 326 }
                },
                "loc": {
                    "start": { "line": 1, "column": 329 },
                    "end": { "line": 1, "column": 354 }
                },
                "line": 1
            },
            "1": {
                "name": "get",
                "decl": {
                    "start": { "line": 1, "column": 433 },
                    "end": { "line": 1, "column": 436 }
                },
                "loc": {
                    "start": { "line": 1, "column": 439 },
                    "end": { "line": 1, "column": 463 }
                },
                "line": 1
            },
            "2": {
                "name": "get",
                "decl": {
                    "start": { "line": 1, "column": 541 },
                    "end": { "line": 1, "column": 544 }
                },
                "loc": {
                    "start": { "line": 1, "column": 547 },
                    "end": { "line": 1, "column": 570 }
                },
                "line": 1
            }
        },
        "branchMap": {},
        "s": {
            "0": 0,
            "1": 0,
            "2": 0,
            "3": 0,
            "4": 0,
            "5": 0,
            "6": 0,
            "7": 0,
            "8": 0,
            "9": 0,
            "10": 0,
            "11": 0,
            "12": 0,
            "13": 0,
            "14": 0
        },
        "f": { "0": 0, "1": 0, "2": 0 },
        "b": {},
        "hash": "79ef43bc314839c26b28813a04b421813ab989f6"
    },
    "/Users/eerongrant/2.0/homepairs/homepairsUI/tests/setup/test-shim.js": {
        "path": "/Users/eerongrant/2.0/homepairs/homepairsUI/tests/setup/test-shim.js",
        "statementMap": {
            "0": {
                "start": { "line": 1, "column": 0 },
                "end": { "line": 3, "column": 2 }
            },
            "1": {
                "start": { "line": 2, "column": 2 },
                "end": { "line": 2, "column": 26 }
            }
        },
        "fnMap": {
            "0": {
                "name": "(anonymous_0)",
                "decl": {
                    "start": { "line": 1, "column": 31 },
                    "end": { "line": 1, "column": 32 }
                },
                "loc": {
                    "start": { "line": 1, "column": 51 },
                    "end": { "line": 3, "column": 1 }
                },
                "line": 1
            }
        },
        "branchMap": {},
        "s": { "0": 0, "1": 0 },
        "f": { "0": 0 },
        "b": {},
        "hash": "719c3d207c17bda3599ae8642932ad2eb4902beb"
    }
}
