{"/Users/cfchacon/HomePairs/2.0/homepairs/homepairsUI/src/Elements/index.tsx": {"path":"/Users/cfchacon/HomePairs/2.0/homepairs/homepairsUI/src/Elements/index.tsx","statementMap":{"0":{"start":{"line":24,"column":0},"end":{"line":24,"column":null}},"1":{"start":{"line":25,"column":0},"end":{"line":25,"column":null}},"2":{"start":{"line":31,"column":0},"end":{"line":31,"column":null}},"3":{"start":{"line":32,"column":0},"end":{"line":32,"column":null}},"4":{"start":{"line":33,"column":0},"end":{"line":33,"column":null}},"5":{"start":{"line":34,"column":0},"end":{"line":34,"column":null}}},"fnMap":{},"branchMap":{},"s":{"0":9,"1":9,"2":9,"3":9,"4":9,"5":9},"f":{},"b":{}}
,"/Users/cfchacon/HomePairs/2.0/homepairs/homepairsUI/src/Elements/Buttons/HamburgerButton.tsx": {"path":"/Users/cfchacon/HomePairs/2.0/homepairs/homepairsUI/src/Elements/Buttons/HamburgerButton.tsx","statementMap":{"0":{"start":{"line":1,"column":0},"end":{"line":1,"column":null}},"1":{"start":{"line":2,"column":0},"end":{"line":2,"column":null}},"2":{"start":{"line":3,"column":0},"end":{"line":3,"column":null}},"3":{"start":{"line":18,"column":15},"end":{"line":18,"column":26}},"4":{"start":{"line":88,"column":11},"end":{"line":88,"column":null}},"5":{"start":{"line":90,"column":11},"end":{"line":90,"column":22}},"6":{"start":{"line":90,"column":22},"end":{"line":90,"column":30}},"7":{"start":{"line":90,"column":30},"end":{"line":90,"column":null}},"8":{"start":{"line":92,"column":8},"end":{"line":92,"column":null}},"9":{"start":{"line":95,"column":4},"end":{"line":95,"column":null}},"10":{"start":{"line":108,"column":0},"end":{"line":108,"column":15}}},"fnMap":{"0":{"name":"HamburgerButton","decl":{"start":{"line":86,"column":24},"end":{"line":86,"column":40}},"loc":{"start":{"line":86,"column":67},"end":{"line":106,"column":null}}},"1":{"name":"onPress","decl":{"start":{"line":91,"column":13},"end":{"line":91,"column":20}},"loc":{"start":{"line":91,"column":20},"end":{"line":93,"column":null}}},"2":{"name":"onClick","decl":{"start":{"line":109,"column":13},"end":{"line":109,"column":21}},"loc":{"start":{"line":109,"column":13},"end":{"line":109,"column":null}}}},"branchMap":{"0":{"loc":{"start":{"line":45,"column":43},"end":{"line":45,"column":48}},"type":"cond-expr","locations":[{"start":{"line":45,"column":43},"end":{"line":45,"column":48}},{"start":{"line":45,"column":48},"end":{"line":45,"column":null}}]}},"s":{"0":9,"1":9,"2":9,"3":9,"4":2,"5":2,"6":2,"7":2,"8":2,"9":2,"10":9},"f":{"0":2,"1":2,"2":1},"b":{"0":[0,9]}}
,"/Users/cfchacon/HomePairs/2.0/homepairs/homepairsUI/src/Elements/Buttons/LoginButton.tsx": {"path":"/Users/cfchacon/HomePairs/2.0/homepairs/homepairsUI/src/Elements/Buttons/LoginButton.tsx","statementMap":{"0":{"start":{"line":1,"column":0},"end":{"line":1,"column":null}},"1":{"start":{"line":2,"column":0},"end":{"line":2,"column":null}},"2":{"start":{"line":13,"column":0},"end":{"line":13,"column":null}},"3":{"start":{"line":14,"column":0},"end":{"line":14,"column":null}},"4":{"start":{"line":39,"column":8},"end":{"line":39,"column":null}},"5":{"start":{"line":40,"column":8},"end":{"line":40,"column":null}},"6":{"start":{"line":41,"column":8},"end":{"line":41,"column":null}},"7":{"start":{"line":42,"column":8},"end":{"line":42,"column":null}},"8":{"start":{"line":43,"column":8},"end":{"line":43,"column":null}},"9":{"start":{"line":44,"column":8},"end":{"line":44,"column":null}},"10":{"start":{"line":45,"column":8},"end":{"line":45,"column":null}},"11":{"start":{"line":49,"column":8},"end":{"line":49,"column":null}},"12":{"start":{"line":52,"column":4},"end":{"line":52,"column":null}},"13":{"start":{"line":62,"column":33},"end":{"line":62,"column":44}},"14":{"start":{"line":93,"column":0},"end":{"line":93,"column":11}}},"fnMap":{"0":{"name":"LoginButton","decl":{"start":{"line":37,"column":24},"end":{"line":37,"column":36}},"loc":{"start":{"line":37,"column":59},"end":{"line":60,"column":null}}},"1":{"name":"onPress","decl":{"start":{"line":48,"column":13},"end":{"line":48,"column":20}},"loc":{"start":{"line":48,"column":20},"end":{"line":50,"column":null}}},"2":{"name":"onClick","decl":{"start":{"line":95,"column":13},"end":{"line":95,"column":21}},"loc":{"start":{"line":95,"column":13},"end":{"line":95,"column":null}}}},"branchMap":{},"s":{"0":9,"1":9,"2":9,"3":9,"4":3,"5":3,"6":3,"7":3,"8":3,"9":3,"10":3,"11":2,"12":3,"13":9,"14":9},"f":{"0":3,"1":2,"2":1},"b":{}}
,"/Users/cfchacon/HomePairs/2.0/homepairs/homepairsUI/src/Elements/Buttons/ThinButton.tsx": {"path":"/Users/cfchacon/HomePairs/2.0/homepairs/homepairsUI/src/Elements/Buttons/ThinButton.tsx","statementMap":{"0":{"start":{"line":1,"column":0},"end":{"line":1,"column":null}},"1":{"start":{"line":2,"column":0},"end":{"line":2,"column":null}},"2":{"start":{"line":39,"column":8},"end":{"line":39,"column":null}},"3":{"start":{"line":40,"column":8},"end":{"line":40,"column":null}},"4":{"start":{"line":41,"column":8},"end":{"line":41,"column":null}},"5":{"start":{"line":42,"column":8},"end":{"line":42,"column":null}},"6":{"start":{"line":43,"column":8},"end":{"line":43,"column":null}},"7":{"start":{"line":44,"column":8},"end":{"line":44,"column":null}},"8":{"start":{"line":45,"column":8},"end":{"line":45,"column":null}},"9":{"start":{"line":49,"column":8},"end":{"line":49,"column":null}},"10":{"start":{"line":52,"column":4},"end":{"line":52,"column":null}},"11":{"start":{"line":67,"column":32},"end":{"line":67,"column":43}},"12":{"start":{"line":92,"column":0},"end":{"line":92,"column":10}},"13":{"start":{"line":111,"column":4},"end":{"line":111,"column":11}},"14":{"start":{"line":113,"column":8},"end":{"line":113,"column":null}},"15":{"start":{"line":114,"column":8},"end":{"line":114,"column":null}},"16":{"start":{"line":115,"column":8},"end":{"line":115,"column":null}},"17":{"start":{"line":116,"column":8},"end":{"line":116,"column":null}},"18":{"start":{"line":117,"column":8},"end":{"line":117,"column":null}},"19":{"start":{"line":118,"column":8},"end":{"line":118,"column":null}},"20":{"start":{"line":119,"column":8},"end":{"line":119,"column":null}},"21":{"start":{"line":120,"column":8},"end":{"line":120,"column":null}},"22":{"start":{"line":122,"column":4},"end":{"line":122,"column":null}}},"fnMap":{"0":{"name":"ThinButton","decl":{"start":{"line":36,"column":24},"end":{"line":36,"column":35}},"loc":{"start":{"line":36,"column":57},"end":{"line":65,"column":null}}},"1":{"name":"handleClick","decl":{"start":{"line":48,"column":13},"end":{"line":48,"column":24}},"loc":{"start":{"line":48,"column":24},"end":{"line":50,"column":null}}},"2":{"name":"onClick","decl":{"start":{"line":94,"column":13},"end":{"line":94,"column":21}},"loc":{"start":{"line":94,"column":13},"end":{"line":94,"column":null}}},"3":{"name":"onPressIn","decl":{"start":{"line":95,"column":15},"end":{"line":95,"column":23}},"loc":{"start":{"line":95,"column":15},"end":{"line":95,"column":null}}},"4":{"name":"onPressOut","decl":{"start":{"line":96,"column":16},"end":{"line":96,"column":24}},"loc":{"start":{"line":96,"column":16},"end":{"line":96,"column":null}}},"5":{"name":"renderThinButton","decl":{"start":{"line":110,"column":16},"end":{"line":110,"column":33}},"loc":{"start":{"line":110,"column":65},"end":{"line":134,"column":null}}}},"branchMap":{},"s":{"0":9,"1":9,"2":39,"3":39,"4":39,"5":39,"6":39,"7":39,"8":39,"9":5,"10":39,"11":9,"12":9,"13":0,"14":0,"15":0,"16":0,"17":0,"18":0,"19":0,"20":0,"21":0,"22":0},"f":{"0":39,"1":5,"2":2,"3":1,"4":1,"5":0},"b":{}}
,"/Users/cfchacon/HomePairs/2.0/homepairs/homepairsUI/src/Elements/Cards/Card.tsx": {"path":"/Users/cfchacon/HomePairs/2.0/homepairs/homepairsUI/src/Elements/Cards/Card.tsx","statementMap":{"0":{"start":{"line":1,"column":0},"end":{"line":1,"column":null}},"1":{"start":{"line":2,"column":0},"end":{"line":2,"column":null}},"2":{"start":{"line":3,"column":0},"end":{"line":3,"column":null}},"3":{"start":{"line":21,"column":22},"end":{"line":21,"column":33}},"4":{"start":{"line":103,"column":8},"end":{"line":103,"column":null}},"5":{"start":{"line":104,"column":8},"end":{"line":104,"column":null}},"6":{"start":{"line":105,"column":8},"end":{"line":105,"column":null}},"7":{"start":{"line":106,"column":8},"end":{"line":106,"column":null}},"8":{"start":{"line":107,"column":8},"end":{"line":107,"column":null}},"9":{"start":{"line":108,"column":8},"end":{"line":108,"column":null}},"10":{"start":{"line":109,"column":8},"end":{"line":109,"column":null}},"11":{"start":{"line":110,"column":8},"end":{"line":110,"column":null}},"12":{"start":{"line":111,"column":8},"end":{"line":111,"column":null}},"13":{"start":{"line":112,"column":8},"end":{"line":112,"column":null}},"14":{"start":{"line":113,"column":8},"end":{"line":113,"column":null}},"15":{"start":{"line":116,"column":12},"end":{"line":116,"column":34}},"16":{"start":{"line":116,"column":34},"end":{"line":116,"column":null}},"17":{"start":{"line":119,"column":8},"end":{"line":131,"column":null}},"18":{"start":{"line":120,"column":12},"end":{"line":120,"column":null}},"19":{"start":{"line":132,"column":8},"end":{"line":132,"column":15}},"20":{"start":{"line":136,"column":8},"end":{"line":138,"column":null}},"21":{"start":{"line":137,"column":12},"end":{"line":137,"column":19}},"22":{"start":{"line":139,"column":8},"end":{"line":139,"column":15}},"23":{"start":{"line":143,"column":8},"end":{"line":143,"column":34}},"24":{"start":{"line":143,"column":27},"end":{"line":143,"column":34}},"25":{"start":{"line":145,"column":8},"end":{"line":145,"column":null}},"26":{"start":{"line":155,"column":4},"end":{"line":155,"column":null}},"27":{"start":{"line":164,"column":0},"end":{"line":164,"column":4}}},"fnMap":{"0":{"name":"Card","decl":{"start":{"line":101,"column":24},"end":{"line":101,"column":29}},"loc":{"start":{"line":101,"column":45},"end":{"line":162,"column":null}}},"1":{"name":"renderCloseButton","decl":{"start":{"line":118,"column":13},"end":{"line":118,"column":30}},"loc":{"start":{"line":118,"column":30},"end":{"line":133,"column":null}}},"2":{"name":"renderSubtitle","decl":{"start":{"line":135,"column":13},"end":{"line":135,"column":27}},"loc":{"start":{"line":135,"column":27},"end":{"line":140,"column":null}}},"3":{"name":"renderTitle","decl":{"start":{"line":142,"column":13},"end":{"line":142,"column":24}},"loc":{"start":{"line":142,"column":24},"end":{"line":153,"column":null}}},"4":{"name":"closeButtonPressedCallBack","decl":{"start":{"line":177,"column":32},"end":{"line":177,"column":40}},"loc":{"start":{"line":177,"column":32},"end":{"line":177,"column":null}}}},"branchMap":{"0":{"loc":{"start":{"line":119,"column":8},"end":{"line":131,"column":null}},"type":"if","locations":[{"start":{"line":119,"column":8},"end":{"line":131,"column":null}},{"start":{"line":119,"column":8},"end":{"line":131,"column":null}}]},"1":{"loc":{"start":{"line":136,"column":8},"end":{"line":138,"column":null}},"type":"if","locations":[{"start":{"line":136,"column":8},"end":{"line":138,"column":null}},{"start":{"line":136,"column":8},"end":{"line":138,"column":null}}]},"2":{"loc":{"start":{"line":143,"column":8},"end":{"line":143,"column":34}},"type":"if","locations":[{"start":{"line":143,"column":8},"end":{"line":143,"column":34}},{"start":{"line":143,"column":8},"end":{"line":143,"column":34}}]}},"s":{"0":9,"1":9,"2":9,"3":9,"4":48,"5":48,"6":48,"7":48,"8":48,"9":48,"10":48,"11":48,"12":48,"13":48,"14":48,"15":48,"16":48,"17":48,"18":39,"19":9,"20":40,"21":36,"22":4,"23":48,"24":8,"25":40,"26":48,"27":9},"f":{"0":48,"1":48,"2":40,"3":48,"4":1},"b":{"0":[39,9],"1":[36,4],"2":[8,40]}}
,"/Users/cfchacon/HomePairs/2.0/homepairs/homepairsUI/src/Elements/Forms/InputForm.tsx": {"path":"/Users/cfchacon/HomePairs/2.0/homepairs/homepairsUI/src/Elements/Forms/InputForm.tsx","statementMap":{"0":{"start":{"line":1,"column":0},"end":{"line":1,"column":null}},"1":{"start":{"line":2,"column":0},"end":{"line":2,"column":null}},"2":{"start":{"line":3,"column":0},"end":{"line":3,"column":null}},"3":{"start":{"line":4,"column":0},"end":{"line":4,"column":null}},"4":{"start":{"line":25,"column":37},"end":{"line":25,"column":39}},"5":{"start":{"line":27,"column":30},"end":{"line":27,"column":41}},"6":{"start":{"line":71,"column":0},"end":{"line":71,"column":39}},"7":{"start":{"line":71,"column":39},"end":{"line":71,"column":45}},"8":{"start":{"line":78,"column":8},"end":{"line":78,"column":null}},"9":{"start":{"line":79,"column":8},"end":{"line":79,"column":12}},"10":{"start":{"line":80,"column":8},"end":{"line":80,"column":12}},"11":{"start":{"line":83,"column":4},"end":{"line":83,"column":13}},"12":{"start":{"line":84,"column":8},"end":{"line":84,"column":13}},"13":{"start":{"line":87,"column":4},"end":{"line":87,"column":19}},"14":{"start":{"line":88,"column":15},"end":{"line":88,"column":null}},"15":{"start":{"line":89,"column":8},"end":{"line":89,"column":22}},"16":{"start":{"line":92,"column":4},"end":{"line":92,"column":null}},"17":{"start":{"line":93,"column":14},"end":{"line":93,"column":15}},"18":{"start":{"line":93,"column":15},"end":{"line":93,"column":21}},"19":{"start":{"line":93,"column":21},"end":{"line":93,"column":null}},"20":{"start":{"line":94,"column":8},"end":{"line":94,"column":33}},"21":{"start":{"line":94,"column":26},"end":{"line":94,"column":33}},"22":{"start":{"line":95,"column":8},"end":{"line":95,"column":15}},"23":{"start":{"line":98,"column":4},"end":{"line":98,"column":null}},"24":{"start":{"line":99,"column":14},"end":{"line":99,"column":null}},"25":{"start":{"line":100,"column":12},"end":{"line":100,"column":null}},"26":{"start":{"line":101,"column":12},"end":{"line":101,"column":null}},"27":{"start":{"line":102,"column":12},"end":{"line":102,"column":null}},"28":{"start":{"line":103,"column":12},"end":{"line":103,"column":null}},"29":{"start":{"line":104,"column":12},"end":{"line":104,"column":null}},"30":{"start":{"line":105,"column":12},"end":{"line":105,"column":null}},"31":{"start":{"line":106,"column":12},"end":{"line":106,"column":null}},"32":{"start":{"line":108,"column":15},"end":{"line":108,"column":null}},"33":{"start":{"line":110,"column":8},"end":{"line":110,"column":null}},"34":{"start":{"line":121,"column":43},"end":{"line":121,"column":47}},"35":{"start":{"line":134,"column":0},"end":{"line":134,"column":1}},"36":{"start":{"line":136,"column":0},"end":{"line":136,"column":9}},"37":{"start":{"line":141,"column":8},"end":{"line":141,"column":15}},"38":{"start":{"line":163,"column":4},"end":{"line":163,"column":11}},"39":{"start":{"line":164,"column":11},"end":{"line":164,"column":16}},"40":{"start":{"line":164,"column":16},"end":{"line":164,"column":22}},"41":{"start":{"line":164,"column":22},"end":{"line":164,"column":38}},"42":{"start":{"line":164,"column":38},"end":{"line":164,"column":54}},"43":{"start":{"line":164,"column":54},"end":{"line":164,"column":66}},"44":{"start":{"line":164,"column":66},"end":{"line":164,"column":83}},"45":{"start":{"line":164,"column":83},"end":{"line":164,"column":90}},"46":{"start":{"line":164,"column":90},"end":{"line":164,"column":103}},"47":{"start":{"line":164,"column":103},"end":{"line":164,"column":108}},"48":{"start":{"line":164,"column":108},"end":{"line":164,"column":120}},"49":{"start":{"line":164,"column":120},"end":{"line":164,"column":null}},"50":{"start":{"line":165,"column":4},"end":{"line":165,"column":null}}},"fnMap":{"0":{"name":"(anonymous_8)","decl":{"start":{"line":71,"column":0},"end":{"line":71,"column":39}},"loc":{"start":{"line":71,"column":0},"end":{"line":134,"column":null}}},"1":{"name":"InputForm","decl":{"start":{"line":77,"column":4},"end":{"line":77,"column":16}},"loc":{"start":{"line":77,"column":21},"end":{"line":81,"column":null}}},"2":{"name":"(anonymous_10)","decl":{"start":{"line":83,"column":4},"end":{"line":83,"column":13}},"loc":{"start":{"line":83,"column":27},"end":{"line":85,"column":null}}},"3":{"name":"(anonymous_11)","decl":{"start":{"line":87,"column":4},"end":{"line":87,"column":19}},"loc":{"start":{"line":87,"column":31},"end":{"line":90,"column":null}}},"4":{"name":"(anonymous_12)","decl":{"start":{"line":92,"column":4},"end":{"line":92,"column":null}},"loc":{"start":{"line":92,"column":4},"end":{"line":96,"column":null}}},"5":{"name":"(anonymous_13)","decl":{"start":{"line":98,"column":4},"end":{"line":98,"column":null}},"loc":{"start":{"line":98,"column":4},"end":{"line":133,"column":null}}},"6":{"name":"onChangeText","decl":{"start":{"line":121,"column":34},"end":{"line":121,"column":38}},"loc":{"start":{"line":121,"column":38},"end":{"line":121,"column":null}}},"7":{"name":"parentCallBack","decl":{"start":{"line":140,"column":20},"end":{"line":140,"column":21}},"loc":{"start":{"line":140,"column":34},"end":{"line":142,"column":null}}},"8":{"name":"renderInputForm","decl":{"start":{"line":162,"column":16},"end":{"line":162,"column":32}},"loc":{"start":{"line":162,"column":57},"end":{"line":180,"column":null}}}},"branchMap":{"0":{"loc":{"start":{"line":78,"column":8},"end":{"line":78,"column":14}},"type":"binary-expr","locations":[{"start":{"line":78,"column":8},"end":{"line":78,"column":14}},{"start":{"line":78,"column":20},"end":{"line":78,"column":null}}]},"1":{"loc":{"start":{"line":94,"column":8},"end":{"line":94,"column":33}},"type":"if","locations":[{"start":{"line":94,"column":8},"end":{"line":94,"column":33}},{"start":{"line":94,"column":8},"end":{"line":94,"column":33}}]}},"s":{"0":9,"1":9,"2":9,"3":9,"4":9,"5":9,"6":9,"7":9,"8":54,"9":54,"10":54,"11":9,"12":44,"13":9,"14":25,"15":25,"16":9,"17":236,"18":236,"19":236,"20":236,"21":2,"22":234,"23":245,"24":236,"25":236,"26":236,"27":236,"28":236,"29":236,"30":236,"31":236,"32":236,"33":236,"34":25,"35":9,"36":9,"37":1,"38":218,"39":218,"40":218,"41":218,"42":218,"43":218,"44":218,"45":218,"46":218,"47":218,"48":218,"49":218,"50":218},"f":{"0":9,"1":54,"2":44,"3":25,"4":236,"5":236,"6":25,"7":1,"8":218},"b":{"0":[54,54],"1":[2,234]}}
,"/Users/cfchacon/HomePairs/2.0/homepairs/homepairsUI/src/Elements/Stickers/Sticker.tsx": {"path":"/Users/cfchacon/HomePairs/2.0/homepairs/homepairsUI/src/Elements/Stickers/Sticker.tsx","statementMap":{"0":{"start":{"line":1,"column":0},"end":{"line":1,"column":null}},"1":{"start":{"line":2,"column":0},"end":{"line":2,"column":null}},"2":{"start":{"line":12,"column":15},"end":{"line":12,"column":26}},"3":{"start":{"line":33,"column":12},"end":{"line":33,"column":19}},"4":{"start":{"line":33,"column":19},"end":{"line":33,"column":null}},"5":{"start":{"line":34,"column":4},"end":{"line":34,"column":11}},"6":{"start":{"line":37,"column":0},"end":{"line":37,"column":7}}},"fnMap":{"0":{"name":"Sticker","decl":{"start":{"line":32,"column":24},"end":{"line":32,"column":32}},"loc":{"start":{"line":32,"column":51},"end":{"line":35,"column":null}}}},"branchMap":{},"s":{"0":9,"1":9,"2":9,"3":2,"4":2,"5":2,"6":9},"f":{"0":2},"b":{}}
,"/Users/cfchacon/HomePairs/2.0/homepairs/homepairsUI/src/Routes/RouteConstants.tsx": {"path":"/Users/cfchacon/HomePairs/2.0/homepairs/homepairsUI/src/Routes/RouteConstants.tsx","statementMap":{"0":{"start":{"line":3,"column":46},"end":{"line":3,"column":null}},"1":{"start":{"line":28,"column":15},"end":{"line":28,"column":null}}},"fnMap":{},"branchMap":{},"s":{"0":5,"1":5},"f":{},"b":{}}
,"/Users/cfchacon/HomePairs/2.0/homepairs/homepairsUI/src/Routes/Routes.tsx": {"path":"/Users/cfchacon/HomePairs/2.0/homepairs/homepairsUI/src/Routes/Routes.tsx","statementMap":{"0":{"start":{"line":1,"column":0},"end":{"line":1,"column":null}},"1":{"start":{"line":2,"column":0},"end":{"line":2,"column":null}},"2":{"start":{"line":3,"column":0},"end":{"line":3,"column":null}},"3":{"start":{"line":4,"column":0},"end":{"line":4,"column":null}},"4":{"start":{"line":9,"column":0},"end":{"line":9,"column":null}},"5":{"start":{"line":10,"column":0},"end":{"line":10,"column":null}},"6":{"start":{"line":11,"column":0},"end":{"line":11,"column":null}},"7":{"start":{"line":16,"column":25},"end":{"line":28,"column":null}},"8":{"start":{"line":16,"column":31},"end":{"line":16,"column":32}},"9":{"start":{"line":18,"column":8},"end":{"line":18,"column":15}},"10":{"start":{"line":30,"column":24},"end":{"line":30,"column":null}},"11":{"start":{"line":41,"column":29},"end":{"line":41,"column":null}},"12":{"start":{"line":46,"column":30},"end":{"line":46,"column":null}},"13":{"start":{"line":54,"column":25},"end":{"line":54,"column":null}},"14":{"start":{"line":59,"column":31},"end":{"line":59,"column":null}},"15":{"start":{"line":63,"column":24},"end":{"line":63,"column":null}},"16":{"start":{"line":68,"column":22},"end":{"line":68,"column":null}},"17":{"start":{"line":76,"column":28},"end":{"line":76,"column":null}},"18":{"start":{"line":79,"column":21},"end":{"line":79,"column":null}},"19":{"start":{"line":87,"column":18},"end":{"line":87,"column":null}},"20":{"start":{"line":95,"column":18},"end":{"line":95,"column":null}},"21":{"start":{"line":104,"column":28},"end":{"line":104,"column":null}}},"fnMap":{"0":{"name":"navigationHeader","decl":{"start":{"line":16,"column":6},"end":{"line":16,"column":22}},"loc":{"start":{"line":16,"column":25},"end":{"line":28,"column":null}}},"1":{"name":"header","decl":{"start":{"line":17,"column":12},"end":{"line":17,"column":null}},"loc":{"start":{"line":17,"column":12},"end":{"line":23,"column":null}}}},"branchMap":{"0":{"loc":{"start":{"line":19,"column":12},"end":{"line":19,"column":13}},"type":"cond-expr","locations":[{"start":{"line":19,"column":12},"end":{"line":19,"column":13}},{"start":{"line":22,"column":12},"end":{"line":22,"column":13}}]}},"s":{"0":0,"1":0,"2":0,"3":0,"4":0,"5":0,"6":0,"7":0,"8":0,"9":0,"10":0,"11":0,"12":0,"13":0,"14":0,"15":0,"16":0,"17":0,"18":0,"19":0,"20":0,"21":0},"f":{"0":0,"1":0},"b":{"0":[0,0]}}
,"/Users/cfchacon/HomePairs/2.0/homepairs/homepairsUI/src/Screens/LoadingScreen.tsx": {"path":"/Users/cfchacon/HomePairs/2.0/homepairs/homepairsUI/src/Screens/LoadingScreen.tsx","statementMap":{"0":{"start":{"line":1,"column":0},"end":{"line":1,"column":null}},"1":{"start":{"line":2,"column":0},"end":{"line":2,"column":null}},"2":{"start":{"line":8,"column":0},"end":{"line":8,"column":null}},"3":{"start":{"line":11,"column":15},"end":{"line":11,"column":26}},"4":{"start":{"line":19,"column":0},"end":{"line":19,"column":47}},"5":{"start":{"line":19,"column":47},"end":{"line":19,"column":53}},"6":{"start":{"line":21,"column":6},"end":{"line":21,"column":null}},"7":{"start":{"line":26,"column":4},"end":{"line":26,"column":21}},"8":{"start":{"line":26,"column":21},"end":{"line":26,"column":null}},"9":{"start":{"line":27,"column":13},"end":{"line":27,"column":23}},"10":{"start":{"line":32,"column":6},"end":{"line":32,"column":16}},"11":{"start":{"line":22,"column":6},"end":{"line":22,"column":10}},"12":{"start":{"line":35,"column":10},"end":{"line":35,"column":null}},"13":{"start":{"line":36,"column":6},"end":{"line":36,"column":12}},"14":{"start":{"line":37,"column":6},"end":{"line":37,"column":11}},"15":{"start":{"line":42,"column":4},"end":{"line":42,"column":null}},"16":{"start":{"line":43,"column":6},"end":{"line":43,"column":null}},"17":{"start":{"line":50,"column":0},"end":{"line":50,"column":1}}},"fnMap":{"0":{"name":"(anonymous_19)","decl":{"start":{"line":19,"column":0},"end":{"line":19,"column":47}},"loc":{"start":{"line":19,"column":0},"end":{"line":50,"column":null}}},"1":{"name":"AuthLoadingScreen","decl":{"start":{"line":20,"column":4},"end":{"line":20,"column":16}},"loc":{"start":{"line":20,"column":46},"end":{"line":23,"column":null}}},"2":{"name":"(anonymous_21)","decl":{"start":{"line":26,"column":21},"end":{"line":26,"column":null}},"loc":{"start":{"line":26,"column":21},"end":{"line":33,"column":null}}},"3":{"name":"(anonymous_24)","decl":{"start":{"line":35,"column":4},"end":{"line":35,"column":10}},"loc":{"start":{"line":35,"column":4},"end":{"line":38,"column":null}}},"4":{"name":"(anonymous_27)","decl":{"start":{"line":42,"column":4},"end":{"line":42,"column":null}},"loc":{"start":{"line":42,"column":4},"end":{"line":49,"column":null}}}},"branchMap":{"0":{"loc":{"start":{"line":21,"column":6},"end":{"line":21,"column":12}},"type":"binary-expr","locations":[{"start":{"line":21,"column":6},"end":{"line":21,"column":12}},{"start":{"line":21,"column":18},"end":{"line":21,"column":null}}]}},"s":{"0":0,"1":0,"2":0,"3":0,"4":0,"5":0,"6":0,"7":0,"8":0,"9":0,"10":0,"11":0,"12":0,"13":0,"14":0,"15":0,"16":0,"17":0},"f":{"0":0,"1":0,"2":0,"3":0,"4":0},"b":{"0":[0,0]}}
,"/Users/cfchacon/HomePairs/2.0/homepairs/homepairsUI/src/Screens/index.ts": {"path":"/Users/cfchacon/HomePairs/2.0/homepairs/homepairsUI/src/Screens/index.ts","statementMap":{"0":{"start":{"line":1,"column":0},"end":{"line":1,"column":null}},"1":{"start":{"line":2,"column":0},"end":{"line":2,"column":null}},"2":{"start":{"line":3,"column":0},"end":{"line":3,"column":null}},"3":{"start":{"line":4,"column":0},"end":{"line":4,"column":null}}},"fnMap":{},"branchMap":{},"s":{"0":0,"1":0,"2":0,"3":0},"f":{},"b":{}}
,"/Users/cfchacon/HomePairs/2.0/homepairs/homepairsUI/src/Screens/Auth/index.tsx": {"path":"/Users/cfchacon/HomePairs/2.0/homepairs/homepairsUI/src/Screens/Auth/index.tsx","statementMap":{"0":{"start":{"line":1,"column":0},"end":{"line":1,"column":null}},"1":{"start":{"line":2,"column":0},"end":{"line":2,"column":null}},"2":{"start":{"line":3,"column":0},"end":{"line":3,"column":null}},"3":{"start":{"line":5,"column":28},"end":{"line":5,"column":29}},"4":{"start":{"line":6,"column":15},"end":{"line":6,"column":null}}},"fnMap":{},"branchMap":{},"s":{"0":0,"1":0,"2":0,"3":0,"4":0},"f":{},"b":{}}
,"/Users/cfchacon/HomePairs/2.0/homepairs/homepairsUI/src/Screens/Auth/LoginScreen/LoginScreen.tsx": {"path":"/Users/cfchacon/HomePairs/2.0/homepairs/homepairsUI/src/Screens/Auth/LoginScreen/LoginScreen.tsx","statementMap":{"0":{"start":{"line":1,"column":0},"end":{"line":1,"column":null}},"1":{"start":{"line":2,"column":0},"end":{"line":2,"column":null}},"2":{"start":{"line":3,"column":0},"end":{"line":3,"column":null}},"3":{"start":{"line":10,"column":0},"end":{"line":10,"column":null}},"4":{"start":{"line":11,"column":0},"end":{"line":11,"column":null}},"5":{"start":{"line":12,"column":0},"end":{"line":12,"column":null}},"6":{"start":{"line":13,"column":0},"end":{"line":13,"column":null}},"7":{"start":{"line":16,"column":22},"end":{"line":16,"column":null}},"8":{"start":{"line":17,"column":37},"end":{"line":17,"column":null}},"9":{"start":{"line":25,"column":71},"end":{"line":30,"column":null}},"10":{"start":{"line":25,"column":90},"end":{"line":25,"column":91}},"11":{"start":{"line":28,"column":8},"end":{"line":28,"column":16}},"12":{"start":{"line":33,"column":20},"end":{"line":33,"column":28}},"13":{"start":{"line":34,"column":27},"end":{"line":34,"column":42}},"14":{"start":{"line":37,"column":17},"end":{"line":37,"column":30}},"15":{"start":{"line":40,"column":22},"end":{"line":40,"column":32}},"16":{"start":{"line":41,"column":15},"end":{"line":41,"column":28}}},"fnMap":{"0":{"name":"mapDispatchToProps","decl":{"start":{"line":25,"column":6},"end":{"line":25,"column":24}},"loc":{"start":{"line":25,"column":85},"end":{"line":30,"column":null}}},"1":{"name":"onFetchAccountProfile","decl":{"start":{"line":26,"column":27},"end":{"line":26,"column":28}},"loc":{"start":{"line":27,"column":64},"end":{"line":29,"column":null}}}},"branchMap":{},"s":{"0":0,"1":0,"2":0,"3":0,"4":0,"5":0,"6":0,"7":0,"8":0,"9":0,"10":0,"11":0,"12":0,"13":0,"14":0,"15":0,"16":0},"f":{"0":0,"1":0},"b":{}}
,"/Users/cfchacon/HomePairs/2.0/homepairs/homepairsUI/src/Screens/Auth/LoginScreen/LoginScreenBase.tsx": {"path":"/Users/cfchacon/HomePairs/2.0/homepairs/homepairsUI/src/Screens/Auth/LoginScreen/LoginScreenBase.tsx","statementMap":{"0":{"start":{"line":1,"column":0},"end":{"line":1,"column":null}},"1":{"start":{"line":2,"column":0},"end":{"line":2,"column":null}},"2":{"start":{"line":3,"column":0},"end":{"line":3,"column":null}},"3":{"start":{"line":8,"column":0},"end":{"line":8,"column":null}},"4":{"start":{"line":9,"column":0},"end":{"line":9,"column":null}},"5":{"start":{"line":11,"column":0},"end":{"line":11,"column":null}},"6":{"start":{"line":36,"column":22},"end":{"line":36,"column":null}},"7":{"start":{"line":37,"column":33},"end":{"line":37,"column":null}},"8":{"start":{"line":43,"column":19},"end":{"line":45,"column":null}},"9":{"start":{"line":46,"column":4},"end":{"line":46,"column":11}},"10":{"start":{"line":68,"column":0},"end":{"line":68,"column":45}},"11":{"start":{"line":68,"column":45},"end":{"line":68,"column":51}},"12":{"start":{"line":76,"column":8},"end":{"line":76,"column":null}},"13":{"start":{"line":77,"column":8},"end":{"line":77,"column":12}},"14":{"start":{"line":78,"column":8},"end":{"line":78,"column":12}},"15":{"start":{"line":79,"column":8},"end":{"line":79,"column":12}},"16":{"start":{"line":80,"column":8},"end":{"line":80,"column":12}},"17":{"start":{"line":81,"column":8},"end":{"line":81,"column":12}},"18":{"start":{"line":82,"column":8},"end":{"line":82,"column":12}},"19":{"start":{"line":83,"column":8},"end":{"line":83,"column":12}},"20":{"start":{"line":84,"column":8},"end":{"line":84,"column":12}},"21":{"start":{"line":85,"column":8},"end":{"line":85,"column":12}},"22":{"start":{"line":86,"column":8},"end":{"line":86,"column":12}},"23":{"start":{"line":88,"column":8},"end":{"line":88,"column":13}},"24":{"start":{"line":89,"column":8},"end":{"line":89,"column":13}},"25":{"start":{"line":96,"column":4},"end":{"line":96,"column":16}},"26":{"start":{"line":96,"column":16},"end":{"line":96,"column":null}},"27":{"start":{"line":96,"column":16},"end":{"line":96,"column":64}},"28":{"start":{"line":97,"column":14},"end":{"line":97,"column":16}},"29":{"start":{"line":97,"column":16},"end":{"line":97,"column":41}},"30":{"start":{"line":97,"column":41},"end":{"line":97,"column":null}},"31":{"start":{"line":98,"column":8},"end":{"line":98,"column":31}},"32":{"start":{"line":99,"column":8},"end":{"line":99,"column":21}},"33":{"start":{"line":102,"column":4},"end":{"line":102,"column":20}},"34":{"start":{"line":103,"column":8},"end":{"line":103,"column":13}},"35":{"start":{"line":106,"column":4},"end":{"line":106,"column":20}},"36":{"start":{"line":107,"column":8},"end":{"line":107,"column":13}},"37":{"start":{"line":110,"column":4},"end":{"line":110,"column":null}},"38":{"start":{"line":111,"column":16},"end":{"line":111,"column":null}},"39":{"start":{"line":112,"column":8},"end":{"line":112,"column":18}},"40":{"start":{"line":115,"column":4},"end":{"line":115,"column":18}},"41":{"start":{"line":116,"column":20},"end":{"line":116,"column":null}},"42":{"start":{"line":117,"column":8},"end":{"line":120,"column":null}},"43":{"start":{"line":118,"column":12},"end":{"line":118,"column":17}},"44":{"start":{"line":119,"column":12},"end":{"line":119,"column":17}},"45":{"start":{"line":121,"column":8},"end":{"line":124,"column":null}},"46":{"start":{"line":122,"column":12},"end":{"line":122,"column":17}},"47":{"start":{"line":123,"column":12},"end":{"line":123,"column":17}},"48":{"start":{"line":125,"column":8},"end":{"line":125,"column":15}},"49":{"start":{"line":128,"column":4},"end":{"line":128,"column":null}},"50":{"start":{"line":129,"column":8},"end":{"line":129,"column":13}},"51":{"start":{"line":130,"column":8},"end":{"line":130,"column":13}},"52":{"start":{"line":133,"column":4},"end":{"line":133,"column":null}},"53":{"start":{"line":134,"column":14},"end":{"line":134,"column":16}},"54":{"start":{"line":134,"column":16},"end":{"line":134,"column":41}},"55":{"start":{"line":134,"column":41},"end":{"line":134,"column":64}},"56":{"start":{"line":134,"column":64},"end":{"line":134,"column":null}},"57":{"start":{"line":135,"column":14},"end":{"line":135,"column":16}},"58":{"start":{"line":135,"column":16},"end":{"line":135,"column":26}},"59":{"start":{"line":135,"column":26},"end":{"line":135,"column":null}},"60":{"start":{"line":136,"column":8},"end":{"line":136,"column":13}},"61":{"start":{"line":137,"column":8},"end":{"line":140,"column":null}},"62":{"start":{"line":138,"column":12},"end":{"line":138,"column":35}},"63":{"start":{"line":139,"column":12},"end":{"line":139,"column":33}},"64":{"start":{"line":143,"column":4},"end":{"line":143,"column":null}},"65":{"start":{"line":144,"column":16},"end":{"line":144,"column":null}},"66":{"start":{"line":145,"column":8},"end":{"line":145,"column":18}},"67":{"start":{"line":148,"column":4},"end":{"line":148,"column":null}},"68":{"start":{"line":149,"column":31},"end":{"line":149,"column":null}},"69":{"start":{"line":170,"column":8},"end":{"line":170,"column":15}},"70":{"start":{"line":171,"column":12},"end":{"line":171,"column":null}},"71":{"start":{"line":185,"column":0},"end":{"line":185,"column":1}}},"fnMap":{"0":{"name":"setInputStyles","decl":{"start":{"line":42,"column":9},"end":{"line":42,"column":24}},"loc":{"start":{"line":42,"column":58},"end":{"line":66,"column":null}}},"1":{"name":"(anonymous_7)","decl":{"start":{"line":68,"column":0},"end":{"line":68,"column":45}},"loc":{"start":{"line":68,"column":0},"end":{"line":185,"column":null}}},"2":{"name":"LoginScreenBase","decl":{"start":{"line":75,"column":4},"end":{"line":75,"column":16}},"loc":{"start":{"line":75,"column":43},"end":{"line":90,"column":null}}},"3":{"name":"(anonymous_9)","decl":{"start":{"line":96,"column":4},"end":{"line":96,"column":16}},"loc":{"start":{"line":96,"column":64},"end":{"line":100,"column":null}}},"4":{"name":"(anonymous_10)","decl":{"start":{"line":102,"column":4},"end":{"line":102,"column":20}},"loc":{"start":{"line":102,"column":37},"end":{"line":104,"column":null}}},"5":{"name":"(anonymous_11)","decl":{"start":{"line":106,"column":4},"end":{"line":106,"column":20}},"loc":{"start":{"line":106,"column":37},"end":{"line":108,"column":null}}},"6":{"name":"(anonymous_12)","decl":{"start":{"line":110,"column":4},"end":{"line":110,"column":null}},"loc":{"start":{"line":110,"column":4},"end":{"line":113,"column":null}}},"7":{"name":"(anonymous_13)","decl":{"start":{"line":115,"column":4},"end":{"line":115,"column":18}},"loc":{"start":{"line":115,"column":52},"end":{"line":126,"column":null}}},"8":{"name":"(anonymous_14)","decl":{"start":{"line":128,"column":4},"end":{"line":128,"column":null}},"loc":{"start":{"line":128,"column":4},"end":{"line":131,"column":null}}},"9":{"name":"(anonymous_15)","decl":{"start":{"line":133,"column":4},"end":{"line":133,"column":null}},"loc":{"start":{"line":133,"column":4},"end":{"line":141,"column":null}}},"10":{"name":"(anonymous_16)","decl":{"start":{"line":143,"column":4},"end":{"line":143,"column":null}},"loc":{"start":{"line":143,"column":4},"end":{"line":146,"column":null}}},"11":{"name":"(anonymous_17)","decl":{"start":{"line":148,"column":4},"end":{"line":148,"column":null}},"loc":{"start":{"line":148,"column":4},"end":{"line":184,"column":null}}},"12":{"name":"(anonymous_18)","decl":{"start":{"line":170,"column":34},"end":{"line":170,"column":44}},"loc":{"start":{"line":170,"column":44},"end":{"line":183,"column":null}}}},"branchMap":{"0":{"loc":{"start":{"line":44,"column":10},"end":{"line":44,"column":null}},"type":"cond-expr","locations":[{"start":{"line":44,"column":10},"end":{"line":44,"column":null}},{"start":{"line":45,"column":10},"end":{"line":45,"column":null}}]},"1":{"loc":{"start":{"line":76,"column":8},"end":{"line":76,"column":14}},"type":"binary-expr","locations":[{"start":{"line":76,"column":8},"end":{"line":76,"column":14}},{"start":{"line":76,"column":20},"end":{"line":76,"column":null}}]},"2":{"loc":{"start":{"line":96,"column":16},"end":{"line":96,"column":null}},"type":"if","locations":[{"start":{"line":96,"column":16},"end":{"line":96,"column":null}},{"start":{"line":96,"column":16},"end":{"line":96,"column":null}}]},"3":{"loc":{"start":{"line":117,"column":8},"end":{"line":120,"column":null}},"type":"if","locations":[{"start":{"line":117,"column":8},"end":{"line":120,"column":null}},{"start":{"line":117,"column":8},"end":{"line":120,"column":null}}]},"4":{"loc":{"start":{"line":121,"column":8},"end":{"line":124,"column":null}},"type":"if","locations":[{"start":{"line":121,"column":8},"end":{"line":124,"column":null}},{"start":{"line":121,"column":8},"end":{"line":124,"column":null}}]},"5":{"loc":{"start":{"line":137,"column":8},"end":{"line":140,"column":null}},"type":"if","locations":[{"start":{"line":137,"column":8},"end":{"line":140,"column":null}},{"start":{"line":137,"column":8},"end":{"line":140,"column":null}}]}},"s":{"0":0,"1":0,"2":0,"3":0,"4":0,"5":0,"6":0,"7":0,"8":0,"9":0,"10":0,"11":0,"12":0,"13":0,"14":0,"15":0,"16":0,"17":0,"18":0,"19":0,"20":0,"21":0,"22":0,"23":0,"24":0,"25":0,"26":0,"27":0,"28":0,"29":0,"30":0,"31":0,"32":0,"33":0,"34":0,"35":0,"36":0,"37":0,"38":0,"39":0,"40":0,"41":0,"42":0,"43":0,"44":0,"45":0,"46":0,"47":0,"48":0,"49":0,"50":0,"51":0,"52":0,"53":0,"54":0,"55":0,"56":0,"57":0,"58":0,"59":0,"60":0,"61":0,"62":0,"63":0,"64":0,"65":0,"66":0,"67":0,"68":0,"69":0,"70":0,"71":0},"f":{"0":0,"1":0,"2":0,"3":0,"4":0,"5":0,"6":0,"7":0,"8":0,"9":0,"10":0,"11":0,"12":0},"b":{"0":[0,0],"1":[0,0],"2":[0,0],"3":[0,0],"4":[0,0],"5":[0,0]}}
,"/Users/cfchacon/HomePairs/2.0/homepairs/homepairsUI/src/Screens/Auth/RoopairsLogin/RoopairsLogin.tsx": {"path":"/Users/cfchacon/HomePairs/2.0/homepairs/homepairsUI/src/Screens/Auth/RoopairsLogin/RoopairsLogin.tsx","statementMap":{"0":{"start":{"line":1,"column":0},"end":{"line":1,"column":null}},"1":{"start":{"line":2,"column":0},"end":{"line":2,"column":null}},"2":{"start":{"line":3,"column":0},"end":{"line":3,"column":null}},"3":{"start":{"line":10,"column":0},"end":{"line":10,"column":null}},"4":{"start":{"line":11,"column":0},"end":{"line":11,"column":null}},"5":{"start":{"line":12,"column":0},"end":{"line":12,"column":null}},"6":{"start":{"line":13,"column":0},"end":{"line":13,"column":null}},"7":{"start":{"line":14,"column":0},"end":{"line":14,"column":null}},"8":{"start":{"line":15,"column":0},"end":{"line":15,"column":null}},"9":{"start":{"line":16,"column":0},"end":{"line":16,"column":null}},"10":{"start":{"line":19,"column":4},"end":{"line":19,"column":5}},"11":{"start":{"line":36,"column":22},"end":{"line":36,"column":null}},"12":{"start":{"line":37,"column":37},"end":{"line":37,"column":null}},"13":{"start":{"line":46,"column":74},"end":{"line":64,"column":null}},"14":{"start":{"line":48,"column":5},"end":{"line":48,"column":6}},"15":{"start":{"line":55,"column":8},"end":{"line":55,"column":16}},"16":{"start":{"line":66,"column":22},"end":{"line":66,"column":30}},"17":{"start":{"line":67,"column":29},"end":{"line":67,"column":44}},"18":{"start":{"line":68,"column":17},"end":{"line":68,"column":30}},"19":{"start":{"line":69,"column":22},"end":{"line":69,"column":32}},"20":{"start":{"line":70,"column":15},"end":{"line":70,"column":28}}},"fnMap":{"0":{"name":"mapDispatchToProps","decl":{"start":{"line":46,"column":6},"end":{"line":46,"column":24}},"loc":{"start":{"line":47,"column":17},"end":{"line":64,"column":null}}},"1":{"name":"onFetchAccountProfile","decl":{"start":{"line":49,"column":27},"end":{"line":49,"column":null}},"loc":{"start":{"line":53,"column":30},"end":{"line":63,"column":null}}}},"branchMap":{},"s":{"0":0,"1":0,"2":0,"3":0,"4":0,"5":0,"6":0,"7":0,"8":0,"9":0,"10":0,"11":0,"12":0,"13":0,"14":0,"15":0,"16":0,"17":0,"18":0,"19":0,"20":0},"f":{"0":0,"1":0},"b":{}}
,"/Users/cfchacon/HomePairs/2.0/homepairs/homepairsUI/src/Screens/Auth/RoopairsLogin/RoopairsLoginBase.tsx": {"path":"/Users/cfchacon/HomePairs/2.0/homepairs/homepairsUI/src/Screens/Auth/RoopairsLogin/RoopairsLoginBase.tsx","statementMap":{"0":{"start":{"line":1,"column":0},"end":{"line":1,"column":null}},"1":{"start":{"line":2,"column":0},"end":{"line":2,"column":null}},"2":{"start":{"line":3,"column":0},"end":{"line":3,"column":null}},"3":{"start":{"line":8,"column":0},"end":{"line":8,"column":null}},"4":{"start":{"line":9,"column":0},"end":{"line":9,"column":null}},"5":{"start":{"line":10,"column":0},"end":{"line":10,"column":null}},"6":{"start":{"line":34,"column":22},"end":{"line":34,"column":null}},"7":{"start":{"line":35,"column":33},"end":{"line":35,"column":null}},"8":{"start":{"line":41,"column":19},"end":{"line":43,"column":null}},"9":{"start":{"line":44,"column":4},"end":{"line":44,"column":11}},"10":{"start":{"line":66,"column":0},"end":{"line":66,"column":47}},"11":{"start":{"line":66,"column":47},"end":{"line":66,"column":53}},"12":{"start":{"line":77,"column":8},"end":{"line":77,"column":null}},"13":{"start":{"line":78,"column":8},"end":{"line":78,"column":12}},"14":{"start":{"line":79,"column":8},"end":{"line":79,"column":12}},"15":{"start":{"line":80,"column":8},"end":{"line":80,"column":12}},"16":{"start":{"line":81,"column":8},"end":{"line":81,"column":12}},"17":{"start":{"line":82,"column":8},"end":{"line":82,"column":12}},"18":{"start":{"line":83,"column":8},"end":{"line":83,"column":12}},"19":{"start":{"line":84,"column":8},"end":{"line":84,"column":12}},"20":{"start":{"line":85,"column":8},"end":{"line":85,"column":12}},"21":{"start":{"line":86,"column":8},"end":{"line":86,"column":12}},"22":{"start":{"line":89,"column":8},"end":{"line":89,"column":13}},"23":{"start":{"line":90,"column":8},"end":{"line":90,"column":13}},"24":{"start":{"line":93,"column":4},"end":{"line":93,"column":16}},"25":{"start":{"line":93,"column":16},"end":{"line":93,"column":null}},"26":{"start":{"line":93,"column":16},"end":{"line":93,"column":47}},"27":{"start":{"line":94,"column":14},"end":{"line":94,"column":16}},"28":{"start":{"line":94,"column":16},"end":{"line":94,"column":41}},"29":{"start":{"line":94,"column":41},"end":{"line":94,"column":null}},"30":{"start":{"line":95,"column":8},"end":{"line":95,"column":31}},"31":{"start":{"line":96,"column":8},"end":{"line":96,"column":21}},"32":{"start":{"line":99,"column":4},"end":{"line":99,"column":20}},"33":{"start":{"line":100,"column":8},"end":{"line":100,"column":13}},"34":{"start":{"line":103,"column":4},"end":{"line":103,"column":20}},"35":{"start":{"line":104,"column":8},"end":{"line":104,"column":13}},"36":{"start":{"line":107,"column":4},"end":{"line":107,"column":null}},"37":{"start":{"line":108,"column":15},"end":{"line":108,"column":null}},"38":{"start":{"line":109,"column":8},"end":{"line":109,"column":18}},"39":{"start":{"line":112,"column":4},"end":{"line":112,"column":18}},"40":{"start":{"line":113,"column":20},"end":{"line":113,"column":null}},"41":{"start":{"line":114,"column":8},"end":{"line":117,"column":null}},"42":{"start":{"line":115,"column":12},"end":{"line":115,"column":17}},"43":{"start":{"line":116,"column":12},"end":{"line":116,"column":17}},"44":{"start":{"line":118,"column":8},"end":{"line":121,"column":null}},"45":{"start":{"line":119,"column":12},"end":{"line":119,"column":17}},"46":{"start":{"line":120,"column":12},"end":{"line":120,"column":17}},"47":{"start":{"line":122,"column":8},"end":{"line":122,"column":15}},"48":{"start":{"line":125,"column":4},"end":{"line":125,"column":null}},"49":{"start":{"line":126,"column":8},"end":{"line":126,"column":13}},"50":{"start":{"line":127,"column":8},"end":{"line":127,"column":13}},"51":{"start":{"line":130,"column":4},"end":{"line":130,"column":null}},"52":{"start":{"line":131,"column":14},"end":{"line":131,"column":15}},"53":{"start":{"line":131,"column":15},"end":{"line":131,"column":40}},"54":{"start":{"line":131,"column":40},"end":{"line":131,"column":63}},"55":{"start":{"line":131,"column":63},"end":{"line":131,"column":null}},"56":{"start":{"line":132,"column":14},"end":{"line":132,"column":15}},"57":{"start":{"line":132,"column":15},"end":{"line":132,"column":25}},"58":{"start":{"line":132,"column":25},"end":{"line":132,"column":null}},"59":{"start":{"line":133,"column":8},"end":{"line":133,"column":13}},"60":{"start":{"line":134,"column":8},"end":{"line":137,"column":null}},"61":{"start":{"line":135,"column":12},"end":{"line":135,"column":35}},"62":{"start":{"line":136,"column":12},"end":{"line":136,"column":33}},"63":{"start":{"line":140,"column":4},"end":{"line":140,"column":null}},"64":{"start":{"line":141,"column":31},"end":{"line":141,"column":null}},"65":{"start":{"line":163,"column":8},"end":{"line":163,"column":15}},"66":{"start":{"line":164,"column":12},"end":{"line":164,"column":null}},"67":{"start":{"line":178,"column":0},"end":{"line":178,"column":1}}},"fnMap":{"0":{"name":"setInputStyles","decl":{"start":{"line":40,"column":9},"end":{"line":40,"column":24}},"loc":{"start":{"line":40,"column":58},"end":{"line":64,"column":null}}},"1":{"name":"(anonymous_7)","decl":{"start":{"line":66,"column":0},"end":{"line":66,"column":47}},"loc":{"start":{"line":66,"column":0},"end":{"line":178,"column":null}}},"2":{"name":"RoopairsLoginBase","decl":{"start":{"line":76,"column":4},"end":{"line":76,"column":16}},"loc":{"start":{"line":76,"column":43},"end":{"line":91,"column":null}}},"3":{"name":"(anonymous_9)","decl":{"start":{"line":93,"column":4},"end":{"line":93,"column":16}},"loc":{"start":{"line":93,"column":47},"end":{"line":97,"column":null}}},"4":{"name":"(anonymous_10)","decl":{"start":{"line":99,"column":4},"end":{"line":99,"column":20}},"loc":{"start":{"line":99,"column":37},"end":{"line":101,"column":null}}},"5":{"name":"(anonymous_11)","decl":{"start":{"line":103,"column":4},"end":{"line":103,"column":20}},"loc":{"start":{"line":103,"column":37},"end":{"line":105,"column":null}}},"6":{"name":"(anonymous_12)","decl":{"start":{"line":107,"column":4},"end":{"line":107,"column":null}},"loc":{"start":{"line":107,"column":4},"end":{"line":110,"column":null}}},"7":{"name":"(anonymous_13)","decl":{"start":{"line":112,"column":4},"end":{"line":112,"column":18}},"loc":{"start":{"line":112,"column":52},"end":{"line":123,"column":null}}},"8":{"name":"(anonymous_14)","decl":{"start":{"line":125,"column":4},"end":{"line":125,"column":null}},"loc":{"start":{"line":125,"column":4},"end":{"line":128,"column":null}}},"9":{"name":"(anonymous_15)","decl":{"start":{"line":130,"column":4},"end":{"line":130,"column":null}},"loc":{"start":{"line":130,"column":4},"end":{"line":138,"column":null}}},"10":{"name":"(anonymous_16)","decl":{"start":{"line":140,"column":4},"end":{"line":140,"column":null}},"loc":{"start":{"line":140,"column":4},"end":{"line":177,"column":null}}},"11":{"name":"(anonymous_17)","decl":{"start":{"line":163,"column":34},"end":{"line":163,"column":44}},"loc":{"start":{"line":163,"column":44},"end":{"line":176,"column":null}}}},"branchMap":{"0":{"loc":{"start":{"line":42,"column":10},"end":{"line":42,"column":null}},"type":"cond-expr","locations":[{"start":{"line":42,"column":10},"end":{"line":42,"column":null}},{"start":{"line":43,"column":10},"end":{"line":43,"column":null}}]},"1":{"loc":{"start":{"line":77,"column":8},"end":{"line":77,"column":14}},"type":"binary-expr","locations":[{"start":{"line":77,"column":8},"end":{"line":77,"column":14}},{"start":{"line":77,"column":20},"end":{"line":77,"column":null}}]},"2":{"loc":{"start":{"line":93,"column":16},"end":{"line":93,"column":null}},"type":"if","locations":[{"start":{"line":93,"column":16},"end":{"line":93,"column":null}},{"start":{"line":93,"column":16},"end":{"line":93,"column":null}}]},"3":{"loc":{"start":{"line":114,"column":8},"end":{"line":117,"column":null}},"type":"if","locations":[{"start":{"line":114,"column":8},"end":{"line":117,"column":null}},{"start":{"line":114,"column":8},"end":{"line":117,"column":null}}]},"4":{"loc":{"start":{"line":118,"column":8},"end":{"line":121,"column":null}},"type":"if","locations":[{"start":{"line":118,"column":8},"end":{"line":121,"column":null}},{"start":{"line":118,"column":8},"end":{"line":121,"column":null}}]},"5":{"loc":{"start":{"line":134,"column":8},"end":{"line":137,"column":null}},"type":"if","locations":[{"start":{"line":134,"column":8},"end":{"line":137,"column":null}},{"start":{"line":134,"column":8},"end":{"line":137,"column":null}}]}},"s":{"0":0,"1":0,"2":0,"3":0,"4":0,"5":0,"6":0,"7":0,"8":0,"9":0,"10":0,"11":0,"12":0,"13":0,"14":0,"15":0,"16":0,"17":0,"18":0,"19":0,"20":0,"21":0,"22":0,"23":0,"24":0,"25":0,"26":0,"27":0,"28":0,"29":0,"30":0,"31":0,"32":0,"33":0,"34":0,"35":0,"36":0,"37":0,"38":0,"39":0,"40":0,"41":0,"42":0,"43":0,"44":0,"45":0,"46":0,"47":0,"48":0,"49":0,"50":0,"51":0,"52":0,"53":0,"54":0,"55":0,"56":0,"57":0,"58":0,"59":0,"60":0,"61":0,"62":0,"63":0,"64":0,"65":0,"66":0,"67":0},"f":{"0":0,"1":0,"2":0,"3":0,"4":0,"5":0,"6":0,"7":0,"8":0,"9":0,"10":0,"11":0},"b":{"0":[0,0],"1":[0,0],"2":[0,0],"3":[0,0],"4":[0,0],"5":[0,0]}}
,"/Users/cfchacon/HomePairs/2.0/homepairs/homepairsUI/src/Screens/Auth/SignUpScreen/SignUpScreen.tsx": {"path":"/Users/cfchacon/HomePairs/2.0/homepairs/homepairsUI/src/Screens/Auth/SignUpScreen/SignUpScreen.tsx","statementMap":{"0":{"start":{"line":1,"column":0},"end":{"line":1,"column":null}},"1":{"start":{"line":2,"column":0},"end":{"line":2,"column":null}},"2":{"start":{"line":3,"column":0},"end":{"line":3,"column":null}},"3":{"start":{"line":4,"column":0},"end":{"line":4,"column":null}},"4":{"start":{"line":5,"column":0},"end":{"line":5,"column":null}},"5":{"start":{"line":12,"column":0},"end":{"line":12,"column":null}},"6":{"start":{"line":13,"column":0},"end":{"line":13,"column":null}},"7":{"start":{"line":14,"column":0},"end":{"line":14,"column":null}},"8":{"start":{"line":17,"column":22},"end":{"line":17,"column":null}},"9":{"start":{"line":18,"column":37},"end":{"line":18,"column":null}},"10":{"start":{"line":26,"column":72},"end":{"line":36,"column":null}},"11":{"start":{"line":26,"column":91},"end":{"line":26,"column":92}},"12":{"start":{"line":30,"column":8},"end":{"line":34,"column":null}},"13":{"start":{"line":31,"column":12},"end":{"line":31,"column":20}},"14":{"start":{"line":33,"column":12},"end":{"line":33,"column":20}},"15":{"start":{"line":38,"column":21},"end":{"line":38,"column":29}},"16":{"start":{"line":39,"column":28},"end":{"line":39,"column":43}},"17":{"start":{"line":41,"column":17},"end":{"line":41,"column":30}},"18":{"start":{"line":42,"column":22},"end":{"line":42,"column":32}},"19":{"start":{"line":43,"column":15},"end":{"line":43,"column":28}}},"fnMap":{"0":{"name":"mapDispatchToProps","decl":{"start":{"line":26,"column":6},"end":{"line":26,"column":24}},"loc":{"start":{"line":26,"column":86},"end":{"line":36,"column":null}}},"1":{"name":"generateHomePairsAccount","decl":{"start":{"line":28,"column":30},"end":{"line":28,"column":31}},"loc":{"start":{"line":28,"column":123},"end":{"line":35,"column":null}}}},"branchMap":{"0":{"loc":{"start":{"line":30,"column":8},"end":{"line":34,"column":null}},"type":"if","locations":[{"start":{"line":30,"column":8},"end":{"line":34,"column":null}},{"start":{"line":30,"column":8},"end":{"line":34,"column":null}}]}},"s":{"0":0,"1":0,"2":0,"3":0,"4":0,"5":0,"6":0,"7":0,"8":0,"9":0,"10":0,"11":0,"12":0,"13":0,"14":0,"15":0,"16":0,"17":0,"18":0,"19":0},"f":{"0":0,"1":0},"b":{"0":[0,0]}}
,"/Users/cfchacon/HomePairs/2.0/homepairs/homepairsUI/src/Screens/Auth/SignUpScreen/SignUpScreenBase.tsx": {"path":"/Users/cfchacon/HomePairs/2.0/homepairs/homepairsUI/src/Screens/Auth/SignUpScreen/SignUpScreenBase.tsx","statementMap":{"0":{"start":{"line":1,"column":0},"end":{"line":1,"column":null}},"1":{"start":{"line":2,"column":0},"end":{"line":2,"column":null}},"2":{"start":{"line":3,"column":0},"end":{"line":3,"column":null}},"3":{"start":{"line":8,"column":0},"end":{"line":8,"column":null}},"4":{"start":{"line":9,"column":0},"end":{"line":9,"column":null}},"5":{"start":{"line":10,"column":0},"end":{"line":10,"column":null}},"6":{"start":{"line":11,"column":0},"end":{"line":11,"column":null}},"7":{"start":{"line":12,"column":0},"end":{"line":12,"column":null}},"8":{"start":{"line":40,"column":18},"end":{"line":40,"column":null}},"9":{"start":{"line":50,"column":17},"end":{"line":50,"column":null}},"10":{"start":{"line":54,"column":28},"end":{"line":54,"column":null}},"11":{"start":{"line":57,"column":19},"end":{"line":59,"column":null}},"12":{"start":{"line":60,"column":4},"end":{"line":60,"column":11}},"13":{"start":{"line":103,"column":0},"end":{"line":103,"column":46}},"14":{"start":{"line":103,"column":46},"end":{"line":103,"column":52}},"15":{"start":{"line":124,"column":8},"end":{"line":124,"column":null}},"16":{"start":{"line":194,"column":4},"end":{"line":194,"column":18}},"17":{"start":{"line":195,"column":16},"end":{"line":195,"column":null}},"18":{"start":{"line":196,"column":8},"end":{"line":196,"column":18}},"19":{"start":{"line":199,"column":4},"end":{"line":199,"column":18}},"20":{"start":{"line":200,"column":14},"end":{"line":200,"column":16}},"21":{"start":{"line":200,"column":16},"end":{"line":200,"column":41}},"22":{"start":{"line":200,"column":41},"end":{"line":200,"column":67}},"23":{"start":{"line":200,"column":67},"end":{"line":200,"column":null}},"24":{"start":{"line":201,"column":16},"end":{"line":201,"column":null}},"25":{"start":{"line":202,"column":8},"end":{"line":202,"column":12}},"26":{"start":{"line":203,"column":8},"end":{"line":208,"column":null}},"27":{"start":{"line":204,"column":12},"end":{"line":204,"column":35}},"28":{"start":{"line":205,"column":25},"end":{"line":205,"column":42}},"29":{"start":{"line":206,"column":12},"end":{"line":206,"column":36}},"30":{"start":{"line":207,"column":12},"end":{"line":207,"column":35}},"31":{"start":{"line":211,"column":4},"end":{"line":211,"column":22}},"32":{"start":{"line":212,"column":16},"end":{"line":212,"column":null}},"33":{"start":{"line":213,"column":8},"end":{"line":213,"column":18}},"34":{"start":{"line":125,"column":8},"end":{"line":125,"column":12}},"35":{"start":{"line":126,"column":8},"end":{"line":126,"column":12}},"36":{"start":{"line":127,"column":8},"end":{"line":127,"column":12}},"37":{"start":{"line":128,"column":8},"end":{"line":128,"column":12}},"38":{"start":{"line":129,"column":8},"end":{"line":129,"column":12}},"39":{"start":{"line":130,"column":8},"end":{"line":130,"column":12}},"40":{"start":{"line":131,"column":8},"end":{"line":131,"column":12}},"41":{"start":{"line":132,"column":8},"end":{"line":132,"column":12}},"42":{"start":{"line":133,"column":8},"end":{"line":133,"column":12}},"43":{"start":{"line":134,"column":8},"end":{"line":134,"column":12}},"44":{"start":{"line":135,"column":8},"end":{"line":135,"column":12}},"45":{"start":{"line":136,"column":8},"end":{"line":136,"column":12}},"46":{"start":{"line":137,"column":8},"end":{"line":137,"column":12}},"47":{"start":{"line":139,"column":8},"end":{"line":139,"column":12}},"48":{"start":{"line":140,"column":8},"end":{"line":140,"column":12}},"49":{"start":{"line":141,"column":8},"end":{"line":141,"column":12}},"50":{"start":{"line":142,"column":8},"end":{"line":142,"column":12}},"51":{"start":{"line":143,"column":8},"end":{"line":143,"column":12}},"52":{"start":{"line":144,"column":8},"end":{"line":144,"column":12}},"53":{"start":{"line":145,"column":8},"end":{"line":145,"column":12}},"54":{"start":{"line":146,"column":8},"end":{"line":146,"column":12}},"55":{"start":{"line":149,"column":8},"end":{"line":149,"column":13}},"56":{"start":{"line":150,"column":8},"end":{"line":150,"column":13}},"57":{"start":{"line":153,"column":4},"end":{"line":153,"column":16}},"58":{"start":{"line":153,"column":16},"end":{"line":153,"column":null}},"59":{"start":{"line":153,"column":16},"end":{"line":153,"column":47}},"60":{"start":{"line":154,"column":14},"end":{"line":154,"column":16}},"61":{"start":{"line":154,"column":16},"end":{"line":154,"column":41}},"62":{"start":{"line":154,"column":41},"end":{"line":154,"column":null}},"63":{"start":{"line":155,"column":8},"end":{"line":155,"column":31}},"64":{"start":{"line":156,"column":8},"end":{"line":156,"column":21}},"65":{"start":{"line":159,"column":4},"end":{"line":159,"column":19}},"66":{"start":{"line":160,"column":8},"end":{"line":160,"column":13}},"67":{"start":{"line":163,"column":4},"end":{"line":163,"column":21}},"68":{"start":{"line":164,"column":8},"end":{"line":164,"column":13}},"69":{"start":{"line":167,"column":4},"end":{"line":167,"column":20}},"70":{"start":{"line":168,"column":8},"end":{"line":168,"column":13}},"71":{"start":{"line":171,"column":4},"end":{"line":171,"column":17}},"72":{"start":{"line":172,"column":8},"end":{"line":172,"column":13}},"73":{"start":{"line":175,"column":4},"end":{"line":175,"column":20}},"74":{"start":{"line":176,"column":8},"end":{"line":176,"column":13}},"75":{"start":{"line":179,"column":4},"end":{"line":179,"column":21}},"76":{"start":{"line":180,"column":8},"end":{"line":180,"column":13}},"77":{"start":{"line":183,"column":4},"end":{"line":183,"column":19}},"78":{"start":{"line":184,"column":8},"end":{"line":184,"column":13}},"79":{"start":{"line":187,"column":4},"end":{"line":187,"column":16}},"80":{"start":{"line":188,"column":8},"end":{"line":188,"column":13}},"81":{"start":{"line":216,"column":4},"end":{"line":216,"column":null}},"82":{"start":{"line":217,"column":14},"end":{"line":217,"column":15}},"83":{"start":{"line":217,"column":15},"end":{"line":217,"column":26}},"84":{"start":{"line":217,"column":26},"end":{"line":217,"column":36}},"85":{"start":{"line":217,"column":36},"end":{"line":217,"column":46}},"86":{"start":{"line":217,"column":46},"end":{"line":217,"column":57}},"87":{"start":{"line":217,"column":57},"end":{"line":217,"column":64}},"88":{"start":{"line":217,"column":64},"end":{"line":217,"column":70}},"89":{"start":{"line":217,"column":70},"end":{"line":217,"column":85}},"90":{"start":{"line":217,"column":85},"end":{"line":217,"column":null}},"91":{"start":{"line":218,"column":20},"end":{"line":218,"column":null}},"92":{"start":{"line":219,"column":8},"end":{"line":222,"column":null}},"93":{"start":{"line":220,"column":12},"end":{"line":220,"column":17}},"94":{"start":{"line":221,"column":12},"end":{"line":221,"column":17}},"95":{"start":{"line":223,"column":8},"end":{"line":226,"column":null}},"96":{"start":{"line":224,"column":12},"end":{"line":224,"column":17}},"97":{"start":{"line":225,"column":12},"end":{"line":225,"column":17}},"98":{"start":{"line":227,"column":8},"end":{"line":230,"column":null}},"99":{"start":{"line":228,"column":12},"end":{"line":228,"column":17}},"100":{"start":{"line":229,"column":12},"end":{"line":229,"column":17}},"101":{"start":{"line":231,"column":8},"end":{"line":234,"column":null}},"102":{"start":{"line":232,"column":12},"end":{"line":232,"column":17}},"103":{"start":{"line":233,"column":12},"end":{"line":233,"column":17}},"104":{"start":{"line":235,"column":8},"end":{"line":238,"column":null}},"105":{"start":{"line":236,"column":12},"end":{"line":236,"column":17}},"106":{"start":{"line":237,"column":12},"end":{"line":237,"column":17}},"107":{"start":{"line":239,"column":8},"end":{"line":242,"column":null}},"108":{"start":{"line":240,"column":12},"end":{"line":240,"column":17}},"109":{"start":{"line":241,"column":12},"end":{"line":241,"column":17}},"110":{"start":{"line":243,"column":8},"end":{"line":246,"column":null}},"111":{"start":{"line":244,"column":12},"end":{"line":244,"column":17}},"112":{"start":{"line":245,"column":12},"end":{"line":245,"column":17}},"113":{"start":{"line":247,"column":8},"end":{"line":247,"column":15}},"114":{"start":{"line":250,"column":4},"end":{"line":250,"column":null}},"115":{"start":{"line":251,"column":15},"end":{"line":251,"column":null}},"116":{"start":{"line":252,"column":8},"end":{"line":255,"column":null}},"117":{"start":{"line":253,"column":12},"end":{"line":253,"column":17}},"118":{"start":{"line":254,"column":12},"end":{"line":254,"column":17}},"119":{"start":{"line":256,"column":8},"end":{"line":256,"column":13}},"120":{"start":{"line":257,"column":8},"end":{"line":257,"column":13}},"121":{"start":{"line":258,"column":8},"end":{"line":258,"column":13}},"122":{"start":{"line":259,"column":8},"end":{"line":259,"column":13}},"123":{"start":{"line":260,"column":8},"end":{"line":260,"column":13}},"124":{"start":{"line":263,"column":4},"end":{"line":263,"column":null}},"125":{"start":{"line":264,"column":16},"end":{"line":264,"column":null}},"126":{"start":{"line":265,"column":8},"end":{"line":265,"column":18}},"127":{"start":{"line":268,"column":4},"end":{"line":268,"column":null}},"128":{"start":{"line":269,"column":8},"end":{"line":269,"column":13}},"129":{"start":{"line":272,"column":4},"end":{"line":272,"column":null}},"130":{"start":{"line":273,"column":14},"end":{"line":273,"column":15}},"131":{"start":{"line":273,"column":15},"end":{"line":273,"column":26}},"132":{"start":{"line":273,"column":26},"end":{"line":273,"column":null}},"133":{"start":{"line":274,"column":15},"end":{"line":274,"column":null}},"134":{"start":{"line":275,"column":31},"end":{"line":275,"column":null}},"135":{"start":{"line":342,"column":25},"end":{"line":342,"column":39}},"136":{"start":{"line":342,"column":60},"end":{"line":342,"column":61}},"137":{"start":{"line":343,"column":22},"end":{"line":343,"column":null}},"138":{"start":{"line":344,"column":8},"end":{"line":344,"column":15}},"139":{"start":{"line":345,"column":12},"end":{"line":345,"column":null}},"140":{"start":{"line":360,"column":4},"end":{"line":360,"column":null}},"141":{"start":{"line":361,"column":16},"end":{"line":361,"column":null}},"142":{"start":{"line":362,"column":8},"end":{"line":362,"column":15}},"143":{"start":{"line":385,"column":4},"end":{"line":385,"column":null}},"144":{"start":{"line":386,"column":16},"end":{"line":386,"column":null}},"145":{"start":{"line":387,"column":8},"end":{"line":387,"column":null}},"146":{"start":{"line":399,"column":0},"end":{"line":399,"column":1}}},"fnMap":{"0":{"name":"setInputStyles","decl":{"start":{"line":56,"column":9},"end":{"line":56,"column":24}},"loc":{"start":{"line":56,"column":58},"end":{"line":101,"column":null}}},"1":{"name":"(anonymous_9)","decl":{"start":{"line":103,"column":0},"end":{"line":103,"column":46}},"loc":{"start":{"line":103,"column":0},"end":{"line":399,"column":null}}},"2":{"name":"SignUpScreenBase","decl":{"start":{"line":123,"column":4},"end":{"line":123,"column":16}},"loc":{"start":{"line":123,"column":44},"end":{"line":151,"column":null}}},"3":{"name":"(anonymous_11)","decl":{"start":{"line":194,"column":18},"end":{"line":194,"column":null}},"loc":{"start":{"line":194,"column":18},"end":{"line":197,"column":null}}},"4":{"name":"(anonymous_12)","decl":{"start":{"line":199,"column":18},"end":{"line":199,"column":null}},"loc":{"start":{"line":199,"column":18},"end":{"line":209,"column":null}}},"5":{"name":"(anonymous_13)","decl":{"start":{"line":211,"column":22},"end":{"line":211,"column":null}},"loc":{"start":{"line":211,"column":22},"end":{"line":214,"column":null}}},"6":{"name":"(anonymous_14)","decl":{"start":{"line":153,"column":4},"end":{"line":153,"column":16}},"loc":{"start":{"line":153,"column":47},"end":{"line":157,"column":null}}},"7":{"name":"(anonymous_15)","decl":{"start":{"line":159,"column":4},"end":{"line":159,"column":19}},"loc":{"start":{"line":159,"column":42},"end":{"line":161,"column":null}}},"8":{"name":"(anonymous_16)","decl":{"start":{"line":163,"column":4},"end":{"line":163,"column":21}},"loc":{"start":{"line":163,"column":38},"end":{"line":165,"column":null}}},"9":{"name":"(anonymous_17)","decl":{"start":{"line":167,"column":4},"end":{"line":167,"column":20}},"loc":{"start":{"line":167,"column":37},"end":{"line":169,"column":null}}},"10":{"name":"(anonymous_18)","decl":{"start":{"line":171,"column":4},"end":{"line":171,"column":17}},"loc":{"start":{"line":171,"column":34},"end":{"line":173,"column":null}}},"11":{"name":"(anonymous_19)","decl":{"start":{"line":175,"column":4},"end":{"line":175,"column":20}},"loc":{"start":{"line":175,"column":37},"end":{"line":177,"column":null}}},"12":{"name":"(anonymous_20)","decl":{"start":{"line":179,"column":4},"end":{"line":179,"column":21}},"loc":{"start":{"line":179,"column":38},"end":{"line":181,"column":null}}},"13":{"name":"(anonymous_21)","decl":{"start":{"line":183,"column":4},"end":{"line":183,"column":19}},"loc":{"start":{"line":183,"column":36},"end":{"line":185,"column":null}}},"14":{"name":"(anonymous_22)","decl":{"start":{"line":187,"column":4},"end":{"line":187,"column":16}},"loc":{"start":{"line":187,"column":33},"end":{"line":189,"column":null}}},"15":{"name":"(anonymous_23)","decl":{"start":{"line":216,"column":4},"end":{"line":216,"column":null}},"loc":{"start":{"line":216,"column":4},"end":{"line":248,"column":null}}},"16":{"name":"(anonymous_24)","decl":{"start":{"line":250,"column":4},"end":{"line":250,"column":null}},"loc":{"start":{"line":250,"column":4},"end":{"line":261,"column":null}}},"17":{"name":"(anonymous_25)","decl":{"start":{"line":263,"column":4},"end":{"line":263,"column":null}},"loc":{"start":{"line":263,"column":4},"end":{"line":266,"column":null}}},"18":{"name":"(anonymous_26)","decl":{"start":{"line":268,"column":4},"end":{"line":268,"column":null}},"loc":{"start":{"line":268,"column":4},"end":{"line":270,"column":null}}},"19":{"name":"(anonymous_27)","decl":{"start":{"line":272,"column":4},"end":{"line":272,"column":null}},"loc":{"start":{"line":272,"column":4},"end":{"line":358,"column":null}}},"20":{"name":"(anonymous_28)","decl":{"start":{"line":342,"column":47},"end":{"line":342,"column":56}},"loc":{"start":{"line":342,"column":56},"end":{"line":342,"column":null}}},"21":{"name":"(anonymous_29)","decl":{"start":{"line":344,"column":25},"end":{"line":344,"column":35}},"loc":{"start":{"line":344,"column":35},"end":{"line":357,"column":null}}},"22":{"name":"(anonymous_30)","decl":{"start":{"line":360,"column":4},"end":{"line":360,"column":null}},"loc":{"start":{"line":360,"column":4},"end":{"line":381,"column":null}}},"23":{"name":"(anonymous_31)","decl":{"start":{"line":385,"column":4},"end":{"line":385,"column":null}},"loc":{"start":{"line":385,"column":4},"end":{"line":398,"column":null}}}},"branchMap":{"0":{"loc":{"start":{"line":58,"column":10},"end":{"line":58,"column":null}},"type":"cond-expr","locations":[{"start":{"line":58,"column":10},"end":{"line":58,"column":null}},{"start":{"line":59,"column":10},"end":{"line":59,"column":null}}]},"1":{"loc":{"start":{"line":124,"column":8},"end":{"line":124,"column":14}},"type":"binary-expr","locations":[{"start":{"line":124,"column":8},"end":{"line":124,"column":14}},{"start":{"line":124,"column":20},"end":{"line":124,"column":null}}]},"2":{"loc":{"start":{"line":203,"column":8},"end":{"line":208,"column":null}},"type":"if","locations":[{"start":{"line":203,"column":8},"end":{"line":208,"column":null}},{"start":{"line":203,"column":8},"end":{"line":208,"column":null}}]},"3":{"loc":{"start":{"line":153,"column":16},"end":{"line":153,"column":null}},"type":"if","locations":[{"start":{"line":153,"column":16},"end":{"line":153,"column":null}},{"start":{"line":153,"column":16},"end":{"line":153,"column":null}}]},"4":{"loc":{"start":{"line":219,"column":8},"end":{"line":222,"column":null}},"type":"if","locations":[{"start":{"line":219,"column":8},"end":{"line":222,"column":null}},{"start":{"line":219,"column":8},"end":{"line":222,"column":null}}]},"5":{"loc":{"start":{"line":223,"column":8},"end":{"line":226,"column":null}},"type":"if","locations":[{"start":{"line":223,"column":8},"end":{"line":226,"column":null}},{"start":{"line":223,"column":8},"end":{"line":226,"column":null}}]},"6":{"loc":{"start":{"line":227,"column":8},"end":{"line":230,"column":null}},"type":"if","locations":[{"start":{"line":227,"column":8},"end":{"line":230,"column":null}},{"start":{"line":227,"column":8},"end":{"line":230,"column":null}}]},"7":{"loc":{"start":{"line":231,"column":8},"end":{"line":234,"column":null}},"type":"if","locations":[{"start":{"line":231,"column":8},"end":{"line":234,"column":null}},{"start":{"line":231,"column":8},"end":{"line":234,"column":null}}]},"8":{"loc":{"start":{"line":235,"column":8},"end":{"line":238,"column":null}},"type":"if","locations":[{"start":{"line":235,"column":8},"end":{"line":238,"column":null}},{"start":{"line":235,"column":8},"end":{"line":238,"column":null}}]},"9":{"loc":{"start":{"line":239,"column":8},"end":{"line":242,"column":null}},"type":"if","locations":[{"start":{"line":239,"column":8},"end":{"line":242,"column":null}},{"start":{"line":239,"column":8},"end":{"line":242,"column":null}}]},"10":{"loc":{"start":{"line":239,"column":12},"end":{"line":239,"column":28}},"type":"binary-expr","locations":[{"start":{"line":239,"column":12},"end":{"line":239,"column":28}},{"start":{"line":239,"column":46},"end":{"line":239,"column":83}}]},"11":{"loc":{"start":{"line":243,"column":8},"end":{"line":246,"column":null}},"type":"if","locations":[{"start":{"line":243,"column":8},"end":{"line":246,"column":null}},{"start":{"line":243,"column":8},"end":{"line":246,"column":null}}]},"12":{"loc":{"start":{"line":243,"column":12},"end":{"line":243,"column":28}},"type":"binary-expr","locations":[{"start":{"line":243,"column":12},"end":{"line":243,"column":28}},{"start":{"line":243,"column":37},"end":{"line":243,"column":74}}]},"13":{"loc":{"start":{"line":252,"column":8},"end":{"line":255,"column":null}},"type":"if","locations":[{"start":{"line":252,"column":8},"end":{"line":255,"column":null}},{"start":{"line":252,"column":8},"end":{"line":255,"column":null}}]},"14":{"loc":{"start":{"line":342,"column":61},"end":{"line":342,"column":122}},"type":"binary-expr","locations":[{"start":{"line":342,"column":61},"end":{"line":342,"column":122}},{"start":{"line":342,"column":122},"end":{"line":342,"column":61}}]},"15":{"loc":{"start":{"line":343,"column":62},"end":{"line":343,"column":72}},"type":"cond-expr","locations":[{"start":{"line":343,"column":62},"end":{"line":343,"column":72}},{"start":{"line":343,"column":72},"end":{"line":343,"column":null}}]},"16":{"loc":{"start":{"line":363,"column":12},"end":{"line":363,"column":13}},"type":"cond-expr","locations":[{"start":{"line":363,"column":12},"end":{"line":363,"column":13}},{"start":{"line":379,"column":12},"end":{"line":379,"column":null}}]}},"s":{"0":0,"1":0,"2":0,"3":0,"4":0,"5":0,"6":0,"7":0,"8":0,"9":0,"10":0,"11":0,"12":0,"13":0,"14":0,"15":0,"16":0,"17":0,"18":0,"19":0,"20":0,"21":0,"22":0,"23":0,"24":0,"25":0,"26":0,"27":0,"28":0,"29":0,"30":0,"31":0,"32":0,"33":0,"34":0,"35":0,"36":0,"37":0,"38":0,"39":0,"40":0,"41":0,"42":0,"43":0,"44":0,"45":0,"46":0,"47":0,"48":0,"49":0,"50":0,"51":0,"52":0,"53":0,"54":0,"55":0,"56":0,"57":0,"58":0,"59":0,"60":0,"61":0,"62":0,"63":0,"64":0,"65":0,"66":0,"67":0,"68":0,"69":0,"70":0,"71":0,"72":0,"73":0,"74":0,"75":0,"76":0,"77":0,"78":0,"79":0,"80":0,"81":0,"82":0,"83":0,"84":0,"85":0,"86":0,"87":0,"88":0,"89":0,"90":0,"91":0,"92":0,"93":0,"94":0,"95":0,"96":0,"97":0,"98":0,"99":0,"100":0,"101":0,"102":0,"103":0,"104":0,"105":0,"106":0,"107":0,"108":0,"109":0,"110":0,"111":0,"112":0,"113":0,"114":0,"115":0,"116":0,"117":0,"118":0,"119":0,"120":0,"121":0,"122":0,"123":0,"124":0,"125":0,"126":0,"127":0,"128":0,"129":0,"130":0,"131":0,"132":0,"133":0,"134":0,"135":0,"136":0,"137":0,"138":0,"139":0,"140":0,"141":0,"142":0,"143":0,"144":0,"145":0,"146":0},"f":{"0":0,"1":0,"2":0,"3":0,"4":0,"5":0,"6":0,"7":0,"8":0,"9":0,"10":0,"11":0,"12":0,"13":0,"14":0,"15":0,"16":0,"17":0,"18":0,"19":0,"20":0,"21":0,"22":0,"23":0},"b":{"0":[0,0],"1":[0,0],"2":[0,0],"3":[0,0],"4":[0,0],"5":[0,0],"6":[0,0],"7":[0,0],"8":[0,0],"9":[0,0],"10":[0,0],"11":[0,0],"12":[0,0],"13":[0,0],"14":[0,0],"15":[0,0],"16":[0,0]}}
,"/Users/cfchacon/HomePairs/2.0/homepairs/homepairsUI/src/Screens/Components/index.tsx": {"path":"/Users/cfchacon/HomePairs/2.0/homepairs/homepairsUI/src/Screens/Components/index.tsx","statementMap":{"0":{"start":{"line":9,"column":0},"end":{"line":9,"column":null}},"1":{"start":{"line":15,"column":0},"end":{"line":15,"column":null}},"2":{"start":{"line":16,"column":0},"end":{"line":16,"column":null}},"3":{"start":{"line":17,"column":0},"end":{"line":17,"column":null}},"4":{"start":{"line":20,"column":0},"end":{"line":20,"column":null}},"5":{"start":{"line":25,"column":0},"end":{"line":25,"column":null}},"6":{"start":{"line":30,"column":0},"end":{"line":30,"column":null}},"7":{"start":{"line":34,"column":0},"end":{"line":34,"column":null}},"8":{"start":{"line":39,"column":0},"end":{"line":39,"column":null}},"9":{"start":{"line":41,"column":0},"end":{"line":41,"column":null}},"10":{"start":{"line":42,"column":0},"end":{"line":42,"column":null}},"11":{"start":{"line":43,"column":0},"end":{"line":43,"column":null}},"12":{"start":{"line":44,"column":0},"end":{"line":44,"column":null}},"13":{"start":{"line":45,"column":0},"end":{"line":45,"column":null}},"14":{"start":{"line":46,"column":0},"end":{"line":46,"column":null}},"15":{"start":{"line":47,"column":0},"end":{"line":47,"column":null}},"16":{"start":{"line":48,"column":0},"end":{"line":48,"column":null}},"17":{"start":{"line":49,"column":0},"end":{"line":49,"column":null}},"18":{"start":{"line":50,"column":0},"end":{"line":50,"column":null}},"19":{"start":{"line":51,"column":0},"end":{"line":51,"column":null}}},"fnMap":{},"branchMap":{},"s":{"0":3,"1":3,"2":3,"3":3,"4":3,"5":3,"6":3,"7":3,"8":3,"9":3,"10":3,"11":3,"12":3,"13":3,"14":3,"15":3,"16":3,"17":3,"18":3,"19":3},"f":{},"b":{}}
,"/Users/cfchacon/HomePairs/2.0/homepairs/homepairsUI/src/Screens/Components/AccounttypeRadioButton/AccountTypeRadioButton.tsx": {"path":"/Users/cfchacon/HomePairs/2.0/homepairs/homepairsUI/src/Screens/Components/AccounttypeRadioButton/AccountTypeRadioButton.tsx","statementMap":{"0":{"start":{"line":1,"column":0},"end":{"line":1,"column":null}},"1":{"start":{"line":2,"column":0},"end":{"line":2,"column":null}},"2":{"start":{"line":3,"column":0},"end":{"line":3,"column":null}},"3":{"start":{"line":4,"column":0},"end":{"line":4,"column":null}},"4":{"start":{"line":10,"column":0},"end":{"line":10,"column":null}},"5":{"start":{"line":23,"column":28},"end":{"line":23,"column":null}},"6":{"start":{"line":26,"column":18},"end":{"line":26,"column":null}},"7":{"start":{"line":27,"column":2},"end":{"line":27,"column":9}},"8":{"start":{"line":106,"column":0},"end":{"line":106,"column":52}},"9":{"start":{"line":106,"column":52},"end":{"line":106,"column":58}},"10":{"start":{"line":115,"column":4},"end":{"line":115,"column":null}},"11":{"start":{"line":116,"column":4},"end":{"line":116,"column":8}},"12":{"start":{"line":117,"column":4},"end":{"line":117,"column":8}},"13":{"start":{"line":119,"column":4},"end":{"line":119,"column":8}},"14":{"start":{"line":120,"column":4},"end":{"line":120,"column":9}},"15":{"start":{"line":123,"column":2},"end":{"line":123,"column":null}},"16":{"start":{"line":124,"column":10},"end":{"line":124,"column":11}},"17":{"start":{"line":124,"column":11},"end":{"line":124,"column":27}},"18":{"start":{"line":124,"column":27},"end":{"line":124,"column":null}},"19":{"start":{"line":125,"column":4},"end":{"line":125,"column":null}},"20":{"start":{"line":126,"column":4},"end":{"line":126,"column":9}},"21":{"start":{"line":127,"column":4},"end":{"line":127,"column":18}},"22":{"start":{"line":130,"column":2},"end":{"line":130,"column":null}},"23":{"start":{"line":131,"column":10},"end":{"line":131,"column":11}},"24":{"start":{"line":131,"column":11},"end":{"line":131,"column":27}},"25":{"start":{"line":131,"column":27},"end":{"line":131,"column":null}},"26":{"start":{"line":132,"column":4},"end":{"line":132,"column":null}},"27":{"start":{"line":133,"column":4},"end":{"line":133,"column":9}},"28":{"start":{"line":134,"column":4},"end":{"line":134,"column":18}},"29":{"start":{"line":138,"column":2},"end":{"line":138,"column":13}},"30":{"start":{"line":139,"column":11},"end":{"line":139,"column":null}},"31":{"start":{"line":140,"column":4},"end":{"line":140,"column":11}},"32":{"start":{"line":147,"column":1},"end":{"line":147,"column":null}},"33":{"start":{"line":148,"column":10},"end":{"line":148,"column":null}},"34":{"start":{"line":149,"column":10},"end":{"line":149,"column":null}},"35":{"start":{"line":150,"column":17},"end":{"line":150,"column":26}},"36":{"start":{"line":151,"column":27},"end":{"line":151,"column":null}},"37":{"start":{"line":152,"column":28},"end":{"line":152,"column":null}},"38":{"start":{"line":153,"column":3},"end":{"line":153,"column":null}},"39":{"start":{"line":177,"column":0},"end":{"line":177,"column":1}},"40":{"start":{"line":180,"column":0},"end":{"line":180,"column":22}},"41":{"start":{"line":182,"column":49},"end":{"line":182,"column":56}}},"fnMap":{"0":{"name":"setStyle","decl":{"start":{"line":25,"column":9},"end":{"line":25,"column":18}},"loc":{"start":{"line":25,"column":51},"end":{"line":104,"column":null}}},"1":{"name":"(anonymous_7)","decl":{"start":{"line":106,"column":0},"end":{"line":106,"column":52}},"loc":{"start":{"line":106,"column":0},"end":{"line":177,"column":null}}},"2":{"name":"AccountTypeRadioButton","decl":{"start":{"line":114,"column":2},"end":{"line":114,"column":14}},"loc":{"start":{"line":114,"column":52},"end":{"line":121,"column":null}}},"3":{"name":"(anonymous_9)","decl":{"start":{"line":123,"column":2},"end":{"line":123,"column":null}},"loc":{"start":{"line":123,"column":2},"end":{"line":128,"column":null}}},"4":{"name":"(anonymous_10)","decl":{"start":{"line":130,"column":2},"end":{"line":130,"column":null}},"loc":{"start":{"line":130,"column":2},"end":{"line":135,"column":null}}},"5":{"name":"(anonymous_11)","decl":{"start":{"line":138,"column":2},"end":{"line":138,"column":13}},"loc":{"start":{"line":138,"column":18},"end":{"line":145,"column":null}}},"6":{"name":"(anonymous_12)","decl":{"start":{"line":147,"column":1},"end":{"line":147,"column":null}},"loc":{"start":{"line":147,"column":1},"end":{"line":176,"column":null}}},"7":{"name":"parentCallBack","decl":{"start":{"line":182,"column":18},"end":{"line":182,"column":19}},"loc":{"start":{"line":182,"column":43},"end":{"line":182,"column":null}}}},"branchMap":{"0":{"loc":{"start":{"line":26,"column":40},"end":{"line":26,"column":69}},"type":"cond-expr","locations":[{"start":{"line":26,"column":40},"end":{"line":26,"column":69}},{"start":{"line":26,"column":69},"end":{"line":26,"column":null}}]},"1":{"loc":{"start":{"line":115,"column":4},"end":{"line":115,"column":10}},"type":"binary-expr","locations":[{"start":{"line":115,"column":4},"end":{"line":115,"column":10}},{"start":{"line":115,"column":16},"end":{"line":115,"column":null}}]},"2":{"loc":{"start":{"line":140,"column":26},"end":{"line":140,"column":34}},"type":"cond-expr","locations":[{"start":{"line":140,"column":26},"end":{"line":140,"column":34}},{"start":{"line":140,"column":34},"end":{"line":140,"column":35}}]},"3":{"loc":{"start":{"line":151,"column":46},"end":{"line":151,"column":75}},"type":"cond-expr","locations":[{"start":{"line":151,"column":46},"end":{"line":151,"column":75}},{"start":{"line":151,"column":75},"end":{"line":151,"column":null}}]},"4":{"loc":{"start":{"line":152,"column":47},"end":{"line":152,"column":75}},"type":"cond-expr","locations":[{"start":{"line":152,"column":47},"end":{"line":152,"column":75}},{"start":{"line":152,"column":75},"end":{"line":152,"column":null}}]},"5":{"loc":{"start":{"line":161,"column":12},"end":{"line":161,"column":35}},"type":"cond-expr","locations":[{"start":{"line":161,"column":12},"end":{"line":161,"column":35}},{"start":{"line":161,"column":35},"end":{"line":161,"column":null}}]},"6":{"loc":{"start":{"line":169,"column":12},"end":{"line":169,"column":33}},"type":"cond-expr","locations":[{"start":{"line":169,"column":12},"end":{"line":169,"column":33}},{"start":{"line":169,"column":33},"end":{"line":169,"column":null}}]}},"s":{"0":3,"1":3,"2":3,"3":3,"4":3,"5":3,"6":0,"7":0,"8":3,"9":3,"10":0,"11":0,"12":0,"13":0,"14":0,"15":3,"16":0,"17":0,"18":0,"19":0,"20":0,"21":0,"22":3,"23":0,"24":0,"25":0,"26":0,"27":0,"28":0,"29":3,"30":0,"31":0,"32":3,"33":0,"34":0,"35":0,"36":0,"37":0,"38":0,"39":3,"40":3,"41":0},"f":{"0":0,"1":3,"2":0,"3":0,"4":0,"5":0,"6":0,"7":0},"b":{"0":[0,0],"1":[0,0],"2":[0,0],
[...]
}}},"8":{"name":"updateProperty","decl":{"start":{"line":119,"column":13},"end":{"line":119,"column":27}},"loc":{"start":{"line":119,"column":79},"end":{"line":125,"column":null}}},"9":{"name":"postUpdatedProperty","decl":{"start":{"line":140,"column":13},"end":{"line":140,"column":32}},"loc":{"start":{"line":143,"column":53},"end":{"line":167,"column":null}}},"10":{"name":"(anonymous_24)","decl":{"start":{"line":144,"column":9},"end":{"line":144,"column":16}},"loc":{"start":{"line":144,"column":45},"end":{"line":166,"column":null}}},"11":{"name":"(anonymous_25)","decl":{"start":{"line":144,"column":45},"end":{"line":144,"column":null}},"loc":{"start":{"line":144,"column":45},"end":{"line":144,"column":null}}},"12":{"name":"(anonymous_27)","decl":{"start":{"line":157,"column":10},"end":{"line":157,"column":11}},"loc":{"start":{"line":157,"column":19},"end":{"line":164,"column":7}}},"13":{"name":"(anonymous_28)","decl":{"start":{"line":164,"column":13},"end":{"line":164,"column":14}},"loc":{"start":{"line":164,"column":19},"end":{"line":165,"column":null}}},"14":{"name":"removeProperty","decl":{"start":{"line":177,"column":13},"end":{"line":177,"column":27}},"loc":{"start":{"line":178,"column":25},"end":{"line":182,"column":null}}},"15":{"name":"fetchProperty","decl":{"start":{"line":193,"column":13},"end":{"line":193,"column":26}},"loc":{"start":{"line":193,"column":54},"end":{"line":208,"column":null}}},"16":{"name":"fetchProperties","decl":{"start":{"line":219,"column":13},"end":{"line":219,"column":28}},"loc":{"start":{"line":220,"column":32},"end":{"line":237,"column":null}}},"17":{"name":"(anonymous_32)","decl":{"start":{"line":223,"column":30},"end":{"line":223,"column":44}},"loc":{"start":{"line":223,"column":44},"end":{"line":232,"column":null}}}},"branchMap":{"0":{"loc":{"start":{"line":27,"column":12},"end":{"line":27,"column":38}},"type":"binary-expr","locations":[{"start":{"line":27,"column":12},"end":{"line":27,"column":38}},{"start":{"line":27,"column":38},"end":{"line":27,"column":null}}]},"1":{"loc":{"start":{"line":96,"column":16},"end":{"line":102,"column":null}},"type":"if","locations":[{"start":{"line":96,"column":16},"end":{"line":102,"column":null}},{"start":{"line":96,"column":16},"end":{"line":102,"column":null}}]},"2":{"loc":{"start":{"line":158,"column":6},"end":{"line":163,"column":null}},"type":"if","locations":[{"start":{"line":158,"column":6},"end":{"line":163,"column":null}},{"start":{"line":158,"column":6},"end":{"line":163,"column":null}}]},"3":{"loc":{"start":{"line":223,"column":20},"end":{"line":223,"column":22}},"type":"cond-expr","locations":[{"start":{"line":223,"column":20},"end":{"line":223,"column":22}},{"start":{"line":223,"column":20},"end":{"line":223,"column":22}}]},"4":{"loc":{"start":{"line":223,"column":4},"end":{"line":223,"column":22}},"type":"binary-expr","locations":[{"start":{"line":223,"column":4},"end":{"line":223,"column":22}},{"start":{"line":223,"column":20},"end":{"line":223,"column":22}}]}},"s":{"0":12,"1":12,"2":12,"3":12,"4":12,"5":12,"6":12,"7":12,"8":12,"9":12,"10":12,"11":12,"12":0,"13":12,"14":1,"15":12,"16":3,"17":3,"18":6,"19":2,"20":1,"21":1,"22":1,"23":12,"24":1,"25":12,"26":3,"27":3,"28":3,"29":2,"30":1,"31":1,"32":12,"33":0,"34":12,"35":2,"36":2,"37":2,"38":2,"39":12,"40":2,"41":2,"42":1,"43":2},"f":{"0":12,"1":0,"2":1,"3":3,"4":3,"5":3,"6":2,"7":1,"8":1,"9":3,"10":3,"11":3,"12":2,"13":1,"14":0,"15":2,"16":2,"17":1},"b":{"0":[12,12],"1":[1,1],"2":[1,1],"3":[1,1],"4":[2,2]}}
,"/Users/cfchacon/HomePairs/2.0/homepairs/homepairsUI/src/state/property-list/reducer.tsx": {"path":"/Users/cfchacon/HomePairs/2.0/homepairs/homepairsUI/src/state/property-list/reducer.tsx","statementMap":{"0":{"start":{"line":11,"column":0},"end":{"line":11,"column":null}},"1":{"start":{"line":21,"column":47},"end":{"line":21,"column":null}},"2":{"start":{"line":26,"column":26},"end":{"line":90,"column":null}},"3":{"start":{"line":27,"column":4},"end":{"line":27,"column":null}},"4":{"start":{"line":27,"column":4},"end":{"line":27,"column":43}},"5":{"start":{"line":31,"column":18},"end":{"line":31,"column":26}},"6":{"start":{"line":32,"column":19},"end":{"line":32,"column":null}},"7":{"start":{"line":33,"column":30},"end":{"line":33,"column":null}},"8":{"start":{"line":34,"column":30},"end":{"line":34,"column":null}},"9":{"start":{"line":36,"column":4},"end":{"line":36,"column":12}},"10":{"start":{"line":39,"column":12},"end":{"line":39,"column":20}},"11":{"start":{"line":40,"column":12},"end":{"line":40,"column":31}},"12":{"start":{"line":41,"column":12},"end":{"line":41,"column":19}},"13":{"start":{"line":46,"column":12},"end":{"line":46,"column":23}},"14":{"start":{"line":47,"column":12},"end":{"line":47,"column":31}},"15":{"start":{"line":48,"column":38},"end":{"line":48,"column":47}},"16":{"start":{"line":50,"column":12},"end":{"line":50,"column":19}},"17":{"start":{"line":55,"column":12},"end":{"line":55,"column":20}},"18":{"start":{"line":56,"column":12},"end":{"line":56,"column":23}},"19":{"start":{"line":57,"column":12},"end":{"line":57,"column":31}},"20":{"start":{"line":58,"column":16},"end":{"line":61,"column":null}},"21":{"start":{"line":60,"column":20},"end":{"line":60,"column":27}},"22":{"start":{"line":63,"column":16},"end":{"line":63,"column":null}},"23":{"start":{"line":68,"column":12},"end":{"line":68,"column":19}},"24":{"start":{"line":73,"column":12},"end":{"line":73,"column":19}},"25":{"start":{"line":78,"column":12},"end":{"line":78,"column":19}},"26":{"start":{"line":83,"column":12},"end":{"line":83,"column":null}},"27":{"start":{"line":88,"column":12},"end":{"line":88,"column":19}}},"fnMap":{"0":{"name":"properties","decl":{"start":{"line":26,"column":13},"end":{"line":26,"column":23}},"loc":{"start":{"line":28,"column":30},"end":{"line":90,"column":null}}},"1":{"name":"(anonymous_4)","decl":{"start":{"line":48,"column":16},"end":{"line":48,"column":17}},"loc":{"start":{"line":48,"column":33},"end":{"line":48,"column":null}}},"2":{"name":"(anonymous_5)","decl":{"start":{"line":57,"column":55},"end":{"line":57,"column":56}},"loc":{"start":{"line":57,"column":67},"end":{"line":67,"column":null}}}},"branchMap":{"0":{"loc":{"start":{"line":27,"column":4},"end":{"line":27,"column":null}},"type":"if","locations":[{"start":{"line":27,"column":4},"end":{"line":27,"column":null}},{"start":{"line":27,"column":4},"end":{"line":27,"column":null}}]},"1":{"loc":{"start":{"line":37,"column":8},"end":{"line":41,"column":19}},"type":"switch","locations":[{"start":{"line":37,"column":8},"end":{"line":41,"column":19}},{"start":{"line":45,"column":8},"end":{"line":50,"column":19}},{"start":{"line":54,"column":8},"end":{"line":68,"column":19}},{"start":{"line":72,"column":8},"end":{"line":73,"column":19}},{"start":{"line":77,"column":8},"end":{"line":78,"column":19}},{"start":{"line":82,"column":8},"end":{"line":83,"column":null}},{"start":{"line":87,"column":8},"end":{"line":88,"column":19}}]},"2":{"loc":{"start":{"line":58,"column":16},"end":{"line":61,"column":null}},"type":"if","locations":[{"start":{"line":58,"column":16},"end":{"line":61,"column":null}},{"start":{"line":58,"column":16},"end":{"line":61,"column":null}}]}},"s":{"0":1,"1":1,"2":1,"3":10,"4":4,"5":10,"6":10,"7":10,"8":10,"9":10,"10":2,"11":2,"12":2,"13":1,"14":1,"15":3,"16":1,"17":1,"18":1,"19":1,"20":3,"21":2,"22":1,"23":1,"24":1,"25":1,"26":2,"27":2},"f":{"0":10,"1":3,"2":3},"b":{"0":[4,6],"1":[2,1,1,1,1,2,2],"2":[2,1]}}
,"/Users/cfchacon/HomePairs/2.0/homepairs/homepairsUI/src/state/service/actions.tsx": {"path":"/Users/cfchacon/HomePairs/2.0/homepairs/homepairsUI/src/state/service/actions.tsx","statementMap":{"0":{"start":{"line":1,"column":0},"end":{"line":1,"column":null}},"1":{"start":{"line":14,"column":37},"end":{"line":14,"column":null}},"2":{"start":{"line":22,"column":36},"end":{"line":33,"column":null}},"3":{"start":{"line":24,"column":42},"end":{"line":24,"column":null}},"4":{"start":{"line":29,"column":4},"end":{"line":29,"column":11}},"5":{"start":{"line":35,"column":35},"end":{"line":41,"column":null}},"6":{"start":{"line":37,"column":4},"end":{"line":37,"column":11}},"7":{"start":{"line":43,"column":33},"end":{"line":49,"column":null}},"8":{"start":{"line":45,"column":4},"end":{"line":45,"column":11}},"9":{"start":{"line":51,"column":35},"end":{"line":57,"column":null}},"10":{"start":{"line":53,"column":4},"end":{"line":53,"column":12}},"11":{"start":{"line":59,"column":37},"end":{"line":65,"column":null}},"12":{"start":{"line":61,"column":4},"end":{"line":61,"column":12}}},"fnMap":{"0":{"name":"requestServiceAction","decl":{"start":{"line":22,"column":13},"end":{"line":22,"column":33}},"loc":{"start":{"line":22,"column":70},"end":{"line":33,"column":null}}},"1":{"name":"acceptServiceAction","decl":{"start":{"line":35,"column":13},"end":{"line":35,"column":32}},"loc":{"start":{"line":35,"column":62},"end":{"line":41,"column":null}}},"2":{"name":"denyServiceAction","decl":{"start":{"line":43,"column":13},"end":{"line":43,"column":30}},"loc":{"start":{"line":43,"column":60},"end":{"line":49,"column":null}}},"3":{"name":"cancelServiceAction","decl":{"start":{"line":51,"column":13},"end":{"line":51,"column":32}},"loc":{"start":{"line":51,"column":53},"end":{"line":57,"column":null}}},"4":{"name":"completeServiceAction","decl":{"start":{"line":59,"column":13},"end":{"line":59,"column":34}},"loc":{"start":{"line":59,"column":63},"end":{"line":65,"column":null}}}},"branchMap":{},"s":{"0":12,"1":12,"2":12,"3":0,"4":0,"5":12,"6":0,"7":12,"8":0,"9":12,"10":0,"11":12,"12":0},"f":{"0":0,"1":0,"2":0,"3":0,"4":0},"b":{}}
,"/Users/cfchacon/HomePairs/2.0/homepairs/homepairsUI/src/state/service/reducer.tsx": {"path":"/Users/cfchacon/HomePairs/2.0/homepairs/homepairsUI/src/state/service/reducer.tsx","statementMap":{"0":{"start":{"line":5,"column":0},"end":{"line":5,"column":null}},"1":{"start":{"line":7,"column":43},"end":{"line":7,"column":null}},"2":{"start":{"line":13,"column":31},"end":{"line":37,"column":null}},"3":{"start":{"line":14,"column":4},"end":{"line":14,"column":null}},"4":{"start":{"line":14,"column":4},"end":{"line":14,"column":38}},"5":{"start":{"line":17,"column":18},"end":{"line":17,"column":25}},"6":{"start":{"line":18,"column":4},"end":{"line":18,"column":12}},"7":{"start":{"line":21,"column":12},"end":{"line":21,"column":19}},"8":{"start":{"line":24,"column":12},"end":{"line":24,"column":19}},"9":{"start":{"line":27,"column":12},"end":{"line":27,"column":19}},"10":{"start":{"line":30,"column":12},"end":{"line":30,"column":19}},"11":{"start":{"line":33,"column":12},"end":{"line":33,"column":19}},"12":{"start":{"line":35,"column":10},"end":{"line":35,"column":17}}},"fnMap":{"0":{"name":"serviceRequests","decl":{"start":{"line":13,"column":13},"end":{"line":13,"column":28}},"loc":{"start":{"line":15,"column":25},"end":{"line":37,"column":null}}}},"branchMap":{"0":{"loc":{"start":{"line":14,"column":4},"end":{"line":14,"column":null}},"type":"if","locations":[{"start":{"line":14,"column":4},"end":{"line":14,"column":null}},{"start":{"line":14,"column":4},"end":{"line":14,"column":null}}]},"1":{"loc":{"start":{"line":19,"column":6},"end":{"line":21,"column":19}},"type":"switch","locations":[{"start":{"line":19,"column":6},"end":{"line":21,"column":19}},{"start":{"line":22,"column":6},"end":{"line":24,"column":19}},{"start":{"line":25,"column":6},"end":{"line":27,"column":19}},{"start":{"line":28,"column":6},"end":{"line":30,"column":19}},{"start":{"line":31,"column":6},"end":{"line":33,"column":19}},{"start":{"line":34,"column":6},"end":{"line":35,"column":17}}]}},"s":{"0":0,"1":0,"2":0,"3":0,"4":0,"5":0,"6":0,"7":0,"8":0,"9":0,"10":0,"11":0,"12":0},"f":{"0":0},"b":{"0":[0,0],"1":[0,0,0,0,0,0]}}
,"/Users/cfchacon/HomePairs/2.0/homepairs/homepairsUI/src/state/settings/actions.tsx": {"path":"/Users/cfchacon/HomePairs/2.0/homepairs/homepairsUI/src/state/settings/actions.tsx","statementMap":{"0":{"start":{"line":6,"column":37},"end":{"line":6,"column":null}},"1":{"start":{"line":11,"column":40},"end":{"line":16,"column":null}},"2":{"start":{"line":12,"column":4},"end":{"line":12,"column":11}},"3":{"start":{"line":18,"column":44},"end":{"line":23,"column":null}},"4":{"start":{"line":19,"column":4},"end":{"line":19,"column":11}}},"fnMap":{"0":{"name":"toggleDarkModeActivation","decl":{"start":{"line":11,"column":13},"end":{"line":11,"column":37}},"loc":{"start":{"line":11,"column":59},"end":{"line":16,"column":null}}},"1":{"name":"toggleNotificationActivation","decl":{"start":{"line":18,"column":13},"end":{"line":18,"column":41}},"loc":{"start":{"line":18,"column":63},"end":{"line":23,"column":null}}}},"branchMap":{},"s":{"0":0,"1":0,"2":0,"3":0,"4":0},"f":{"0":0,"1":0},"b":{}}
,"/Users/cfchacon/HomePairs/2.0/homepairs/homepairsUI/src/state/settings/reducer.tsx": {"path":"/Users/cfchacon/HomePairs/2.0/homepairs/homepairsUI/src/state/settings/reducer.tsx","statementMap":{"0":{"start":{"line":7,"column":0},"end":{"line":7,"column":null}},"1":{"start":{"line":9,"column":44},"end":{"line":9,"column":null}},"2":{"start":{"line":14,"column":24},"end":{"line":29,"column":null}},"3":{"start":{"line":15,"column":4},"end":{"line":15,"column":null}},"4":{"start":{"line":15,"column":4},"end":{"line":15,"column":39}},"5":{"start":{"line":18,"column":18},"end":{"line":18,"column":25}},"6":{"start":{"line":19,"column":4},"end":{"line":19,"column":12}},"7":{"start":{"line":21,"column":12},"end":{"line":21,"column":20}},"8":{"start":{"line":22,"column":12},"end":{"line":22,"column":19}},"9":{"start":{"line":24,"column":12},"end":{"line":24,"column":20}},"10":{"start":{"line":25,"column":12},"end":{"line":25,"column":19}},"11":{"start":{"line":27,"column":10},"end":{"line":27,"column":17}}},"fnMap":{"0":{"name":"settings","decl":{"start":{"line":14,"column":13},"end":{"line":14,"column":21}},"loc":{"start":{"line":16,"column":27},"end":{"line":29,"column":null}}}},"branchMap":{"0":{"loc":{"start":{"line":15,"column":4},"end":{"line":15,"column":null}},"type":"if","locations":[{"start":{"line":15,"column":4},"end":{"line":15,"column":null}},{"start":{"line":15,"column":4},"end":{"line":15,"column":null}}]},"1":{"loc":{"start":{"line":20,"column":6},"end":{"line":22,"column":19}},"type":"switch","locations":[{"start":{"line":20,"column":6},"end":{"line":22,"column":19}},{"start":{"line":23,"column":6},"end":{"line":25,"column":19}},{"start":{"line":26,"column":6},"end":{"line":27,"column":17}}]}},"s":{"0":0,"1":0,"2":0,"3":0,"4":0,"5":0,"6":0,"7":0,"8":0,"9":0,"10":0,"11":0},"f":{"0":0},"b":{"0":[0,0],"1":[0,0,0]}}
,"/Users/cfchacon/HomePairs/2.0/homepairs/homepairsUI/src/utility/ParameterChecker.tsx": {"path":"/Users/cfchacon/HomePairs/2.0/homepairs/homepairsUI/src/utility/ParameterChecker.tsx","statementMap":{"0":{"start":{"line":10,"column":4},"end":{"line":10,"column":11}},"1":{"start":{"line":23,"column":26},"end":{"line":23,"column":27}},"2":{"start":{"line":24,"column":15},"end":{"line":24,"column":null}}},"fnMap":{"0":{"name":"isNullOrUndefined","decl":{"start":{"line":9,"column":16},"end":{"line":9,"column":34}},"loc":{"start":{"line":9,"column":42},"end":{"line":11,"column":null}}}},"branchMap":{"0":{"loc":{"start":{"line":10,"column":11},"end":{"line":10,"column":41}},"type":"binary-expr","locations":[{"start":{"line":10,"column":11},"end":{"line":10,"column":41}},{"start":{"line":10,"column":41},"end":{"line":10,"column":null}}]}},"s":{"0":11,"1":5,"2":5},"f":{"0":11},"b":{"0":[11,3]}}
,"/Users/cfchacon/HomePairs/2.0/homepairs/homepairsUI/src/utility/index.tsx": {"path":"/Users/cfchacon/HomePairs/2.0/homepairs/homepairsUI/src/utility/index.tsx","statementMap":{"0":{"start":{"line":1,"column":0},"end":{"line":1,"column":null}},"1":{"start":{"line":2,"column":0},"end":{"line":2,"column":null}},"2":{"start":{"line":3,"column":0},"end":{"line":3,"column":null}},"3":{"start":{"line":4,"column":0},"end":{"line":4,"column":null}},"4":{"start":{"line":5,"column":0},"end":{"line":5,"column":null}},"5":{"start":{"line":6,"column":0},"end":{"line":6,"column":null}}},"fnMap":{},"branchMap":{},"s":{"0":5,"1":5,"2":5,"3":5,"4":5,"5":5},"f":{},"b":{}}
,"/Users/cfchacon/HomePairs/2.0/homepairs/homepairsUI/src/utility/SyntaxVerification/AlphaCharacterVerification.tsx": {"path":"/Users/cfchacon/HomePairs/2.0/homepairs/homepairsUI/src/utility/SyntaxVerification/AlphaCharacterVerification.tsx","statementMap":{"0":{"start":{"line":2,"column":19},"end":{"line":2,"column":null}},"1":{"start":{"line":13,"column":4},"end":{"line":13,"column":11}}},"fnMap":{"0":{"name":"isAlphaCharacterOnly","decl":{"start":{"line":12,"column":24},"end":{"line":12,"column":45}},"loc":{"start":{"line":12,"column":58},"end":{"line":14,"column":null}}}},"branchMap":{},"s":{"0":5,"1":15},"f":{"0":15},"b":{}}
,"/Users/cfchacon/HomePairs/2.0/homepairs/homepairsUI/src/utility/SyntaxVerification/EmailSyntaxVerification.tsx": {"path":"/Users/cfchacon/HomePairs/2.0/homepairs/homepairsUI/src/utility/SyntaxVerification/EmailSyntaxVerification.tsx","statementMap":{"0":{"start":{"line":4,"column":19},"end":{"line":4,"column":null}},"1":{"start":{"line":23,"column":8},"end":{"line":23,"column":15}}},"fnMap":{"0":{"name":"isEmailSyntaxValid","decl":{"start":{"line":20,"column":24},"end":{"line":20,"column":43}},"loc":{"start":{"line":20,"column":56},"end":{"line":24,"column":null}}}},"branchMap":{},"s":{"0":5,"1":6},"f":{"0":6},"b":{}}
,"/Users/cfchacon/HomePairs/2.0/homepairs/homepairsUI/src/utility/SyntaxVerification/EmptyStringVerification.tsx": {"path":"/Users/cfchacon/HomePairs/2.0/homepairs/homepairsUI/src/utility/SyntaxVerification/EmptyStringVerification.tsx","statementMap":{"0":{"start":{"line":12,"column":4},"end":{"line":12,"column":11}},"1":{"start":{"line":26,"column":4},"end":{"line":26,"column":11}}},"fnMap":{"0":{"name":"isEmptyOrSpaces","decl":{"start":{"line":11,"column":24},"end":{"line":11,"column":40}},"loc":{"start":{"line":11,"column":50},"end":{"line":13,"column":null}}},"1":{"name":"isPositiveWholeNumber","decl":{"start":{"line":25,"column":16},"end":{"line":25,"column":38}},"loc":{"start":{"line":25,"column":49},"end":{"line":27,"column":null}}}},"branchMap":{"0":{"loc":{"start":{"line":12,"column":11},"end":{"line":12,"column":27}},"type":"binary-expr","locations":[{"start":{"line":12,"column":11},"end":{"line":12,"column":27}},{"start":{"line":12,"column":27},"end":{"line":12,"column":null}}]},"1":{"loc":{"start":{"line":26,"column":11},"end":{"line":26,"column":27}},"type":"binary-expr","locations":[{"start":{"line":26,"column":11},"end":{"line":26,"column":27}},{"start":{"line":26,"column":27},"end":{"line":26,"column":null}}]}},"s":{"0":40,"1":31},"f":{"0":40,"1":31},"b":{"0":[40,39],"1":[31,31]}}
,"/Users/cfchacon/HomePairs/2.0/homepairs/homepairsUI/src/utility/SyntaxVerification/PasswordVerification.tsx": {"path":"/Users/cfchacon/HomePairs/2.0/homepairs/homepairsUI/src/utility/SyntaxVerification/PasswordVerification.tsx","statementMap":{"0":{"start":{"line":1,"column":12},"end":{"line":1,"column":16}},"1":{"start":{"line":15,"column":4},"end":{"line":15,"column":11}}},"fnMap":{"0":{"name":"isPasswordValid","decl":{"start":{"line":14,"column":24},"end":{"line":14,"column":40}},"loc":{"start":{"line":14,"column":52},"end":{"line":16,"column":null}}}},"branchMap":{},"s":{"0":5,"1":10},"f":{"0":10},"b":{}}
,"/Users/cfchacon/HomePairs/2.0/homepairs/homepairsUI/src/utility/SyntaxVerification/PhoneNumberVerification.tsx": {"path":"/Users/cfchacon/HomePairs/2.0/homepairs/homepairsUI/src/utility/SyntaxVerification/PhoneNumberVerification.tsx","statementMap":{"0":{"start":{"line":4,"column":19},"end":{"line":4,"column":23}},"1":{"start":{"line":25,"column":4},"end":{"line":25,"column":11}}},"fnMap":{"0":{"name":"isPhoneNumberValid","decl":{"start":{"line":24,"column":24},"end":{"line":24,"column":43}},"loc":{"start":{"line":24,"column":55},"end":{"line":26,"column":null}}}},"branchMap":{},"s":{"0":5,"1":23},"f":{"0":23},"b":{}}
}
