TN:
SF:/Users/eerongrant/2.0/homepairs/homepairsUI/jest.config.js
FN:1,ownKeys
FN:1,(anonymous_1)
FN:1,_objectSpread
FN:1,(anonymous_3)
FN:1,(anonymous_4)
FNF:5
FNH:0
FNDA:0,ownKeys
FNDA:0,(anonymous_1)
FNDA:0,_objectSpread
FNDA:0,(anonymous_3)
FNDA:0,(anonymous_4)
DA:1,0
DA:4,0
LF:2
LH:0
BRDA:1,0,0,0
BRDA:1,0,1,0
BRDA:1,1,0,0
BRDA:1,1,1,0
BRDA:1,2,0,0
BRDA:1,2,1,0
BRDA:1,3,0,0
BRDA:1,3,1,0
BRDA:1,4,0,0
BRDA:1,4,1,0
BRF:10
BRH:0
end_of_record
TN:
SF:/Users/eerongrant/2.0/homepairs/homepairsUI/scripts/fonts.js
FN:13,fontFileNames
FN:16,(anonymous_1)
FN:22,generate
FN:24,(anonymous_3)
FN:33,(anonymous_4)
FN:59,generateWeb
FN:61,(anonymous_6)
FN:68,(anonymous_7)
FNF:8
FNH:0
FNDA:0,fontFileNames
FNDA:0,(anonymous_1)
FNDA:0,generate
FNDA:0,(anonymous_3)
FNDA:0,(anonymous_4)
FNDA:0,generateWeb
FNDA:0,(anonymous_6)
FNDA:0,(anonymous_7)
DA:13,0
DA:14,0
DA:17,0
DA:19,0
DA:22,0
DA:23,0
DA:25,0
DA:26,0
DA:32,0
DA:34,0
DA:35,0
DA:38,0
DA:56,0
DA:59,0
DA:60,0
DA:62,0
DA:63,0
DA:67,0
DA:69,0
DA:70,0
DA:73,0
DA:85,0
DA:89,0
DA:90,0
LF:24
LH:0
BRF:0
BRH:0
end_of_record
TN:
SF:/Users/eerongrant/2.0/homepairs/homepairsUI/scripts/images.js
FN:3,imageFileNames
FN:6,(anonymous_1)
FN:9,(anonymous_2)
FN:16,generate
FN:18,(anonymous_4)
FN:24,(anonymous_5)
FNF:6
FNH:0
FNDA:0,imageFileNames
FNDA:0,(anonymous_1)
FNDA:0,(anonymous_2)
FNDA:0,generate
FNDA:0,(anonymous_4)
FNDA:0,(anonymous_5)
DA:3,0
DA:4,0
DA:7,0
DA:10,0
DA:13,0
DA:16,0
DA:17,0
DA:19,0
DA:23,0
DA:25,0
DA:28,0
DA:34,0
DA:37,0
LF:13
LH:0
BRF:0
BRH:0
end_of_record
TN:
SF:/Users/eerongrant/2.0/homepairs/homepairsUI/tests/setup/fileMock.js
FNF:0
FNH:0
DA:1,0
LF:1
LH:0
BRF:0
BRH:0
end_of_record
TN:
SF:/Users/eerongrant/2.0/homepairs/homepairsUI/tests/setup/styleMock.js
FNF:0
FNH:0
DA:1,0
LF:1
LH:0
BRF:0
BRH:0
end_of_record
TN:
SF:/Users/eerongrant/2.0/homepairs/homepairsUI/tests/setup/test-setup.js
FN:1,get
FN:1,get
FN:1,get
FNF:3
FNH:0
FNDA:0,get
FNDA:0,get
FNDA:0,get
DA:1,0
DA:2,0
DA:5,0
DA:7,0
LF:4
LH:0
BRF:0
BRH:0
end_of_record
TN:
SF:/Users/eerongrant/2.0/homepairs/homepairsUI/tests/setup/test-shim.js
FN:1,(anonymous_0)
FNF:1
FNH:0
FNDA:0,(anonymous_0)
DA:1,0
DA:2,0
LF:2
LH:0
BRF:0
BRH:0
end_of_record
