TN:
SF:/Users/eerongrant/csc402/2.0/homepairs/homepairsUI/src/Elements/index.tsx
FNF:0
FNH:0
DA:24,8
DA:25,8
DA:31,8
DA:32,8
DA:33,8
DA:34,8
LF:6
LH:6
BRF:0
BRH:0
end_of_record
TN:
SF:/Users/eerongrant/csc402/2.0/homepairs/homepairsUI/src/Elements/Buttons/HamburgerButton.tsx
FN:86,HamburgerButton
FN:91,onPress
FN:109,onClick
FNF:3
FNH:3
FNDA:2,HamburgerButton
FNDA:2,onPress
FNDA:1,onClick
DA:1,8
DA:2,8
DA:3,8
DA:18,8
DA:88,2
DA:90,2
DA:92,2
DA:95,2
DA:108,8
LF:9
LH:9
BRDA:45,0,0,0
BRDA:45,0,1,8
BRF:2
BRH:1
end_of_record
TN:
SF:/Users/eerongrant/csc402/2.0/homepairs/homepairsUI/src/Elements/Buttons/LoginButton.tsx
FN:37,LoginButton
FN:48,onPress
FN:95,onClick
FNF:3
FNH:3
FNDA:3,LoginButton
FNDA:2,onPress
FNDA:1,onClick
DA:1,8
DA:2,8
DA:13,8
DA:14,8
DA:39,3
DA:40,3
DA:41,3
DA:42,3
DA:43,3
DA:44,3
DA:45,3
DA:49,2
DA:52,3
DA:62,8
DA:93,8
LF:15
LH:15
BRF:0
BRH:0
end_of_record
TN:
SF:/Users/eerongrant/csc402/2.0/homepairs/homepairsUI/src/Elements/Buttons/ThinButton.tsx
FN:36,ThinButton
FN:48,handleClick
FN:94,onClick
FN:95,onPressIn
FN:96,onPressOut
FN:110,renderThinButton
FNF:6
FNH:5
FNDA:7,ThinButton
FNDA:4,handleClick
FNDA:1,onClick
FNDA:1,onPressIn
FNDA:1,onPressOut
FNDA:0,renderThinButton
DA:1,8
DA:2,8
DA:39,7
DA:40,7
DA:41,7
DA:42,7
DA:43,7
DA:44,7
DA:45,7
DA:49,4
DA:52,7
DA:67,8
DA:92,8
DA:111,0
DA:113,0
DA:114,0
DA:115,0
DA:116,0
DA:117,0
DA:118,0
DA:119,0
DA:120,0
DA:122,0
LF:23
LH:13
BRF:0
BRH:0
end_of_record
TN:
SF:/Users/eerongrant/csc402/2.0/homepairs/homepairsUI/src/Elements/Cards/Card.tsx
FN:101,Card
FN:118,renderCloseButton
FN:135,renderSubtitle
FN:142,renderTitle
FN:177,closeButtonPressedCallBack
FNF:5
FNH:5
FNDA:18,Card
FNDA:18,renderCloseButton
FNDA:10,renderSubtitle
FNDA:18,renderTitle
FNDA:1,closeButtonPressedCallBack
DA:1,8
DA:2,8
DA:3,8
DA:21,8
DA:103,18
DA:104,18
DA:105,18
DA:106,18
DA:107,18
DA:108,18
DA:109,18
DA:110,18
DA:111,18
DA:112,18
DA:113,18
DA:116,18
DA:119,18
DA:120,5
DA:132,13
DA:136,10
DA:137,6
DA:139,4
DA:143,18
DA:145,10
DA:155,18
DA:164,8
LF:26
LH:26
BRDA:119,0,0,5
BRDA:119,0,1,13
BRDA:136,1,0,6
BRDA:136,1,1,4
BRDA:143,2,0,8
BRDA:143,2,1,10
BRF:6
BRH:6
end_of_record
TN:
SF:/Users/eerongrant/csc402/2.0/homepairs/homepairsUI/src/Elements/Forms/InputForm.tsx
FN:70,(anonymous_8)
FN:76,InputForm
FN:82,(anonymous_10)
FN:86,(anonymous_11)
FN:91,(anonymous_12)
FN:97,(anonymous_13)
FN:120,onChangeText
FN:138,parentCallBack
FN:159,renderInputForm
FNF:9
FNH:8
FNDA:8,(anonymous_8)
FNDA:5,InputForm
FNDA:0,(anonymous_10)
FNDA:1,(anonymous_11)
FNDA:5,(anonymous_12)
FNDA:5,(anonymous_13)
FNDA:1,onChangeText
FNDA:1,parentCallBack
FNDA:2,renderInputForm
DA:1,8
DA:2,8
DA:3,8
DA:4,8
DA:24,8
DA:26,8
DA:70,8
DA:77,5
DA:78,5
DA:79,5
DA:82,8
DA:83,0
DA:86,8
DA:87,1
DA:88,1
DA:91,8
DA:92,5
DA:93,5
DA:94,3
DA:97,13
DA:98,5
DA:99,5
DA:100,5
DA:101,5
DA:102,5
DA:103,5
DA:104,5
DA:105,5
DA:107,5
DA:109,5
DA:120,1
DA:132,8
DA:134,8
DA:139,1
DA:160,2
DA:161,2
DA:162,2
LF:37
LH:36
BRDA:77,0,0,5
BRDA:77,0,1,5
BRDA:93,1,0,2
BRDA:93,1,1,3
BRF:4
BRH:4
end_of_record
TN:
SF:/Users/eerongrant/csc402/2.0/homepairs/homepairsUI/src/Elements/Stickers/Sticker.tsx
FN:32,Sticker
FNF:1
FNH:1
FNDA:2,Sticker
DA:1,8
DA:2,8
DA:12,8
DA:33,2
DA:34,2
DA:37,8
LF:6
LH:6
BRF:0
BRH:0
end_of_record
TN:
SF:/Users/eerongrant/csc402/2.0/homepairs/homepairsUI/src/Routes/RouteConstants.tsx
FNF:0
FNH:0
DA:3,4
DA:28,4
LF:2
LH:2
BRF:0
BRH:0
end_of_record
TN:
SF:/Users/eerongrant/csc402/2.0/homepairs/homepairsUI/src/Routes/Routes.tsx
FN:16,navigationHeader
FN:17,header
FNF:2
FNH:0
FNDA:0,navigationHeader
FNDA:0,header
DA:1,0
DA:2,0
DA:3,0
DA:4,0
DA:9,0
DA:10,0
DA:11,0
DA:16,0
DA:18,0
DA:30,0
DA:41,0
DA:46,0
DA:54,0
DA:59,0
DA:63,0
DA:68,0
DA:76,0
DA:79,0
DA:87,0
DA:95,0
DA:104,0
LF:21
LH:0
BRDA:19,0,0,0
BRDA:19,0,1,0
BRF:2
BRH:0
end_of_record
TN:
SF:/Users/eerongrant/csc402/2.0/homepairs/homepairsUI/src/Screens/LoadingScreen.tsx
FN:19,(anonymous_19)
FN:20,AuthLoadingScreen
FN:26,(anonymous_21)
FN:35,(anonymous_24)
FN:42,(anonymous_27)
FNF:5
FNH:0
FNDA:0,(anonymous_19)
FNDA:0,AuthLoadingScreen
FNDA:0,(anonymous_21)
FNDA:0,(anonymous_24)
FNDA:0,(anonymous_27)
DA:1,0
DA:2,0
DA:8,0
DA:11,0
DA:19,0
DA:21,0
DA:22,0
DA:26,0
DA:27,0
DA:32,0
DA:35,0
DA:36,0
DA:37,0
DA:42,0
DA:43,0
DA:50,0
LF:16
LH:0
BRDA:21,0,0,0
BRDA:21,0,1,0
BRF:2
BRH:0
end_of_record
TN:
SF:/Users/eerongrant/csc402/2.0/homepairs/homepairsUI/src/Screens/index.ts
FNF:0
FNH:0
DA:1,0
DA:2,0
DA:3,0
DA:4,0
LF:4
LH:0
BRF:0
BRH:0
end_of_record
TN:
SF:/Users/eerongrant/csc402/2.0/homepairs/homepairsUI/src/Screens/Auth/index.tsx
FNF:0
FNH:0
DA:1,0
DA:2,0
DA:3,0
DA:5,0
DA:6,0
LF:5
LH:0
BRF:0
BRH:0
end_of_record
TN:
SF:/Users/eerongrant/csc402/2.0/homepairs/homepairsUI/src/Screens/Auth/LoginScreen/LoginScreen.tsx
FN:25,mapDispatchToProps
FN:26,onFetchAccountProfile
FNF:2
FNH:0
FNDA:0,mapDispatchToProps
FNDA:0,onFetchAccountProfile
DA:1,0
DA:2,0
DA:3,0
DA:10,0
DA:11,0
DA:12,0
DA:13,0
DA:16,0
DA:17,0
DA:25,0
DA:28,0
DA:33,0
DA:34,0
DA:37,0
DA:40,0
DA:41,0
LF:16
LH:0
BRF:0
BRH:0
end_of_record
TN:
SF:/Users/eerongrant/csc402/2.0/homepairs/homepairsUI/src/Screens/Auth/LoginScreen/LoginScreenBase.tsx
FN:42,setInputStyles
FN:68,(anonymous_7)
FN:75,LoginScreenBase
FN:96,(anonymous_9)
FN:102,(anonymous_10)
FN:106,(anonymous_11)
FN:110,(anonymous_12)
FN:115,(anonymous_13)
FN:128,(anonymous_14)
FN:133,(anonymous_15)
FN:143,(anonymous_16)
FN:148,(anonymous_17)
FN:170,(anonymous_18)
FNF:13
FNH:0
FNDA:0,setInputStyles
FNDA:0,(anonymous_7)
FNDA:0,LoginScreenBase
FNDA:0,(anonymous_9)
FNDA:0,(anonymous_10)
FNDA:0,(anonymous_11)
FNDA:0,(anonymous_12)
FNDA:0,(anonymous_13)
FNDA:0,(anonymous_14)
FNDA:0,(anonymous_15)
FNDA:0,(anonymous_16)
FNDA:0,(anonymous_17)
FNDA:0,(anonymous_18)
DA:1,0
DA:2,0
DA:3,0
DA:8,0
DA:9,0
DA:11,0
DA:36,0
DA:37,0
DA:43,0
DA:46,0
DA:68,0
DA:76,0
DA:77,0
DA:78,0
DA:79,0
DA:80,0
DA:81,0
DA:82,0
DA:83,0
DA:84,0
DA:85,0
DA:86,0
DA:88,0
DA:89,0
DA:96,0
DA:97,0
DA:98,0
DA:99,0
DA:102,0
DA:103,0
DA:106,0
DA:107,0
DA:110,0
DA:111,0
DA:112,0
DA:115,0
DA:116,0
DA:117,0
DA:118,0
DA:119,0
DA:121,0
DA:122,0
DA:123,0
DA:125,0
DA:128,0
DA:129,0
DA:130,0
DA:133,0
DA:134,0
DA:135,0
DA:136,0
DA:137,0
DA:138,0
DA:139,0
DA:143,0
DA:144,0
DA:145,0
DA:148,0
DA:149,0
DA:170,0
DA:171,0
DA:185,0
LF:62
LH:0
BRDA:44,0,0,0
BRDA:44,0,1,0
BRDA:76,1,0,0
BRDA:76,1,1,0
BRDA:96,2,0,0
BRDA:96,2,1,0
BRDA:117,3,0,0
BRDA:117,3,1,0
BRDA:121,4,0,0
BRDA:121,4,1,0
BRDA:137,5,0,0
BRDA:137,5,1,0
BRF:12
BRH:0
end_of_record
TN:
SF:/Users/eerongrant/csc402/2.0/homepairs/homepairsUI/src/Screens/Auth/RoopairsLogin/RoopairsLogin.tsx
FN:46,mapDispatchToProps
FN:49,onFetchAccountProfile
FNF:2
FNH:0
FNDA:0,mapDispatchToProps
FNDA:0,onFetchAccountProfile
DA:1,0
DA:2,0
DA:3,0
DA:10,0
DA:11,0
DA:12,0
DA:13,0
DA:14,0
DA:15,0
DA:16,0
DA:19,0
DA:36,0
DA:37,0
DA:46,0
DA:48,0
DA:55,0
DA:66,0
DA:67,0
DA:68,0
DA:69,0
DA:70,0
LF:21
LH:0
BRF:0
BRH:0
end_of_record
TN:
SF:/Users/eerongrant/csc402/2.0/homepairs/homepairsUI/src/Screens/Auth/RoopairsLogin/RoopairsLoginBase.tsx
FN:40,setInputStyles
FN:66,(anonymous_7)
FN:76,RoopairsLoginBase
FN:93,(anonymous_9)
FN:99,(anonymous_10)
FN:103,(anonymous_11)
FN:107,(anonymous_12)
FN:112,(anonymous_13)
FN:125,(anonymous_14)
FN:130,(anonymous_15)
FN:140,(anonymous_16)
FN:163,(anonymous_17)
FNF:12
FNH:0
FNDA:0,setInputStyles
FNDA:0,(anonymous_7)
FNDA:0,RoopairsLoginBase
FNDA:0,(anonymous_9)
FNDA:0,(anonymous_10)
FNDA:0,(anonymous_11)
FNDA:0,(anonymous_12)
FNDA:0,(anonymous_13)
FNDA:0,(anonymous_14)
FNDA:0,(anonymous_15)
FNDA:0,(anonymous_16)
FNDA:0,(anonymous_17)
DA:1,0
DA:2,0
DA:3,0
DA:8,0
DA:9,0
DA:10,0
DA:34,0
DA:35,0
DA:41,0
DA:44,0
DA:66,0
DA:77,0
DA:78,0
DA:79,0
DA:80,0
DA:81,0
DA:82,0
DA:83,0
DA:84,0
DA:85,0
DA:86,0
DA:89,0
DA:90,0
DA:93,0
DA:94,0
DA:95,0
DA:96,0
DA:99,0
DA:100,0
DA:103,0
DA:104,0
DA:107,0
DA:108,0
DA:109,0
DA:112,0
DA:113,0
DA:114,0
DA:115,0
DA:116,0
DA:118,0
DA:119,0
DA:120,0
DA:122,0
DA:125,0
DA:126,0
DA:127,0
DA:130,0
DA:131,0
DA:132,0
DA:133,0
DA:134,0
DA:135,0
DA:136,0
DA:140,0
DA:141,0
DA:163,0
DA:164,0
DA:178,0
LF:58
LH:0
BRDA:42,0,0,0
BRDA:42,0,1,0
BRDA:77,1,0,0
BRDA:77,1,1,0
BRDA:93,2,0,0
BRDA:93,2,1,0
BRDA:114,3,0,0
BRDA:114,3,1,0
BRDA:118,4,0,0
BRDA:118,4,1,0
BRDA:134,5,0,0
BRDA:134,5,1,0
BRF:12
BRH:0
end_of_record
TN:
SF:/Users/eerongrant/csc402/2.0/homepairs/homepairsUI/src/Screens/Auth/SignUpScreen/SignUpScreen.tsx
FN:26,mapDispatchToProps
FN:28,generateHomePairsAccount
FNF:2
FNH:0
FNDA:0,mapDispatchToProps
FNDA:0,generateHomePairsAccount
DA:1,0
DA:2,0
DA:3,0
DA:4,0
DA:5,0
DA:12,0
DA:13,0
DA:14,0
DA:17,0
DA:18,0
DA:26,0
DA:30,0
DA:31,0
DA:33,0
DA:38,0
DA:39,0
DA:41,0
DA:42,0
DA:43,0
LF:19
LH:0
BRDA:30,0,0,0
BRDA:30,0,1,0
BRF:2
BRH:0
end_of_record
TN:
SF:/Users/eerongrant/csc402/2.0/homepairs/homepairsUI/src/Screens/Auth/SignUpScreen/SignUpScreenBase.tsx
FN:56,setInputStyles
FN:103,(anonymous_9)
FN:123,SignUpScreenBase
FN:194,(anonymous_11)
FN:199,(anonymous_12)
FN:211,(anonymous_13)
FN:153,(anonymous_14)
FN:159,(anonymous_15)
FN:163,(anonymous_16)
FN:167,(anonymous_17)
FN:171,(anonymous_18)
FN:175,(anonymous_19)
FN:179,(anonymous_20)
FN:183,(anonymous_21)
FN:187,(anonymous_22)
FN:216,(anonymous_23)
FN:250,(anonymous_24)
FN:263,(anonymous_25)
FN:268,(anonymous_26)
FN:272,(anonymous_27)
FN:342,(anonymous_28)
FN:344,(anonymous_29)
FN:360,(anonymous_30)
FN:385,(anonymous_31)
FNF:24
FNH:0
FNDA:0,setInputStyles
FNDA:0,(anonymous_9)
FNDA:0,SignUpScreenBase
FNDA:0,(anonymous_11)
FNDA:0,(anonymous_12)
FNDA:0,(anonymous_13)
FNDA:0,(anonymous_14)
FNDA:0,(anonymous_15)
FNDA:0,(anonymous_16)
FNDA:0,(anonymous_17)
FNDA:0,(anonymous_18)
FNDA:0,(anonymous_19)
FNDA:0,(anonymous_20)
FNDA:0,(anonymous_21)
FNDA:0,(anonymous_22)
FNDA:0,(anonymous_23)
FNDA:0,(anonymous_24)
FNDA:0,(anonymous_25)
FNDA:0,(anonymous_26)
FNDA:0,(anonymous_27)
FNDA:0,(anonymous_28)
FNDA:0,(anonymous_29)
FNDA:0,(anonymous_30)
FNDA:0,(anonymous_31)
DA:1,0
DA:2,0
DA:3,0
DA:8,0
DA:9,0
DA:10,0
DA:11,0
DA:12,0
DA:40,0
DA:50,0
DA:54,0
DA:57,0
DA:60,0
DA:103,0
DA:124,0
DA:125,0
DA:126,0
DA:127,0
DA:128,0
DA:129,0
DA:130,0
DA:131,0
DA:132,0
DA:133,0
DA:134,0
DA:135,0
DA:136,0
DA:137,0
DA:139,0
DA:140,0
DA:141,0
DA:142,0
DA:143,0
DA:144,0
DA:145,0
DA:146,0
DA:149,0
DA:150,0
DA:153,0
DA:154,0
DA:155,0
DA:156,0
DA:159,0
DA:160,0
DA:163,0
DA:164,0
DA:167,0
DA:168,0
DA:171,0
DA:172,0
DA:175,0
DA:176,0
DA:179,0
DA:180,0
DA:183,0
DA:184,0
DA:187,0
DA:188,0
DA:194,0
DA:195,0
DA:196,0
DA:199,0
DA:200,0
DA:201,0
DA:202,0
DA:203,0
DA:204,0
DA:205,0
DA:206,0
DA:207,0
DA:211,0
DA:212,0
DA:213,0
DA:216,0
DA:217,0
DA:218,0
DA:219,0
DA:220,0
DA:221,0
DA:223,0
DA:224,0
DA:225,0
DA:227,0
DA:228,0
DA:229,0
DA:231,0
DA:232,0
DA:233,0
DA:235,0
DA:236,0
DA:237,0
DA:239,0
DA:240,0
DA:241,0
DA:243,0
DA:244,0
DA:245,0
DA:247,0
DA:250,0
DA:251,0
DA:252,0
DA:253,0
DA:254,0
DA:256,0
DA:257,0
DA:258,0
DA:259,0
DA:260,0
DA:263,0
DA:264,0
DA:265,0
DA:268,0
DA:269,0
DA:272,0
DA:273,0
DA:274,0
DA:275,0
DA:342,0
DA:343,0
DA:344,0
DA:345,0
DA:360,0
DA:361,0
DA:362,0
DA:385,0
DA:386,0
DA:387,0
DA:399,0
LF:128
LH:0
BRDA:58,0,0,0
BRDA:58,0,1,0
BRDA:124,1,0,0
BRDA:124,1,1,0
BRDA:203,2,0,0
BRDA:203,2,1,0
BRDA:153,3,0,0
BRDA:153,3,1,0
BRDA:219,4,0,0
BRDA:219,4,1,0
BRDA:223,5,0,0
BRDA:223,5,1,0
BRDA:227,6,0,0
BRDA:227,6,1,0
BRDA:231,7,0,0
BRDA:231,7,1,0
BRDA:235,8,0,0
BRDA:235,8,1,0
BRDA:239,9,0,0
BRDA:239,9,1,0
BRDA:239,10,0,0
BRDA:239,10,1,0
BRDA:243,11,0,0
BRDA:243,11,1,0
BRDA:243,12,0,0
BRDA:243,12,1,0
BRDA:252,13,0,0
BRDA:252,13,1,0
BRDA:342,14,0,0
BRDA:342,14,1,0
BRDA:343,15,0,0
BRDA:343,15,1,0
BRDA:363,16,0,0
BRDA:363,16,1,0
BRF:34
BRH:0
end_of_record
TN:
SF:/Users/eerongrant/csc402/2.0/homepairs/homepairsUI/src/Screens/Components/index.tsx
FNF:0
FNH:0
DA:15,2
DA:16,2
DA:17,2
DA:20,2
DA:25,2
DA:30,2
DA:34,2
DA:39,2
DA:40,2
DA:41,2
DA:42,2
DA:43,2
DA:44,2
DA:45,2
DA:46,2
DA:47,2
DA:48,2
DA:49,2
LF:18
LH:18
BRF:0
BRH:0
end_of_record
TN:
SF:/Users/eerongrant/csc402/2.0/homepairs/homepairsUI/src/Screens/Components/AccounttypeRadioButton/AccountTypeRadioButton.tsx
FN:25,setStyle
FN:106,(anonymous_7)
FN:114,AccountTypeRadioButton
FN:123,(anonymous_9)
FN:130,(anonymous_10)
FN:138,(anonymous_11)
FN:147,(anonymous_12)
FN:182,parentCallBack
FNF:8
FNH:1
FNDA:0,setStyle
FNDA:2,(anonymous_7)
FNDA:0,AccountTypeRadioButton
FNDA:0,(anonymous_9)
FNDA:0,(anonymous_10)
FNDA:0,(anonymous_11)
FNDA:0,(anonymous_12)
FNDA:0,parentCallBack
DA:1,2
DA:2,2
DA:3,2
DA:4,2
DA:10,2
DA:23,2
DA:26,0
DA:27,0
DA:106,2
DA:115,0
DA:116,0
DA:117,0
DA:119,0
DA:120,0
DA:123,2
DA:124,0
DA:125,0
DA:126,0
DA:127,0
DA:130,2
DA:131,0
DA:132,0
DA:133,0
DA:134,0
DA:138,2
DA:139,0
DA:140,0
DA:147,2
DA:148,0
DA:149,0
DA:150,0
DA:151,0
DA:152,0
DA:153,0
DA:177,2
DA:180,2
DA:182,0
LF:37
LH:13
BRDA:26,0,0,0
BRDA:26,0,1,0
BRDA:115,1,0,0
BRDA:115,1,1,0
BRDA:140,2,0,0
BRDA:140,2,1,0
BRDA:151,3,0,0
BRDA:151,3,1,0
BRDA:152,4,0,0
BRDA:152,4,1,0
BRDA:161,5,0,0
BRDA:161,5,1,0
BRDA:169,6,0,0
BRDA:169,6,1,0
BRF:14
BRH:0
end_of_record
TN:
SF:/Users/eerongrant/csc402/2.0/homepairs/homepairsUI/src/Screens/Components/AddressSticker/AddressSticker.tsx
FN:13,setStyle
FN:45,AddressSticker
FNF:2
FNH:0
FNDA:0,setStyle
FNDA:0,AddressSticker
DA:1,2
DA:2,2
DA:3,2
DA:4,2
DA:14,0
DA:15,0
DA:46,0
DA:47,0
DA:48,0
DA:58,2
LF:10
LH:5
BRF:0
BRH:0
end_of_record
TN:
SF:/Users/eerongrant/csc402/2.0/homepairs/homepairsUI/src/Screens/Components/AuthPage/WithAuthPage.tsx
FN:105,clickThinButton
FN:106,clickHighlightedText
FN:109,setStyles
FN:250,withAuthPage
FN:253,renderSubtitle
FN:267,(anonymous_11)
FN:270,ComponentBase
FN:288,(anonymous_13)
FN:294,(anonymous_14)
FN:300,(anonymous_15)
FN:309,(anonymous_16)
FN:317,(anonymous_17)
FN:331,(anonymous_18)
FN:347,(anonymous_19)
FN:363,(anonymous_20)
FNF:15
FNH:14
FNDA:1,clickThinButton
FNDA:0,clickHighlightedText
FNDA:5,setStyles
FNDA:4,withAuthPage
FNDA:6,renderSubtitle
FNDA:4,(anonymous_11)
FNDA:5,ComponentBase
FNDA:1,(anonymous_13)
FNDA:1,(anonymous_14)
FNDA:1,(anonymous_15)
FNDA:6,(anonymous_16)
FNDA:6,(anonymous_17)
FNDA:6,(anonymous_18)
FNDA:6,(anonymous_19)
FNDA:6,(anonymous_20)
DA:1,2
DA:2,2
DA:11,2
DA:12,2
DA:13,2
DA:14,2
DA:15,2
DA:16,2
DA:19,2
DA:102,2
DA:109,5
DA:110,5
DA:251,4
DA:255,6
DA:256,4
DA:261,2
DA:262,1
DA:265,1
DA:267,4
DA:271,5
DA:272,5
DA:273,5
DA:279,5
DA:280,5
DA:281,5
DA:283,5
DA:288,4
DA:289,1
DA:294,4
DA:295,1
DA:300,4
DA:301,1
DA:309,4
DA:310,6
DA:311,6
DA:312,5
DA:314,1
DA:317,4
DA:318,6
DA:319,6
DA:331,4
DA:332,6
DA:333,6
DA:347,4
DA:348,6
DA:349,6
DA:363,4
DA:364,6
DA:365,6
DA:366,6
DA:385,4
LF:51
LH:51
BRDA:109,0,0,0
BRDA:109,0,1,5
BRDA:126,1,0,0
BRDA:126,1,1,5
BRDA:206,2,0,5
BRDA:206,2,1,0
BRDA:231,3,0,5
BRDA:231,3,1,0
BRDA:255,4,0,4
BRDA:255,4,1,2
BRDA:261,5,0,1
BRDA:261,5,1,1
BRDA:271,6,0,5
BRDA:271,6,1,5
BRDA:272,7,0,5
BRDA:272,7,1,0
BRDA:311,8,0,5
BRDA:311,8,1,1
BRF:18
BRH:13
end_of_record
TN:
SF:/Users/eerongrant/csc402/2.0/homepairs/homepairsUI/src/Screens/Components/AuthenticationCards/AccountConnectedCard.tsx
FN:14,AccountConnectedCard
FN:18,disconnectAccount
FNF:2
FNH:0
FNDA:0,AccountConnectedCard
FNDA:0,disconnectAccount
DA:1,2
DA:2,2
DA:3,2
DA:4,2
DA:12,2
DA:15,0
DA:16,0
DA:20,0
DA:21,0
DA:26,0
DA:34,0
LF:11
LH:5
BRF:0
BRH:0
end_of_record
TN:
SF:/Users/eerongrant/csc402/2.0/homepairs/homepairsUI/src/Screens/Components/AuthenticationCards/ConnectAccountCard.tsx
FN:13,ConnectAccountCard
FN:16,connectAccount
FNF:2
FNH:0
FNDA:0,ConnectAccountCard
FNDA:0,connectAccount
DA:1,2
DA:2,2
DA:3,2
DA:4,2
DA:12,2
DA:14,0
DA:15,0
DA:18,0
DA:19,0
DA:24,0
DA:32,0
LF:11
LH:5
BRF:0
BRH:0
end_of_record
TN:
SF:/Users/eerongrant/csc402/2.0/homepairs/homepairsUI/src/Screens/Components/AuthenticationCards/ConnectCardStyles.tsx
FN:6,setStyles
FNF:1
FNH:0
FNDA:0,setStyles
DA:1,2
DA:2,2
DA:3,2
DA:4,2
DA:7,0
DA:8,0
LF:6
LH:4
BRDA:7,0,0,0
BRDA:7,0,1,0
BRDA:38,1,0,0
BRDA:38,1,1,0
BRDA:69,2,0,0
BRDA:69,2,1,0
BRF:6
BRH:0
end_of_record
TN:
SF:/Users/eerongrant/csc402/2.0/homepairs/homepairsUI/src/Screens/Components/GeneralHomeInfo/GeneralHomeInfo.tsx
FN:18,setStyles
FN:106,GeneralHomeInfo
FN:123,detailBox
FN:132,livingSpace
FN:168,onClick
FNF:5
FNH:0
FNDA:0,setStyles
FNDA:0,GeneralHomeInfo
FNDA:0,detailBox
FNDA:0,livingSpace
FNDA:0,onClick
DA:1,2
DA:2,2
DA:3,2
DA:4,2
DA:5,2
DA:6,2
DA:7,2
DA:16,2
DA:19,0
DA:20,0
DA:108,0
DA:109,0
DA:110,0
DA:111,0
DA:113,0
DA:114,0
DA:116,0
DA:124,0
DA:133,0
DA:143,0
DA:166,2
LF:21
LH:9
BRDA:19,0,0,0
BRDA:19,0,1,0
BRDA:157,1,0,0
BRDA:157,1,1,0
BRDA:154,2,0,0
BRDA:154,2,1,0
BRDA:154,2,2,0
BRF:7
BRH:0
end_of_record
TN:
SF:/Users/eerongrant/csc402/2.0/homepairs/homepairsUI/src/Screens/Components/HomePairsHeader/HomePairsHeader.tsx
FN:8,mapStateToProps
FN:15,mapDispatchToProps
FN:16,onToggleMenu
FN:19,onShowGoBackbutton
FN:22,onSwitchNavBar
FN:25,onUpdateSelected
FNF:6
FNH:0
FNDA:0,mapStateToProps
FNDA:0,mapDispatchToProps
FNDA:0,onToggleMenu
FNDA:0,onShowGoBackbutton
FNDA:0,onSwitchNavBar
FNDA:0,onUpdateSelected
DA:2,2
DA:3,2
DA:4,2
DA:5,2
DA:6,2
DA:9,0
DA:15,2
DA:17,0
DA:20,0
DA:23,0
DA:26,0
DA:27,0
DA:31,2
DA:36,2
LF:14
LH:8
BRF:0
BRH:0
end_of_record
TN:
SF:/Users/eerongrant/csc402/2.0/homepairs/homepairsUI/src/Screens/Components/HomePairsHeader/HomePairsHeaderBase.tsx
FN:51,setColorTheme
FN:90,(anonymous_7)
FN:93,HomePairsHeaderBase
FN:109,(anonymous_9)
FN:120,(anonymous_10)
FN:124,(anonymous_11)
FN:129,(anonymous_12)
FN:140,(anonymous_13)
FN:152,(anonymous_14)
FN:164,(anonymous_15)
FN:175,(anonymous_16)
FN:187,(anonymous_17)
FN:201,(anonymous_18)
FN:213,(anonymous_19)
FNF:14
FNH:1
FNDA:0,setColorTheme
FNDA:2,(anonymous_7)
FNDA:0,HomePairsHeaderBase
FNDA:0,(anonymous_9)
FNDA:0,(anonymous_10)
FNDA:0,(anonymous_11)
FNDA:0,(anonymous_12)
FNDA:0,(anonymous_13)
FNDA:0,(anonymous_14)
FNDA:0,(anonymous_15)
FNDA:0,(anonymous_16)
FNDA:0,(anonymous_17)
FNDA:0,(anonymous_18)
FNDA:0,(anonymous_19)
DA:1,2
DA:10,2
DA:11,2
DA:16,2
DA:17,2
DA:18,2
DA:19,2
DA:24,2
DA:25,2
DA:28,2
DA:31,2
DA:33,2
DA:53,0
DA:54,0
DA:88,2
DA:90,2
DA:94,0
DA:95,0
DA:99,0
DA:100,0
DA:101,0
DA:102,0
DA:103,0
DA:104,0
DA:109,2
DA:110,0
DA:111,0
DA:113,0
DA:114,0
DA:116,0
DA:120,2
DA:121,0
DA:124,2
DA:125,0
DA:126,0
DA:129,2
DA:130,0
DA:131,0
DA:133,0
DA:134,0
DA:136,0
DA:140,2
DA:141,0
DA:142,0
DA:152,2
DA:153,0
DA:154,0
DA:155,0
DA:157,0
DA:158,0
DA:159,0
DA:161,0
DA:164,2
DA:165,0
DA:166,0
DA:175,2
DA:176,0
DA:177,0
DA:187,2
DA:188,0
DA:189,0
DA:201,2
DA:202,0
DA:203,0
DA:204,0
DA:210,0
DA:213,2
DA:214,0
DA:215,0
DA:245,2
DA:246,2
LF:71
LH:27
BRDA:53,0,0,0
BRDA:53,0,1,0
BRDA:60,1,0,0
BRDA:60,1,1,0
BRDA:94,2,0,0
BRDA:94,2,1,0
BRDA:97,3,0,0
BRDA:97,3,1,0
BRDA:113,4,0,0
BRDA:113,4,1,0
BRDA:133,5,0,0
BRDA:133,5,1,0
BRDA:157,6,0,0
BRDA:157,6,1,0
BRDA:158,7,0,0
BRDA:158,7,1,0
BRDA:167,8,0,0
BRDA:167,8,1,0
BRDA:203,9,0,0
BRDA:203,9,1,0
BRDA:220,10,0,0
BRDA:220,10,1,0
BRF:22
BRH:0
end_of_record
TN:
SF:/Users/eerongrant/csc402/2.0/homepairs/homepairsUI/src/Screens/Components/HomePairsHeader/HomePairsHeaderMenu.tsx
FN:21,setColorScheme
FN:81,(anonymous_9)
FN:86,HomePairsMenu
FN:103,(anonymous_11)
FN:111,(anonymous_12)
FN:125,(anonymous_13)
FN:130,(anonymous_14)
FN:144,(anonymous_15)
FN:145,(anonymous_16)
FN:152,onPress
FN:168,(anonymous_18)
FNF:11
FNH:1
FNDA:0,setColorScheme
FNDA:2,(anonymous_9)
FNDA:0,HomePairsMenu
FNDA:0,(anonymous_11)
FNDA:0,(anonymous_12)
FNDA:0,(anonymous_13)
FNDA:0,(anonymous_14)
FNDA:0,(anonymous_15)
FNDA:0,(anonymous_16)
FNDA:0,onPress
FNDA:0,(anonymous_18)
DA:1,2
DA:2,2
DA:3,2
DA:4,2
DA:6,2
DA:7,2
DA:21,2
DA:26,0
DA:46,0
DA:49,2
DA:54,2
DA:81,2
DA:87,0
DA:89,0
DA:90,0
DA:91,0
DA:92,0
DA:93,0
DA:95,0
DA:99,0
DA:103,2
DA:104,0
DA:105,0
DA:106,0
DA:107,0
DA:108,0
DA:111,2
DA:112,0
DA:116,0
DA:117,0
DA:119,0
DA:121,0
DA:122,0
DA:125,2
DA:126,0
DA:127,0
DA:130,2
DA:131,0
DA:132,0
DA:133,0
DA:134,0
DA:137,0
DA:144,2
DA:145,0
DA:146,0
DA:152,0
DA:168,2
DA:169,0
DA:170,0
DA:176,0
DA:188,2
DA:189,2
LF:52
LH:18
BRDA:38,0,0,0
BRDA:38,0,1,0
BRDA:43,1,0,0
BRDA:43,1,1,0
BRDA:87,2,0,0
BRDA:87,2,1,0
BRDA:97,3,0,0
BRDA:97,3,1,0
BRDA:106,4,0,0
BRDA:106,4,1,0
BRDA:116,5,0,0
BRDA:116,5,1,0
BRDA:132,6,0,0
BRDA:132,6,1,0
BRDA:133,7,0,0
BRDA:133,7,1,0
BRDA:156,8,0,0
BRDA:156,8,1,0
BRDA:180,9,0,0
BRDA:180,9,1,0
BRF:20
BRH:0
end_of_record
TN:
SF:/Users/eerongrant/csc402/2.0/homepairs/homepairsUI/src/Screens/Components/HomePairsHeader/HomePairsHeaderTitle.tsx
FN:45,setColorScheme
FN:71,(anonymous_9)
FN:76,HomePairsHeaderTitle
FN:86,(anonymous_11)
FN:93,(anonymous_12)
FNF:5
FNH:1
FNDA:0,setColorScheme
FNDA:2,(anonymous_9)
FNDA:0,HomePairsHeaderTitle
FNDA:0,(anonymous_11)
FNDA:0,(anonymous_12)
DA:1,2
DA:6,2
DA:7,2
DA:8,2
DA:22,2
DA:23,2
DA:45,2
DA:46,0
DA:60,0
DA:71,2
DA:77,0
DA:78,0
DA:82,0
DA:83,0
DA:86,2
DA:87,0
DA:88,0
DA:93,2
DA:94,0
DA:102,2
LF:20
LH:11
BRDA:77,0,0,0
BRDA:77,0,1,0
BRDA:80,1,0,0
BRDA:80,1,1,0
BRDA:89,2,0,0
BRDA:89,2,1,0
BRF:6
BRH:0
end_of_record
TN:
SF:/Users/eerongrant/csc402/2.0/homepairs/homepairsUI/src/Screens/Components/Modals/AuthenticationModals.tsx
FN:5,LoggingInModal
FN:9,CreatingAccountModal
FNF:2
FNH:0
FNDA:0,LoggingInModal
FNDA:0,CreatingAccountModal
DA:1,2
DA:2,2
DA:3,2
DA:6,0
DA:10,0
LF:5
LH:3
BRF:0
BRH:0
end_of_record
TN:
SF:/Users/eerongrant/csc402/2.0/homepairs/homepairsUI/src/Screens/Components/Modals/LoadingModal.tsx
FN:35,LoadingModal
FNF:1
FNH:0
FNDA:0,LoadingModal
DA:1,2
DA:2,2
DA:7,2
DA:15,2
DA:36,0
DA:37,0
LF:6
LH:4
BRF:0
BRH:0
end_of_record
TN:
SF:/Users/eerongrant/csc402/2.0/homepairs/homepairsUI/src/Screens/Components/Modals/AddNewPropertyModal/AddNewPropertyModal.tsx
FN:7,mapDispatchToProps
FN:8,onCreateProperty
FN:13,mapStateToProps
FNF:3
FNH:0
FNDA:0,mapDispatchToProps
FNDA:0,onCreateProperty
FNDA:0,mapStateToProps
DA:1,2
DA:2,2
DA:4,2
DA:7,2
DA:9,0
DA:14,0
DA:20,2
LF:7
LH:5
BRF:0
BRH:0
end_of_record
TN:
SF:/Users/eerongrant/csc402/2.0/homepairs/homepairsUI/src/Screens/Components/Modals/AddNewPropertyModal/AddNewPropertyModalBase.tsx
FN:51,setInputStyles
FN:131,(anonymous_7)
FN:174,AddNewPropertyModalBase
FN:148,onClick
FN:194,(anonymous_10)
FN:198,(anonymous_11)
FN:202,(anonymous_12)
FN:206,(anonymous_13)
FN:210,(anonymous_14)
FN:214,(anonymous_15)
FN:218,(anonymous_16)
FN:222,(anonymous_17)
FN:252,(anonymous_18)
FN:261,(anonymous_19)
FN:277,(anonymous_20)
FN:342,(anonymous_21)
FN:347,(anonymous_22)
FN:359,closeButtonPressedCallBack
FNF:18
FNH:1
FNDA:0,setInputStyles
FNDA:2,(anonymous_7)
FNDA:0,AddNewPropertyModalBase
FNDA:0,onClick
FNDA:0,(anonymous_10)
FNDA:0,(anonymous_11)
FNDA:0,(anonymous_12)
FNDA:0,(anonymous_13)
FNDA:0,(anonymous_14)
FNDA:0,(anonymous_15)
FNDA:0,(anonymous_16)
FNDA:0,(anonymous_17)
FNDA:0,(anonymous_18)
FNDA:0,(anonymous_19)
FNDA:0,(anonymous_20)
FNDA:0,(anonymous_21)
FNDA:0,(anonymous_22)
FNDA:0,closeButtonPressedCallBack
DA:1,2
DA:2,2
DA:3,2
DA:4,2
DA:5,2
DA:6,2
DA:7,2
DA:8,2
DA:39,2
DA:40,2
DA:42,2
DA:52,0
DA:53,0
DA:131,2
DA:146,0
DA:148,0
DA:175,0
DA:176,0
DA:177,0
DA:178,0
DA:179,0
DA:180,0
DA:181,0
DA:182,0
DA:183,0
DA:184,0
DA:185,0
DA:186,0
DA:187,0
DA:188,0
DA:189,0
DA:190,0
DA:191,0
DA:194,2
DA:195,0
DA:198,2
DA:199,0
DA:202,2
DA:203,0
DA:206,2
DA:207,0
DA:210,2
DA:211,0
DA:214,2
DA:215,0
DA:218,2
DA:219,0
DA:222,2
DA:223,0
DA:224,0
DA:225,0
DA:226,0
DA:227,0
DA:229,0
DA:230,0
DA:231,0
DA:233,0
DA:234,0
DA:235,0
DA:237,0
DA:238,0
DA:239,0
DA:241,0
DA:242,0
DA:243,0
DA:245,0
DA:246,0
DA:247,0
DA:249,0
DA:252,2
DA:253,0
DA:254,0
DA:255,0
DA:256,0
DA:257,0
DA:258,0
DA:261,2
DA:262,0
DA:263,0
DA:264,0
DA:265,0
DA:266,0
DA:272,0
DA:273,0
DA:277,2
DA:278,0
DA:279,0
DA:342,0
DA:343,0
DA:347,2
DA:348,0
DA:349,0
DA:350,0
DA:360,0
DA:361,0
DA:362,0
DA:374,2
LF:97
LH:25
BRDA:52,0,0,0
BRDA:52,0,1,0
BRDA:79,1,0,0
BRDA:79,1,1,0
BRDA:175,2,0,0
BRDA:175,2,1,0
BRDA:225,3,0,0
BRDA:225,3,1,0
BRDA:229,4,0,0
BRDA:229,4,1,0
BRDA:233,5,0,0
BRDA:233,5,1,0
BRDA:237,6,0,0
BRDA:237,6,1,0
BRDA:237,7,0,0
BRDA:237,7,1,0
BRDA:241,8,0,0
BRDA:241,8,1,0
BRDA:241,9,0,0
BRDA:241,9,1,0
BRDA:245,10,0,0
BRDA:245,10,1,0
BRDA:245,11,0,0
BRDA:245,11,1,0
BRDA:265,12,0,0
BRDA:265,12,1,0
BRF:26
BRH:0
end_of_record
TN:
SF:/Users/eerongrant/csc402/2.0/homepairs/homepairsUI/src/Screens/Components/Modals/EditPropertyModal/EditPropertyModal.tsx
FN:6,mapDispatchToProps
FN:7,onEditProperty
FN:12,mapStateToProps
FNF:3
FNH:0
FNDA:0,mapDispatchToProps
FNDA:0,onEditProperty
FNDA:0,mapStateToProps
DA:1,2
DA:2,2
DA:4,2
DA:6,2
DA:8,0
DA:13,0
DA:14,0
DA:21,2
LF:8
LH:5
BRF:0
BRH:0
end_of_record
TN:
SF:/Users/eerongrant/csc402/2.0/homepairs/homepairsUI/src/Screens/Components/Modals/EditPropertyModal/EditPropertyModalBase.tsx
FN:41,setInputStyles
FN:126,(anonymous_7)
FN:171,EditNewPropertyModalBase
FN:145,onClick
FN:198,(anonymous_10)
FN:202,(anonymous_11)
FN:206,(anonymous_12)
FN:210,(anonymous_13)
FN:214,(anonymous_14)
FN:218,(anonymous_15)
FN:222,(anonymous_16)
FN:233,(anonymous_17)
FN:263,(anonymous_18)
FN:272,(anonymous_19)
FN:288,(anonymous_20)
FN:353,(anonymous_21)
FN:358,(anonymous_22)
FN:373,closeButtonPressedCallBack
FNF:18
FNH:1
FNDA:0,setInputStyles
FNDA:2,(anonymous_7)
FNDA:0,EditNewPropertyModalBase
FNDA:0,onClick
FNDA:0,(anonymous_10)
FNDA:0,(anonymous_11)
FNDA:0,(anonymous_12)
FNDA:0,(anonymous_13)
FNDA:0,(anonymous_14)
FNDA:0,(anonymous_15)
FNDA:0,(anonymous_16)
FNDA:0,(anonymous_17)
FNDA:0,(anonymous_18)
FNDA:0,(anonymous_19)
FNDA:0,(anonymous_20)
FNDA:0,(anonymous_21)
FNDA:0,(anonymous_22)
FNDA:0,closeButtonPressedCallBack
DA:1,2
DA:2,2
DA:3,2
DA:4,2
DA:5,2
DA:6,2
DA:7,2
DA:8,2
DA:38,2
DA:39,2
DA:42,0
DA:43,0
DA:126,2
DA:143,0
DA:145,0
DA:172,0
DA:173,0
DA:174,0
DA:175,0
DA:176,0
DA:177,0
DA:178,0
DA:179,0
DA:180,0
DA:181,0
DA:182,0
DA:183,0
DA:184,0
DA:190,0
DA:191,0
DA:192,0
DA:193,0
DA:194,0
DA:195,0
DA:198,2
DA:199,0
DA:202,2
DA:203,0
DA:206,2
DA:207,0
DA:210,2
DA:211,0
DA:214,2
DA:215,0
DA:218,2
DA:219,0
DA:222,2
DA:223,0
DA:224,0
DA:225,0
DA:233,2
DA:234,0
DA:235,0
DA:236,0
DA:237,0
DA:238,0
DA:240,0
DA:241,0
DA:242,0
DA:244,0
DA:245,0
DA:246,0
DA:248,0
DA:249,0
DA:250,0
DA:252,0
DA:253,0
DA:254,0
DA:256,0
DA:257,0
DA:258,0
DA:260,0
DA:263,2
DA:264,0
DA:265,0
DA:266,0
DA:267,0
DA:268,0
DA:269,0
DA:272,2
DA:273,0
DA:274,0
DA:275,0
DA:276,0
DA:277,0
DA:283,0
DA:284,0
DA:288,2
DA:289,0
DA:290,0
DA:353,0
DA:354,0
DA:358,2
DA:359,0
DA:360,0
DA:361,0
DA:374,0
DA:375,0
DA:376,0
DA:385,2
LF:100
LH:24
BRDA:42,0,0,0
BRDA:42,0,1,0
BRDA:70,1,0,0
BRDA:70,1,1,0
BRDA:172,2,0,0
BRDA:172,2,1,0
BRDA:236,3,0,0
BRDA:236,3,1,0
BRDA:240,4,0,0
BRDA:240,4,1,0
BRDA:244,5,0,0
BRDA:244,5,1,0
BRDA:248,6,0,0
BRDA:248,6,1,0
BRDA:252,7,0,0
BRDA:252,7,1,0
BRDA:256,8,0,0
BRDA:256,8,1,0
BRDA:276,9,0,0
BRDA:276,9,1,0
BRF:20
BRH:0
end_of_record
TN:
SF:/Users/eerongrant/csc402/2.0/homepairs/homepairsUI/src/Screens/Components/Modals/ServiceRequestModal/PrefferedProviderModal.tsx
FN:6,PrefferedProviderModal
FN:12,closeButtonPressedCallBack
FNF:2
FNH:0
FNDA:0,PrefferedProviderModal
FNDA:0,closeButtonPressedCallBack
DA:1,2
DA:2,2
DA:8,0
DA:12,0
LF:4
LH:2
BRF:0
BRH:0
end_of_record
TN:
SF:/Users/eerongrant/csc402/2.0/homepairs/homepairsUI/src/Screens/Components/Modals/WithModal/WithModal.tsx
FN:48,setStyle
FN:106,withModal
FN:107,(anonymous_8)
FN:108,WithModalComponent
FN:119,(anonymous_10)
FN:126,(anonymous_11)
FN:134,(anonymous_12)
FN:138,(anonymous_13)
FN:142,(anonymous_14)
FNF:9
FNH:7
FNDA:1,setStyle
FNDA:1,withModal
FNDA:1,(anonymous_8)
FNDA:1,WithModalComponent
FNDA:1,(anonymous_10)
FNDA:0,(anonymous_11)
FNDA:3,(anonymous_12)
FNDA:0,(anonymous_13)
FNDA:4,(anonymous_14)
DA:1,2
DA:8,2
DA:9,2
DA:10,2
DA:11,2
DA:41,2
DA:49,1
DA:50,1
DA:107,1
DA:109,1
DA:110,1
DA:114,1
DA:115,1
DA:119,1
DA:120,1
DA:126,1
DA:127,0
DA:134,1
DA:135,3
DA:138,1
DA:139,0
DA:142,1
DA:143,4
DA:144,4
DA:159,1
LF:25
LH:23
BRDA:41,0,0,0
BRDA:41,0,1,2
BRDA:109,1,0,1
BRDA:109,1,1,1
BRF:4
BRH:3
end_of_record
TN:
SF:/Users/eerongrant/csc402/2.0/homepairs/homepairsUI/src/Screens/Components/SceneHeader/SceneHeader.tsx
FN:25,setStyle
FN:72,SceneHeader
FN:77,renderButton
FN:99,onButtonPress
FNF:4
FNH:0
FNDA:0,setStyle
FNDA:0,SceneHeader
FNDA:0,renderButton
FNDA:0,onButtonPress
DA:1,2
DA:2,2
DA:3,2
DA:4,2
DA:6,2
DA:26,0
DA:28,0
DA:73,0
DA:75,0
DA:78,0
DA:89,0
DA:97,2
LF:12
LH:6
BRDA:26,0,0,0
BRDA:26,0,1,0
BRDA:79,1,0,0
BRDA:79,1,1,0
BRF:4
BRH:0
end_of_record
TN:
SF:/Users/eerongrant/csc402/2.0/homepairs/homepairsUI/src/Screens/Components/SceneHeader/WithSceneHeader.tsx
FN:34,setStyle
FN:76,withSceneHeader
FN:79,(anonymous_8)
FN:81,ReduxComponentBase
FN:90,(anonymous_10)
FN:99,(anonymous_11)
FN:112,(anonymous_12)
FN:135,(anonymous_13)
FN:154,mapDispatchToProps
FN:156,onSetNavHeaderGoBackButton
FN:160,onCloseNavHeaderMenu
FNF:11
FNH:0
FNDA:0,setStyle
FNDA:0,withSceneHeader
FNDA:0,(anonymous_8)
FNDA:0,ReduxComponentBase
FNDA:0,(anonymous_10)
FNDA:0,(anonymous_11)
FNDA:0,(anonymous_12)
FNDA:0,(anonymous_13)
FNDA:0,mapDispatchToProps
FNDA:0,onSetNavHeaderGoBackButton
FNDA:0,onCloseNavHeaderMenu
DA:1,2
DA:2,2
DA:3,2
DA:11,2
DA:12,2
DA:14,2
DA:15,2
DA:16,2
DA:35,0
DA:36,0
DA:79,0
DA:82,0
DA:83,0
DA:84,0
DA:90,0
DA:91,0
DA:92,0
DA:99,0
DA:100,0
DA:101,0
DA:112,0
DA:113,0
DA:114,0
DA:115,0
DA:116,0
DA:135,0
DA:136,0
DA:150,0
DA:155,0
DA:157,0
DA:158,0
DA:161,0
DA:166,0
DA:167,0
LF:34
LH:8
BRDA:35,0,0,0
BRDA:35,0,1,0
BRDA:82,1,0,0
BRDA:82,1,1,0
BRDA:93,2,0,0
BRDA:93,2,1,0
BRDA:102,3,0,0
BRDA:102,3,1,0
BRDA:137,4,0,0
BRDA:137,4,1,0
BRF:10
BRH:0
end_of_record
TN:
SF:/Users/eerongrant/csc402/2.0/homepairs/homepairsUI/src/Screens/Components/ViewPropertyCard/ViewPropertyCard.tsx
FN:150,ViewPropertyCard
FN:158,sendIndexToParent
FN:163,renderImageContent
FN:182,renderThinButton
FN:206,viewButtonSelectedCallBack
FNF:5
FNH:0
FNDA:0,ViewPropertyCard
FNDA:0,sendIndexToParent
FNDA:0,renderImageContent
FNDA:0,renderThinButton
FNDA:0,viewButtonSelectedCallBack
DA:1,2
DA:2,2
DA:10,2
DA:13,2
DA:14,2
DA:15,2
DA:24,2
DA:137,2
DA:151,0
DA:152,0
DA:159,0
DA:164,0
DA:183,0
DA:193,0
DA:205,2
DA:206,0
LF:16
LH:9
BRDA:68,0,0,0
BRDA:68,0,1,2
BRDA:169,1,0,0
BRDA:169,1,1,0
BRF:4
BRH:1
end_of_record
TN:
SF:/Users/eerongrant/csc402/2.0/homepairs/homepairsUI/src/Screens/Components/WithDarkMode/WithDarkMode.tsx
FN:15,withDarkMode
FN:16,(anonymous_7)
FN:19,DarkMode
FN:26,(anonymous_9)
FN:32,mapStateToProps
FNF:5
FNH:2
FNDA:2,withDarkMode
FNDA:2,(anonymous_7)
FNDA:0,DarkMode
FNDA:0,(anonymous_9)
FNDA:0,mapStateToProps
DA:1,2
DA:2,2
DA:4,2
DA:16,2
DA:20,0
DA:21,0
DA:26,2
DA:27,0
DA:28,0
DA:30,2
DA:33,0
DA:36,2
LF:12
LH:7
BRDA:20,0,0,0
BRDA:20,0,1,0
BRDA:22,1,0,0
BRDA:22,1,1,0
BRF:4
BRH:0
end_of_record
TN:
SF:/Users/eerongrant/csc402/2.0/homepairs/homepairsUI/src/Screens/Main/index.tsx
FNF:0
FNH:0
DA:1,0
DA:2,0
DA:3,0
DA:5,0
DA:6,0
LF:5
LH:0
BRF:0
BRH:0
end_of_record
TN:
SF:/Users/eerongrant/csc402/2.0/homepairs/homepairsUI/src/Screens/Main/Account/index.tsx
FNF:0
FNH:0
DA:1,0
DA:3,0
DA:4,0
LF:3
LH:0
BRF:0
BRH:0
end_of_record
TN:
SF:/Users/eerongrant/csc402/2.0/homepairs/homepairsUI/src/Screens/Main/Account/AccountScreen/AccountScreen.tsx
FN:17,mapStateToProps
FN:21,mapDispatchToProps
FN:24,onConnectRoopairsAccount
FN:27,onDisconnectRoopairsAccount
FNF:4
FNH:0
FNDA:0,mapStateToProps
FNDA:0,mapDispatchToProps
FNDA:0,onConnectRoopairsAccount
FNDA:0,onDisconnectRoopairsAccount
DA:2,0
DA:4,0
DA:5,0
DA:6,0
DA:11,0
DA:18,0
DA:21,0
DA:23,0
DA:32,0
DA:37,0
LF:10
LH:0
BRF:0
BRH:0
end_of_record
TN:
SF:/Users/eerongrant/csc402/2.0/homepairs/homepairsUI/src/Screens/Main/Account/AccountScreen/AccountScreenBase.tsx
FN:25,(anonymous_6)
FN:26,(anonymous_8)
FN:31,(anonymous_9)
FN:36,(anonymous_10)
FN:43,connectAccountCallBack
FN:50,disconnectAccountCallBack
FNF:6
FNH:0
FNDA:0,(anonymous_6)
FNDA:0,(anonymous_8)
FNDA:0,(anonymous_9)
FNDA:0,(anonymous_10)
FNDA:0,connectAccountCallBack
FNDA:0,disconnectAccountCallBack
DA:1,0
DA:2,0
DA:8,0
DA:11,0
DA:25,0
DA:26,0
DA:28,0
DA:31,0
DA:33,0
DA:36,0
DA:37,0
DA:38,0
DA:41,0
DA:43,0
DA:48,0
DA:50,0
DA:55,0
LF:17
LH:0
BRDA:25,0,0,0
BRDA:25,0,1,0
BRDA:25,0,2,0
BRDA:38,1,0,0
BRDA:38,1,1,0
BRF:5
BRH:0
end_of_record
TN:
SF:/Users/eerongrant/csc402/2.0/homepairs/homepairsUI/src/Screens/Main/Properties/index.tsx
FNF:0
FNH:0
DA:1,0
DA:2,0
DA:3,0
DA:5,0
DA:6,0
LF:5
LH:0
BRF:0
BRH:0
end_of_record
TN:
SF:/Users/eerongrant/csc402/2.0/homepairs/homepairsUI/src/Screens/Main/Properties/DetailedPropertiesScreen/DetailedPropertyScreen.tsx
FN:10,mapStateToProps
FNF:1
FNH:0
FNDA:0,mapStateToProps
DA:2,0
DA:3,0
DA:4,0
DA:5,0
DA:6,0
DA:11,0
DA:12,0
DA:17,0
DA:21,0
DA:22,0
DA:23,0
LF:11
LH:0
BRF:0
BRH:0
end_of_record
TN:
SF:/Users/eerongrant/csc402/2.0/homepairs/homepairsUI/src/Screens/Main/Properties/DetailedPropertiesScreen/DetailedPropertyScreenBase.tsx
FN:34,setStyles
FN:97,DetailedPropertyScreenBase
FN:110,renderImage
FN:115,renderGeneralHomeInfo
FN:125,renderContents
FNF:5
FNH:0
FNDA:0,setStyles
FNDA:0,DetailedPropertyScreenBase
FNDA:0,renderImage
FNDA:0,renderGeneralHomeInfo
FNDA:0,renderContents
DA:1,0
DA:2,0
DA:11,0
DA:12,0
DA:18,0
DA:24,0
DA:32,0
DA:35,0
DA:36,0
DA:98,0
DA:99,0
DA:101,0
DA:111,0
DA:112,0
DA:116,0
DA:126,0
DA:146,0
DA:159,0
LF:18
LH:0
BRDA:35,0,0,0
BRDA:35,0,1,0
BRDA:105,1,0,0
BRDA:105,1,1,0
BRDA:147,2,0,0
BRDA:147,2,1,0
BRF:6
BRH:0
end_of_record
TN:
SF:/Users/eerongrant/csc402/2.0/homepairs/homepairsUI/src/Screens/Main/Properties/PropertiesScreen/PropertiesScreen.tsx
FN:23,mapStateToProps
FN:29,mapDispatchToProps
FN:33,onRevealGoBack
FN:37,onSelectProperty
FNF:4
FNH:0
FNDA:0,mapStateToProps
FNDA:0,mapDispatchToProps
FNDA:0,onRevealGoBack
FNDA:0,onSelectProperty
DA:2,0
DA:3,0
DA:8,0
DA:9,0
DA:10,0
DA:15,0
DA:24,0
DA:31,0
DA:34,0
DA:38,0
DA:42,0
DA:47,0
DA:48,0
DA:59,0
DA:61,0
LF:15
LH:0
BRF:0
BRH:0
end_of_record
TN:
SF:/Users/eerongrant/csc402/2.0/homepairs/homepairsUI/src/Screens/Main/Properties/PropertiesScreen/PropertiesScreenBase.tsx
FN:34,(anonymous_6)
FN:35,PropertiesScreenBase
FN:40,(anonymous_8)
FN:47,(anonymous_9)
FN:51,(anonymous_10)
FNF:5
FNH:0
FNDA:0,(anonymous_6)
FNDA:0,PropertiesScreenBase
FNDA:0,(anonymous_8)
FNDA:0,(anonymous_9)
FNDA:0,(anonymous_10)
DA:1,0
DA:4,0
DA:34,0
DA:36,0
DA:37,0
DA:40,0
DA:41,0
DA:42,0
DA:43,0
DA:44,0
DA:47,0
DA:48,0
DA:49,0
DA:50,0
DA:51,0
DA:52,0
DA:53,0
DA:54,0
DA:64,0
LF:19
LH:0
BRDA:36,0,0,0
BRDA:36,0,1,0
BRF:2
BRH:0
end_of_record
TN:
SF:/Users/eerongrant/csc402/2.0/homepairs/homepairsUI/src/Screens/Main/Properties/TenantPropertyScreen/TenantPropertyScreen.tsx
FN:9,mapStateToProps
FN:13,mapDispatchToProps
FN:16,onRevealGoBack
FNF:3
FNH:0
FNDA:0,mapStateToProps
FNDA:0,mapDispatchToProps
FNDA:0,onRevealGoBack
DA:2,0
DA:3,0
DA:4,0
DA:5,0
DA:6,0
DA:10,0
DA:15,0
DA:17,0
DA:21,0
DA:26,0
LF:10
LH:0
BRF:0
BRH:0
end_of_record
TN:
SF:/Users/eerongrant/csc402/2.0/homepairs/homepairsUI/src/Screens/Main/Properties/TenantPropertyScreen/TenantPropertyScreenBase.tsx
FN:30,setStyles
FN:94,TenantPropertyScreenBase
FN:101,renderContents
FNF:3
FNH:0
FNDA:0,setStyles
FNDA:0,TenantPropertyScreenBase
FNDA:0,renderContents
DA:1,0
DA:2,0
DA:10,0
DA:11,0
DA:12,0
DA:14,0
DA:15,0
DA:16,0
DA:18,0
DA:28,0
DA:31,0
DA:32,0
DA:95,0
DA:96,0
DA:98,0
DA:99,0
DA:102,0
DA:103,0
DA:124,0
LF:19
LH:0
BRDA:31,0,0,0
BRDA:31,0,1,0
BRDA:114,1,0,0
BRDA:114,1,1,0
BRDA:127,2,0,0
BRDA:127,2,1,0
BRF:6
BRH:0
end_of_record
TN:
SF:/Users/eerongrant/csc402/2.0/homepairs/homepairsUI/src/Screens/Main/ServiceRequest/index.tsx
FNF:0
FNH:0
DA:1,0
DA:2,0
DA:4,0
DA:5,0
LF:4
LH:0
BRF:0
BRH:0
end_of_record
TN:
SF:/Users/eerongrant/csc402/2.0/homepairs/homepairsUI/src/Screens/Main/ServiceRequest/NewRequest/NewRequestScreen.tsx
FN:17,mapStateToProps
FN:24,mapDispatchToProps
FNF:2
FNH:0
FNDA:0,mapStateToProps
FNDA:0,mapDispatchToProps
DA:2,0
DA:3,0
DA:5,0
DA:6,0
DA:11,0
DA:18,0
DA:24,0
DA:28,0
DA:35,0
DA:39,0
LF:10
LH:0
BRF:0
BRH:0
end_of_record
TN:
SF:/Users/eerongrant/csc402/2.0/homepairs/homepairsUI/src/Screens/Main/ServiceRequest/NewRequest/NewRequestScreenBase.tsx
FN:14,NewRequestScreenBase
FNF:1
FNH:0
FNDA:0,NewRequestScreenBase
DA:1,0
DA:4,0
DA:5,0
DA:12,0
DA:16,0
LF:5
LH:0
BRF:0
BRH:0
end_of_record
TN:
SF:/Users/eerongrant/csc402/2.0/homepairs/homepairsUI/src/Screens/Main/ServiceRequest/ServiceRequestScreen/ServiceRequestScreen.tsx
FN:17,onNavButtonClick
FN:24,mapStateToProps
FN:32,mapDispatchToProps
FNF:3
FNH:0
FNDA:0,onNavButtonClick
FNDA:0,mapStateToProps
FNDA:0,mapDispatchToProps
DA:2,0
DA:3,0
DA:4,0
DA:5,0
DA:6,0
DA:11,0
DA:12,0
DA:18,0
DA:19,0
DA:25,0
DA:32,0
DA:36,0
DA:43,0
DA:47,0
LF:14
LH:0
BRF:0
BRH:0
end_of_record
TN:
SF:/Users/eerongrant/csc402/2.0/homepairs/homepairsUI/src/Screens/Main/ServiceRequest/ServiceRequestScreen/ServiceRequestScreenBase.tsx
FN:15,ServiceRequestScreenBase
FNF:1
FNH:0
FNDA:0,ServiceRequestScreenBase
DA:1,0
DA:4,0
DA:14,0
DA:18,0
LF:4
LH:0
BRF:0
BRH:0
end_of_record
TN:
SF:/Users/eerongrant/csc402/2.0/homepairs/homepairsUI/src/state/actions.ts
FNF:0
FNH:0
DA:1,8
DA:2,8
DA:3,8
DA:4,8
DA:8,8
LF:5
LH:5
BRF:0
BRH:0
end_of_record
TN:
SF:/Users/eerongrant/csc402/2.0/homepairs/homepairsUI/src/state/store.ts
FNF:0
FNH:0
DA:1,0
DA:2,0
DA:3,0
DA:5,0
DA:6,0
DA:7,0
DA:8,0
DA:9,0
DA:11,0
LF:9
LH:0
BRF:0
BRH:0
end_of_record
TN:
SF:/Users/eerongrant/csc402/2.0/homepairs/homepairsUI/src/state/types.ts
FN:59,(anonymous_0)
FN:107,(anonymous_1)
FN:113,(anonymous_2)
FN:297,(anonymous_3)
FN:308,(anonymous_4)
FN:324,(anonymous_5)
FN:329,(anonymous_6)
FN:338,(anonymous_7)
FNF:8
FNH:8
FNDA:14,(anonymous_0)
FNDA:14,(anonymous_1)
FNDA:14,(anonymous_2)
FNDA:14,(anonymous_3)
FNDA:14,(anonymous_4)
FNDA:14,(anonymous_5)
FNDA:14,(anonymous_6)
FNDA:14,(anonymous_7)
DA:1,14
DA:59,14
DA:60,14
DA:61,14
DA:107,14
DA:108,14
DA:109,14
DA:110,14
DA:113,14
DA:114,14
DA:115,14
DA:116,14
DA:117,14
DA:118,14
DA:297,14
DA:298,14
DA:299,14
DA:300,14
DA:301,14
DA:302,14
DA:303,14
DA:304,14
DA:305,14
DA:308,14
DA:309,14
DA:310,14
DA:311,14
DA:312,14
DA:313,14
DA:314,14
DA:315,14
DA:316,14
DA:317,14
DA:318,14
DA:319,14
DA:320,14
DA:321,14
DA:324,14
DA:325,14
DA:326,14
DA:329,14
DA:330,14
DA:331,14
DA:332,14
DA:333,14
DA:334,14
DA:335,14
DA:338,14
DA:339,14
DA:340,14
DA:341,14
DA:342,14
DA:343,14
DA:344,14
DA:347,14
LF:55
LH:55
BRDA:59,0,0,14
BRDA:59,0,1,14
BRDA:107,1,0,14
BRDA:107,1,1,14
BRDA:113,2,0,14
BRDA:113,2,1,14
BRDA:297,3,0,14
BRDA:297,3,1,14
BRDA:308,4,0,14
BRDA:308,4,1,14
BRDA:324,5,0,14
BRDA:324,5,1,14
BRDA:329,6,0,14
BRDA:329,6,1,14
BRDA:338,7,0,14
BRDA:338,7,1,14
BRF:16
BRH:16
end_of_record
TN:
SF:/Users/eerongrant/csc402/2.0/homepairs/homepairsUI/src/state/account/actions.tsx
FN:39,ChooseMainPage
FN:58,getAccountType
FN:77,fetchAccountProfile
FN:124,fetchAccount
FN:125,modalSetOffCallBack
FN:126,(anonymous_20)
FN:126,(anonymous_21)
FN:132,(anonymous_23)
FN:147,(anonymous_24)
FN:150,(anonymous_25)
FN:167,generateAccountForTenant
FN:168,(anonymous_27)
FN:168,(anonymous_28)
FN:177,(anonymous_30)
FN:186,(anonymous_31)
FN:204,generateAccountForPM
FN:205,(anonymous_33)
FN:205,(anonymous_34)
FN:212,(anonymous_36)
FN:221,(anonymous_37)
FNF:20
FNH:2
FNDA:0,ChooseMainPage
FNDA:5,getAccountType
FNDA:5,fetchAccountProfile
FNDA:0,fetchAccount
FNDA:0,modalSetOffCallBack
FNDA:0,(anonymous_20)
FNDA:0,(anonymous_21)
FNDA:0,(anonymous_23)
FNDA:0,(anonymous_24)
FNDA:0,(anonymous_25)
FNDA:0,generateAccountForTenant
FNDA:0,(anonymous_27)
FNDA:0,(anonymous_28)
FNDA:0,(anonymous_30)
FNDA:0,(anonymous_31)
FNDA:0,generateAccountForPM
FNDA:0,(anonymous_33)
FNDA:0,(anonymous_34)
FNDA:0,(anonymous_36)
FNDA:0,(anonymous_37)
DA:1,8
DA:2,8
DA:12,8
DA:14,8
DA:15,8
DA:16,8
DA:17,8
DA:18,8
DA:20,8
DA:41,0
DA:42,0
DA:43,0
DA:45,0
DA:59,5
DA:60,3
DA:62,2
DA:77,8
DA:78,5
DA:79,5
DA:81,5
DA:90,5
DA:91,3
DA:95,3
DA:96,3
DA:98,2
DA:102,2
DA:105,5
DA:124,8
DA:125,0
DA:126,0
DA:128,0
DA:133,0
DA:134,0
DA:135,0
DA:136,0
DA:137,0
DA:140,0
DA:142,0
DA:144,0
DA:148,0
DA:167,8
DA:168,0
DA:169,0
DA:178,0
DA:179,0
DA:180,0
DA:181,0
DA:183,0
DA:187,0
DA:204,8
DA:205,0
DA:206,0
DA:213,0
DA:214,0
DA:215,0
DA:216,0
DA:218,0
DA:222,0
LF:58
LH:26
BRDA:41,0,0,0
BRDA:41,0,1,0
BRDA:59,1,0,3
BRDA:59,1,1,2
BRDA:79,2,0,3
BRDA:79,2,1,2
BRDA:90,3,0,3
BRDA:90,3,1,2
BRDA:125,4,0,0
BRDA:125,4,1,0
BRDA:134,5,0,0
BRDA:134,5,1,0
BRDA:136,6,0,0
BRDA:136,6,1,0
BRDA:178,7,0,0
BRDA:178,7,1,0
BRDA:213,8,0,0
BRDA:213,8,1,0
BRF:18
BRH:6
end_of_record
TN:
SF:/Users/eerongrant/csc402/2.0/homepairs/homepairsUI/src/state/account/reducer.tsx
FN:29,accountProfile
FNF:1
FNH:1
FNDA:4,accountProfile
DA:13,1
DA:16,1
DA:29,1
DA:30,4
DA:34,4
DA:35,4
DA:38,2
DA:39,2
DA:41,2
LF:9
LH:9
BRDA:30,0,0,2
BRDA:30,0,1,2
BRDA:36,1,0,2
BRDA:36,1,1,2
BRF:4
BRH:4
end_of_record
TN:
SF:/Users/eerongrant/csc402/2.0/homepairs/homepairsUI/src/state/header/actions.tsx
FN:9,(anonymous_0)
FN:24,toggleMenu
FN:38,switchDropdownNavbar
FN:52,showGoBackButton
FN:67,updateSelectedPage
FNF:5
FNH:5
FNDA:9,(anonymous_0)
FNDA:2,toggleMenu
FNDA:2,switchDropdownNavbar
FNDA:2,showGoBackButton
FNDA:1,updateSelectedPage
DA:9,9
DA:10,9
DA:11,9
DA:12,9
DA:13,9
DA:24,9
DA:25,2
DA:38,9
DA:39,2
DA:52,9
DA:53,2
DA:67,9
DA:68,1
LF:13
LH:13
BRDA:9,0,0,9
BRDA:9,0,1,9
BRF:2
BRH:2
end_of_record
TN:
SF:/Users/eerongrant/csc402/2.0/homepairs/homepairsUI/src/state/header/reducer.tsx
FN:21,determineInitialIsDropDown
FN:41,header
FNF:2
FNH:2
FNDA:1,determineInitialIsDropDown
FNDA:5,header
DA:1,1
DA:2,1
DA:3,1
DA:12,1
DA:13,1
DA:22,1
DA:23,1
DA:24,0
DA:25,1
DA:28,1
DA:41,1
DA:42,5
DA:46,5
DA:47,5
DA:49,1
DA:50,1
DA:52,1
DA:53,1
DA:55,1
DA:56,1
DA:58,1
DA:59,1
DA:61,1
LF:23
LH:22
BRDA:23,0,0,0
BRDA:23,0,1,1
BRDA:42,1,0,2
BRDA:42,1,1,3
BRDA:48,2,0,1
BRDA:48,2,1,1
BRDA:48,2,2,1
BRDA:48,2,3,1
BRDA:48,2,4,1
BRF:9
BRH:8
end_of_record
TN:
SF:/Users/eerongrant/csc402/2.0/homepairs/homepairsUI/src/state/property-list/actions.tsx
FN:27,(anonymous_13)
FN:45,setSelectedProperty
FN:60,addProperty
FN:76,postNewProperty
FN:82,(anonymous_17)
FN:82,(anonymous_18)
FN:95,(anonymous_20)
FN:104,(anonymous_21)
FN:119,updateProperty
FN:140,postUpdatedProperty
FN:144,(anonymous_24)
FN:144,(anonymous_25)
FN:157,(anonymous_27)
FN:164,(anonymous_28)
FN:177,removeProperty
FN:193,fetchProperty
FN:219,fetchProperties
FN:223,(anonymous_32)
FNF:18
FNH:13
FNDA:8,(anonymous_13)
FNDA:0,setSelectedProperty
FNDA:1,addProperty
FNDA:3,postNewProperty
FNDA:3,(anonymous_17)
FNDA:3,(anonymous_18)
FNDA:2,(anonymous_20)
FNDA:1,(anonymous_21)
FNDA:1,updateProperty
FNDA:3,postUpdatedProperty
FNDA:3,(anonymous_24)
FNDA:3,(anonymous_25)
FNDA:2,(anonymous_27)
FNDA:1,(anonymous_28)
FNDA:0,removeProperty
FNDA:0,fetchProperty
FNDA:0,fetchProperties
FNDA:0,(anonymous_32)
DA:1,8
DA:2,8
DA:15,8
DA:16,8
DA:27,8
DA:28,8
DA:29,8
DA:30,8
DA:31,8
DA:32,8
DA:33,8
DA:45,8
DA:46,0
DA:60,8
DA:61,1
DA:76,8
DA:82,3
DA:83,6
DA:96,2
DA:97,1
DA:98,1
DA:99,1
DA:119,8
DA:120,1
DA:140,8
DA:144,3
DA:145,3
DA:158,2
DA:159,1
DA:160,1
DA:177,8
DA:179,0
DA:193,8
DA:194,0
DA:195,0
DA:203,0
DA:204,0
DA:219,8
DA:222,0
DA:223,0
DA:224,0
DA:233,0
LF:42
LH:32
BRDA:27,0,0,8
BRDA:27,0,1,8
BRDA:96,1,0,1
BRDA:96,1,1,1
BRDA:158,2,0,1
BRDA:158,2,1,1
BRDA:223,3,0,0
BRDA:223,3,1,0
BRDA:223,4,0,0
BRDA:223,4,1,0
BRF:10
BRH:6
end_of_record
TN:
SF:/Users/eerongrant/csc402/2.0/homepairs/homepairsUI/src/state/property-list/reducer.tsx
FN:26,properties
FN:48,(anonymous_4)
FN:57,(anonymous_5)
FNF:3
FNH:3
FNDA:10,properties
FNDA:3,(anonymous_4)
FNDA:3,(anonymous_5)
DA:11,1
DA:21,1
DA:26,1
DA:27,10
DA:31,10
DA:32,10
DA:33,10
DA:34,10
DA:36,10
DA:39,2
DA:40,2
DA:41,2
DA:46,1
DA:47,1
DA:48,3
DA:50,1
DA:55,1
DA:56,1
DA:57,1
DA:58,3
DA:60,2
DA:63,1
DA:68,1
DA:73,1
DA:78,1
DA:83,2
DA:88,2
LF:27
LH:27
BRDA:27,0,0,4
BRDA:27,0,1,6
BRDA:37,1,0,2
BRDA:37,1,1,1
BRDA:37,1,2,1
BRDA:37,1,3,1
BRDA:37,1,4,1
BRDA:37,1,5,2
BRDA:37,1,6,2
BRDA:58,2,0,2
BRDA:58,2,1,1
BRF:11
BRH:11
end_of_record
TN:
SF:/Users/eerongrant/csc402/2.0/homepairs/homepairsUI/src/state/service/actions.tsx
FN:22,requestServiceAction
FN:35,acceptServiceAction
FN:43,denyServiceAction
FN:51,cancelServiceAction
FN:59,completeServiceAction
FNF:5
FNH:0
FNDA:0,requestServiceAction
FNDA:0,acceptServiceAction
FNDA:0,denyServiceAction
FNDA:0,cancelServiceAction
FNDA:0,completeServiceAction
DA:1,8
DA:14,8
DA:22,8
DA:24,0
DA:29,0
DA:35,8
DA:37,0
DA:43,8
DA:45,0
DA:51,8
DA:53,0
DA:59,8
DA:61,0
LF:13
LH:7
BRF:0
BRH:0
end_of_record
TN:
SF:/Users/eerongrant/csc402/2.0/homepairs/homepairsUI/src/state/service/reducer.tsx
FN:13,serviceRequests
FNF:1
FNH:0
FNDA:0,serviceRequests
DA:5,0
DA:7,0
DA:13,0
DA:14,0
DA:17,0
DA:18,0
DA:21,0
DA:24,0
DA:27,0
DA:30,0
DA:33,0
DA:35,0
LF:12
LH:0
BRDA:14,0,0,0
BRDA:14,0,1,0
BRDA:19,1,0,0
BRDA:19,1,1,0
BRDA:19,1,2,0
BRDA:19,1,3,0
BRDA:19,1,4,0
BRDA:19,1,5,0
BRF:8
BRH:0
end_of_record
TN:
SF:/Users/eerongrant/csc402/2.0/homepairs/homepairsUI/src/state/settings/actions.tsx
FN:11,toggleDarkModeActivation
FN:18,toggleNotificationActivation
FNF:2
FNH:0
FNDA:0,toggleDarkModeActivation
FNDA:0,toggleNotificationActivation
DA:6,0
DA:11,0
DA:12,0
DA:18,0
DA:19,0
LF:5
LH:0
BRF:0
BRH:0
end_of_record
TN:
SF:/Users/eerongrant/csc402/2.0/homepairs/homepairsUI/src/state/settings/reducer.tsx
FN:14,settings
FNF:1
FNH:0
FNDA:0,settings
DA:7,0
DA:9,0
DA:14,0
DA:15,0
DA:18,0
DA:19,0
DA:21,0
DA:22,0
DA:24,0
DA:25,0
DA:27,0
LF:11
LH:0
BRDA:15,0,0,0
BRDA:15,0,1,0
BRDA:20,1,0,0
BRDA:20,1,1,0
BRDA:20,1,2,0
BRF:5
BRH:0
end_of_record
TN:
SF:/Users/eerongrant/csc402/2.0/homepairs/homepairsUI/src/utility/ParameterChecker.tsx
FN:9,isNullOrUndefined
FNF:1
FNH:1
FNDA:9,isNullOrUndefined
DA:10,9
DA:23,4
DA:24,4
LF:3
LH:3
BRDA:10,0,0,9
BRDA:10,0,1,3
BRF:2
BRH:2
end_of_record
TN:
SF:/Users/eerongrant/csc402/2.0/homepairs/homepairsUI/src/utility/index.tsx
FNF:0
FNH:0
DA:1,4
DA:2,4
DA:3,4
DA:4,4
DA:5,4
DA:6,4
LF:6
LH:6
BRF:0
BRH:0
end_of_record
TN:
SF:/Users/eerongrant/csc402/2.0/homepairs/homepairsUI/src/utility/SyntaxVerification/AlphaCharacterVerification.tsx
FN:12,isAlphaCharacterOnly
FNF:1
FNH:1
FNDA:15,isAlphaCharacterOnly
DA:2,4
DA:13,15
LF:2
LH:2
BRF:0
BRH:0
end_of_record
TN:
SF:/Users/eerongrant/csc402/2.0/homepairs/homepairsUI/src/utility/SyntaxVerification/EmailSyntaxVerification.tsx
FN:20,isEmailSyntaxValid
FNF:1
FNH:1
FNDA:6,isEmailSyntaxValid
DA:4,4
DA:23,6
LF:2
LH:2
BRF:0
BRH:0
end_of_record
TN:
SF:/Users/eerongrant/csc402/2.0/homepairs/homepairsUI/src/utility/SyntaxVerification/EmptyStringVerification.tsx
FN:11,isEmptyOrSpaces
FN:25,isPositiveWholeNumber
FNF:2
FNH:2
FNDA:16,isEmptyOrSpaces
FNDA:13,isPositiveWholeNumber
DA:12,16
DA:26,13
LF:2
LH:2
BRDA:12,0,0,16
BRDA:12,0,1,15
BRDA:26,1,0,13
BRDA:26,1,1,13
BRF:4
BRH:4
end_of_record
TN:
SF:/Users/eerongrant/csc402/2.0/homepairs/homepairsUI/src/utility/SyntaxVerification/PasswordVerification.tsx
FN:14,isPasswordValid
FNF:1
FNH:1
FNDA:10,isPasswordValid
DA:1,4
DA:15,10
LF:2
LH:2
BRF:0
BRH:0
end_of_record
TN:
SF:/Users/eerongrant/csc402/2.0/homepairs/homepairsUI/src/utility/SyntaxVerification/PhoneNumberVerification.tsx
FN:24,isPhoneNumberValid
FNF:1
FNH:1
FNDA:23,isPhoneNumberValid
DA:4,4
DA:25,23
LF:2
LH:2
BRF:0
BRH:0
end_of_record
